<?xml version="1.0" encoding="UTF-8"?>
<coverage generated="1786818862232" clover="3.2.0">
  <project timestamp="1786818862232" name="All files">
    <metrics statements="400" coveredstatements="363" conditionals="312" coveredconditionals="267" methods="118" coveredmethods="105" elements="830" coveredelements="735" complexity="0" loc="400" ncloc="400" packages="2" files="5" classes="5"/>
    <package name="components.composer">
      <metrics statements="160" coveredstatements="138" conditionals="170" coveredconditionals="139" methods="42" coveredmethods="34"/>
      <file name="Composer.tsx" path="/home/rmholston/dev/tektos-ultima-v1/frontend/src/components/composer/Composer.tsx">
        <metrics statements="127" coveredstatements="105" conditionals="141" coveredconditionals="111" methods="28" coveredmethods="20"/>
        <line num="15" count="1" type="stmt"/>
        <line num="22" count="1" type="stmt"/>
        <line num="23" count="1" type="stmt"/>
        <line num="44" count="46" type="stmt"/>
        <line num="58" count="202" type="stmt"/>
        <line num="59" count="202" type="stmt"/>
        <line num="60" count="202" type="stmt"/>
        <line num="61" count="202" type="stmt"/>
        <line num="62" count="202" type="stmt"/>
        <line num="63" count="202" type="stmt"/>
        <line num="64" count="202" type="stmt"/>
        <line num="65" count="202" type="stmt"/>
        <line num="66" count="202" type="stmt"/>
        <line num="67" count="202" type="stmt"/>
        <line num="68" count="202" type="stmt"/>
        <line num="71" count="202" type="stmt"/>
        <line num="72" count="202" type="stmt"/>
        <line num="74" count="202" type="stmt"/>
        <line num="75" count="63" type="stmt"/>
        <line num="76" count="63" type="cond" truecount="5" falsecount="0"/>
        <line num="79" count="60" type="stmt"/>
        <line num="80" count="60" type="stmt"/>
        <line num="82" count="60" type="stmt"/>
        <line num="84" count="60" type="stmt"/>
        <line num="86" count="60" type="stmt"/>
        <line num="87" count="60" type="stmt"/>
        <line num="88" count="60" type="stmt"/>
        <line num="89" count="60" type="stmt"/>
        <line num="90" count="60" type="stmt"/>
        <line num="93" count="202" type="stmt"/>
        <line num="96" count="71" type="cond" truecount="4" falsecount="0"/>
        <line num="97" count="3" type="stmt"/>
        <line num="98" count="3" type="cond" truecount="1" falsecount="1"/>
        <line num="99" count="3" type="stmt"/>
        <line num="100" count="3" type="stmt"/>
        <line num="102" count="3" type="stmt"/>
        <line num="105" count="68" type="cond" truecount="2" falsecount="0"/>
        <line num="106" count="1" type="stmt"/>
        <line num="118" count="1" type="stmt"/>
        <line num="120" count="67" type="cond" truecount="4" falsecount="0"/>
        <line num="121" count="62" type="stmt"/>
        <line num="122" count="62" type="stmt"/>
        <line num="124" count="67" type="cond" truecount="5" falsecount="0"/>
        <line num="125" count="1" type="stmt"/>
        <line num="126" count="1" type="stmt"/>
        <line num="129" count="67" type="cond" truecount="6" falsecount="0"/>
        <line num="130" count="1" type="stmt"/>
        <line num="131" count="1" type="stmt"/>
        <line num="134" count="67" type="cond" truecount="6" falsecount="0"/>
        <line num="135" count="1" type="stmt"/>
        <line num="136" count="1" type="stmt"/>
        <line num="143" count="202" type="stmt"/>
        <line num="144" count="176" type="cond" truecount="1" falsecount="1"/>
        <line num="145" count="176" type="stmt"/>
        <line num="146" count="176" type="stmt"/>
        <line num="154" count="202" type="stmt"/>
        <line num="155" count="46" type="cond" truecount="2" falsecount="0"/>
        <line num="156" count="39" type="stmt"/>
        <line num="157" count="39" type="stmt"/>
        <line num="159" count="7" type="stmt"/>
        <line num="160" count="6" type="stmt"/>
        <line num="162" count="7" type="stmt"/>
        <line num="165" count="202" type="stmt"/>
        <line num="166" count="36" type="stmt"/>
        <line num="167" count="36" type="stmt"/>
        <line num="168" count="36" type="stmt"/>
        <line num="171" count="202" type="stmt"/>
        <line num="172" count="69" type="stmt"/>
        <line num="173" count="69" type="stmt"/>
        <line num="174" count="69" type="stmt"/>
        <line num="175" count="69" type="stmt"/>
        <line num="178" count="202" type="stmt"/>
        <line num="179" count="1" type="stmt"/>
        <line num="182" count="202" type="stmt"/>
        <line num="183" count="1" type="cond" truecount="1" falsecount="1"/>
        <line num="184" count="1" type="cond" truecount="3" falsecount="1"/>
        <line num="185" count="1" type="stmt"/>
        <line num="187" count="1" type="stmt"/>
        <line num="191" count="202" type="stmt"/>
        <line num="192" count="0" type="stmt"/>
        <line num="195" count="202" type="stmt"/>
        <line num="196" count="0" type="cond" truecount="0" falsecount="2"/>
        <line num="197" count="0" type="cond" truecount="0" falsecount="2"/>
        <line num="199" count="0" type="stmt"/>
        <line num="200" count="0" type="cond" truecount="0" falsecount="2"/>
        <line num="202" count="0" type="stmt"/>
        <line num="203" count="0" type="stmt"/>
        <line num="204" count="0" type="stmt"/>
        <line num="205" count="0" type="stmt"/>
        <line num="207" count="0" type="stmt"/>
        <line num="208" count="0" type="stmt"/>
        <line num="211" count="202" type="stmt"/>
        <line num="212" count="0" type="cond" truecount="0" falsecount="5"/>
        <line num="214" count="0" type="stmt"/>
        <line num="215" count="0" type="stmt"/>
        <line num="216" count="0" type="stmt"/>
        <line num="219" count="202" type="stmt"/>
        <line num="220" count="0" type="stmt"/>
        <line num="221" count="0" type="stmt"/>
        <line num="222" count="0" type="stmt"/>
        <line num="225" count="202" type="stmt"/>
        <line num="226" count="0" type="stmt"/>
        <line num="230" count="202" type="stmt"/>
        <line num="231" count="202" type="cond" truecount="2" falsecount="0"/>
        <line num="232" count="202" type="cond" truecount="2" falsecount="0"/>
        <line num="233" count="202" type="cond" truecount="2" falsecount="0"/>
        <line num="235" count="202" type="stmt"/>
        <line num="236" count="167" type="cond" truecount="2" falsecount="0"/>
        <line num="237" count="159" type="stmt"/>
        <line num="240" count="202" type="stmt"/>
        <line num="241" count="85" type="cond" truecount="2" falsecount="0"/>
        <line num="242" count="4" type="cond" truecount="2" falsecount="0"/>
        <line num="243" count="2" type="stmt"/>
        <line num="246" count="202" type="stmt"/>
        <line num="247" count="85" type="cond" truecount="2" falsecount="0"/>
        <line num="248" count="4" type="cond" truecount="2" falsecount="0"/>
        <line num="249" count="2" type="stmt"/>
        <line num="252" count="202" type="cond" truecount="5" falsecount="0"/>
        <line num="255" count="202" type="stmt"/>
        <line num="256" count="254" type="cond" truecount="2" falsecount="0"/>
        <line num="257" count="250" type="cond" truecount="2" falsecount="0"/>
        <line num="258" count="232" type="stmt"/>
        <line num="301" count="7" type="stmt"/>
        <line num="302" count="1" type="stmt"/>
        <line num="355" count="0" type="stmt"/>
        <line num="357" count="0" type="cond" truecount="0" falsecount="4"/>
        <line num="358" count="0" type="stmt"/>
      </file>
      <file name="ModelPicker.tsx" path="/home/rmholston/dev/tektos-ultima-v1/frontend/src/components/composer/ModelPicker.tsx">
        <metrics statements="33" coveredstatements="33" conditionals="29" coveredconditionals="28" methods="14" coveredmethods="14"/>
        <line num="11" count="2" type="stmt"/>
        <line num="27" count="13" type="stmt"/>
        <line num="117" count="2" type="stmt"/>
        <line num="126" count="2" type="stmt"/>
        <line num="145" count="223" type="cond" truecount="1" falsecount="0"/>
        <line num="146" count="236" type="stmt"/>
        <line num="147" count="236" type="stmt"/>
        <line num="148" count="236" type="stmt"/>
        <line num="149" count="236" type="stmt"/>
        <line num="152" count="1942" type="cond" truecount="2" falsecount="0"/>
        <line num="155" count="236" type="stmt"/>
        <line num="157" count="2360" type="cond" truecount="3" falsecount="0"/>
        <line num="163" count="236" type="stmt"/>
        <line num="164" count="2319" type="cond" truecount="2" falsecount="0"/>
        <line num="165" count="2319" type="stmt"/>
        <line num="166" count="2319" type="stmt"/>
        <line num="170" count="236" type="stmt"/>
        <line num="171" count="89" type="stmt"/>
        <line num="172" count="6" type="cond" truecount="2" falsecount="0"/>
        <line num="178" count="1" type="stmt"/>
        <line num="179" count="1" type="stmt"/>
        <line num="182" count="89" type="cond" truecount="2" falsecount="0"/>
        <line num="183" count="89" type="stmt"/>
        <line num="186" count="236" type="stmt"/>
        <line num="188" count="5" type="stmt"/>
        <line num="189" count="5" type="stmt"/>
        <line num="190" count="5" type="stmt"/>
        <line num="201" count="19" type="cond" truecount="1" falsecount="1"/>
        <line num="242" count="5" type="stmt"/>
        <line num="251" count="102" type="stmt"/>
        <line num="256" count="199" type="stmt"/>
        <line num="258" count="5" type="stmt"/>
        <line num="284" count="557" type="stmt"/>
      </file>
    </package>
    <package name="lib">
      <metrics statements="240" coveredstatements="225" conditionals="142" coveredconditionals="128" methods="76" coveredmethods="71"/>
      <file name="protocol.ts" path="/home/rmholston/dev/tektos-ultima-v1/frontend/src/lib/protocol.ts">
        <metrics statements="71" coveredstatements="71" conditionals="44" coveredconditionals="42" methods="33" coveredmethods="31"/>
        <line num="15" count="51" type="stmt"/>
        <line num="16" count="51" type="stmt"/>
        <line num="17" count="51" type="stmt"/>
        <line num="18" count="51" type="stmt"/>
        <line num="19" count="51" type="stmt"/>
        <line num="20" count="51" type="stmt"/>
        <line num="21" count="51" type="stmt"/>
        <line num="22" count="51" type="stmt"/>
        <line num="23" count="51" type="stmt"/>
        <line num="24" count="51" type="stmt"/>
        <line num="25" count="51" type="stmt"/>
        <line num="26" count="51" type="stmt"/>
        <line num="27" count="51" type="stmt"/>
        <line num="28" count="51" type="stmt"/>
        <line num="29" count="51" type="stmt"/>
        <line num="32" count="51" type="cond" truecount="2" falsecount="0"/>
        <line num="33" count="51" type="cond" truecount="2" falsecount="0"/>
        <line num="34" count="51" type="cond" truecount="2" falsecount="0"/>
        <line num="35" count="1" type="stmt"/>
        <line num="38" count="50" type="stmt"/>
        <line num="42" count="6" type="stmt"/>
        <line num="46" count="6" type="cond" truecount="4" falsecount="0"/>
        <line num="51" count="3" type="stmt"/>
        <line num="56" count="23" type="cond" truecount="4" falsecount="0"/>
        <line num="57" count="1" type="stmt"/>
        <line num="59" count="23" type="cond" truecount="2" falsecount="0"/>
        <line num="60" count="22" type="stmt"/>
        <line num="61" count="22" type="stmt"/>
        <line num="62" count="22" type="stmt"/>
        <line num="63" count="22" type="stmt"/>
        <line num="64" count="21" type="stmt"/>
        <line num="65" count="21" type="stmt"/>
        <line num="66" count="21" type="cond" truecount="1" falsecount="1"/>
        <line num="67" count="3" type="stmt"/>
        <line num="68" count="21" type="stmt"/>
        <line num="69" count="1" type="stmt"/>
        <line num="72" count="3" type="cond" truecount="2" falsecount="0"/>
        <line num="73" count="1" type="stmt"/>
        <line num="75" count="5" type="stmt"/>
        <line num="76" count="5" type="cond" truecount="2" falsecount="0"/>
        <line num="77" count="5" type="cond" truecount="2" falsecount="0"/>
        <line num="78" count="5" type="stmt"/>
        <line num="80" count="3" type="cond" truecount="2" falsecount="0"/>
        <line num="82" count="29" type="stmt"/>
        <line num="83" count="2" type="stmt"/>
        <line num="86" count="9" type="cond" truecount="2" falsecount="0"/>
        <line num="87" count="9" type="cond" truecount="2" falsecount="0"/>
        <line num="88" count="9" type="stmt"/>
        <line num="92" count="4" type="cond" truecount="1" falsecount="1"/>
        <line num="93" count="4" type="stmt"/>
        <line num="96" count="8" type="stmt"/>
        <line num="97" count="2" type="cond" truecount="2" falsecount="0"/>
        <line num="98" count="5" type="stmt"/>
        <line num="99" count="2" type="cond" truecount="2" falsecount="0"/>
        <line num="102" count="4" type="stmt"/>
        <line num="103" count="4" type="stmt"/>
        <line num="104" count="4" type="stmt"/>
        <line num="105" count="4" type="cond" truecount="2" falsecount="0"/>
        <line num="106" count="4" type="stmt"/>
        <line num="107" count="4" type="cond" truecount="2" falsecount="0"/>
        <line num="111" count="44" type="stmt"/>
        <line num="112" count="44" type="cond" truecount="2" falsecount="0"/>
        <line num="116" count="3" type="stmt"/>
        <line num="117" count="3" type="stmt"/>
        <line num="118" count="3" type="stmt"/>
        <line num="119" count="3" type="stmt"/>
        <line num="123" count="11" type="stmt"/>
        <line num="124" count="11" type="stmt"/>
        <line num="125" count="11" type="stmt"/>
        <line num="138" count="7" type="cond" truecount="2" falsecount="0"/>
        <line num="141" count="666" type="stmt"/>
      </file>
      <file name="session-store.ts" path="/home/rmholston/dev/tektos-ultima-v1/frontend/src/lib/session-store.ts">
        <metrics statements="150" coveredstatements="135" conditionals="88" coveredconditionals="76" methods="35" coveredmethods="32"/>
        <line num="10" count="3" type="stmt"/>
        <line num="47" count="102" type="stmt"/>
        <line num="48" count="102" type="stmt"/>
        <line num="49" count="102" type="stmt"/>
        <line num="53" count="102" type="stmt"/>
        <line num="54" count="102" type="stmt"/>
        <line num="64" count="8" type="stmt"/>
        <line num="73" count="8" type="cond" truecount="2" falsecount="0"/>
        <line num="74" count="2" type="stmt"/>
        <line num="77" count="6" type="stmt"/>
        <line num="78" count="6" type="stmt"/>
        <line num="92" count="6" type="stmt"/>
        <line num="93" count="6" type="stmt"/>
        <line num="94" count="6" type="stmt"/>
        <line num="97" count="6" type="stmt"/>
        <line num="99" count="6" type="stmt"/>
        <line num="103" count="5" type="stmt"/>
        <line num="104" count="5" type="cond" truecount="2" falsecount="0"/>
        <line num="105" count="1" type="stmt"/>
        <line num="107" count="5" type="cond" truecount="2" falsecount="0"/>
        <line num="108" count="1" type="stmt"/>
        <line num="111" count="5" type="stmt"/>
        <line num="112" count="5" type="cond" truecount="2" falsecount="0"/>
        <line num="113" count="2" type="stmt"/>
        <line num="116" count="3" type="stmt"/>
        <line num="118" count="3" type="cond" truecount="2" falsecount="2"/>
        <line num="119" count="3" type="stmt"/>
        <line num="120" count="3" type="stmt"/>
        <line num="121" count="3" type="stmt"/>
        <line num="123" count="3" type="stmt"/>
        <line num="127" count="5" type="stmt"/>
        <line num="128" count="5" type="cond" truecount="2" falsecount="0"/>
        <line num="130" count="4" type="stmt"/>
        <line num="131" count="4" type="cond" truecount="2" falsecount="0"/>
        <line num="133" count="2" type="stmt"/>
        <line num="134" count="2" type="stmt"/>
        <line num="135" count="2" type="stmt"/>
        <line num="136" count="2" type="stmt"/>
        <line num="140" count="5" type="stmt"/>
        <line num="146" count="5" type="stmt"/>
        <line num="147" count="5" type="cond" truecount="2" falsecount="0"/>
        <line num="148" count="4" type="stmt"/>
        <line num="149" count="4" type="stmt"/>
        <line num="150" count="4" type="stmt"/>
        <line num="151" count="4" type="stmt"/>
        <line num="156" count="6" type="stmt"/>
        <line num="162" count="6" type="stmt"/>
        <line num="163" count="6" type="cond" truecount="2" falsecount="0"/>
        <line num="164" count="5" type="stmt"/>
        <line num="165" count="5" type="stmt"/>
        <line num="166" count="5" type="stmt"/>
        <line num="167" count="5" type="stmt"/>
        <line num="172" count="6" type="stmt"/>
        <line num="174" count="6" type="stmt"/>
        <line num="175" count="6" type="cond" truecount="2" falsecount="0"/>
        <line num="176" count="5" type="stmt"/>
        <line num="177" count="5" type="stmt"/>
        <line num="178" count="5" type="stmt"/>
        <line num="179" count="5" type="stmt"/>
        <line num="180" count="5" type="stmt"/>
        <line num="185" count="4" type="stmt"/>
        <line num="186" count="4" type="stmt"/>
        <line num="187" count="4" type="stmt"/>
        <line num="188" count="4" type="stmt"/>
        <line num="192" count="9" type="stmt"/>
        <line num="200" count="9" type="cond" truecount="2" falsecount="0"/>
        <line num="201" count="2" type="stmt"/>
        <line num="204" count="7" type="stmt"/>
        <line num="205" count="7" type="stmt"/>
        <line num="219" count="7" type="stmt"/>
        <line num="220" count="7" type="stmt"/>
        <line num="221" count="7" type="stmt"/>
        <line num="223" count="7" type="stmt"/>
        <line num="231" count="102" type="stmt"/>
        <line num="232" count="2" type="stmt"/>
        <line num="244" count="2" type="stmt"/>
        <line num="245" count="2" type="stmt"/>
        <line num="246" count="2" type="stmt"/>
        <line num="249" count="102" type="stmt"/>
        <line num="250" count="6" type="stmt"/>
        <line num="251" count="6" type="cond" truecount="2" falsecount="0"/>
        <line num="252" count="5" type="stmt"/>
        <line num="253" count="5" type="stmt"/>
        <line num="254" count="5" type="cond" truecount="2" falsecount="0"/>
        <line num="255" count="5" type="stmt"/>
        <line num="256" count="5" type="stmt"/>
        <line num="257" count="5" type="stmt"/>
        <line num="261" count="102" type="stmt"/>
        <line num="262" count="5" type="stmt"/>
        <line num="263" count="5" type="cond" truecount="2" falsecount="0"/>
        <line num="264" count="4" type="cond" truecount="2" falsecount="0"/>
        <line num="265" count="4" type="cond" truecount="2" falsecount="0"/>
        <line num="266" count="4" type="stmt"/>
        <line num="267" count="4" type="stmt"/>
        <line num="268" count="4" type="stmt"/>
        <line num="272" count="102" type="stmt"/>
        <line num="273" count="4" type="stmt"/>
        <line num="274" count="4" type="cond" truecount="2" falsecount="0"/>
        <line num="275" count="2" type="stmt"/>
        <line num="276" count="2" type="stmt"/>
        <line num="277" count="2" type="stmt"/>
        <line num="278" count="2" type="stmt"/>
        <line num="279" count="2" type="stmt"/>
        <line num="280" count="2" type="stmt"/>
        <line num="284" count="102" type="stmt"/>
        <line num="285" count="7" type="stmt"/>
        <line num="286" count="7" type="cond" truecount="2" falsecount="0"/>
        <line num="287" count="6" type="cond" truecount="2" falsecount="0"/>
        <line num="288" count="6" type="stmt"/>
        <line num="289" count="6" type="stmt"/>
        <line num="293" count="102" type="stmt"/>
        <line num="294" count="0" type="stmt"/>
        <line num="295" count="0" type="cond" truecount="0" falsecount="2"/>
        <line num="296" count="0" type="stmt"/>
        <line num="297" count="0" type="cond" truecount="0" falsecount="4"/>
        <line num="298" count="0" type="stmt"/>
        <line num="299" count="0" type="stmt"/>
        <line num="300" count="0" type="stmt"/>
        <line num="301" count="0" type="stmt"/>
        <line num="312" count="15" type="stmt"/>
        <line num="316" count="1" type="stmt"/>
        <line num="320" count="55" type="stmt"/>
        <line num="321" count="13" type="stmt"/>
        <line num="330" count="54" type="stmt"/>
        <line num="331" count="2" type="stmt"/>
        <line num="336" count="5" type="cond" truecount="3" falsecount="0"/>
        <line num="340" count="6" type="stmt"/>
        <line num="341" count="6" type="stmt"/>
        <line num="343" count="5" type="cond" truecount="3" falsecount="0"/>
        <line num="350" count="2" type="cond" truecount="2" falsecount="0"/>
        <line num="358" count="0" type="cond" truecount="0" falsecount="2"/>
        <line num="359" count="0" type="stmt"/>
        <line num="360" count="0" type="stmt"/>
        <line num="361" count="0" type="cond" truecount="0" falsecount="2"/>
        <line num="362" count="0" type="stmt"/>
        <line num="363" count="0" type="stmt"/>
        <line num="366" count="0" type="stmt"/>
        <line num="374" count="102" type="stmt"/>
        <line num="377" count="48" type="stmt"/>
        <line num="378" count="48" type="stmt"/>
        <line num="379" count="48" type="stmt"/>
        <line num="381" count="1" type="stmt"/>
        <line num="386" count="6" type="stmt"/>
        <line num="387" count="6" type="stmt"/>
        <line num="388" count="6" type="stmt"/>
        <line num="389" count="6" type="cond" truecount="2" falsecount="0"/>
        <line num="390" count="4" type="stmt"/>
        <line num="391" count="2" type="stmt"/>
        <line num="394" count="2" type="stmt"/>
        <line num="403" count="9" type="stmt"/>
      </file>
      <file name="theme-store.ts" path="/home/rmholston/dev/tektos-ultima-v1/frontend/src/lib/theme-store.ts">
        <metrics statements="19" coveredstatements="19" conditionals="10" coveredconditionals="10" methods="8" coveredmethods="8"/>
        <line num="19" count="14" type="stmt"/>
        <line num="41" count="4" type="stmt"/>
        <line num="42" count="4" type="stmt"/>
        <line num="43" count="4" type="stmt"/>
        <line num="46" count="25" type="cond" truecount="4" falsecount="0"/>
        <line num="47" count="4" type="stmt"/>
        <line num="48" count="4" type="stmt"/>
        <line num="49" count="4" type="cond" truecount="4" falsecount="0"/>
        <line num="50" count="2" type="stmt"/>
        <line num="54" count="18" type="stmt"/>
        <line num="55" count="18" type="cond" truecount="2" falsecount="0"/>
        <line num="56" count="14" type="stmt"/>
        <line num="60" count="14" type="stmt"/>
        <line num="62" count="14" type="stmt"/>
        <line num="63" count="14" type="stmt"/>
        <line num="66" count="6" type="stmt"/>
        <line num="67" count="5" type="stmt"/>
        <line num="68" count="2" type="stmt"/>
        <line num="71" count="28" type="stmt"/>
      </file>
    </package>
  </project>
</coverage>
