{"/home/rmholston/dev/tektos-ultima-v1/frontend/src/components/composer/Composer.tsx": {"path":"/home/rmholston/dev/tektos-ultima-v1/frontend/src/components/composer/Composer.tsx","statementMap":{"0":{"start":{"line":40,"column":16},"end":{"line":40,"column":25}},"1":{"start":{"line":15,"column":64},"end":{"line":15,"column":null}},"2":{"start":{"line":21,"column":7},"end":{"line":21,"column":null}},"3":{"start":{"line":22,"column":28},"end":{"line":22,"column":null}},"4":{"start":{"line":51,"column":28},"end":{"line":51,"column":null}},"5":{"start":{"line":52,"column":36},"end":{"line":52,"column":null}},"6":{"start":{"line":53,"column":36},"end":{"line":53,"column":null}},"7":{"start":{"line":54,"column":38},"end":{"line":54,"column":null}},"8":{"start":{"line":55,"column":40},"end":{"line":55,"column":null}},"9":{"start":{"line":56,"column":22},"end":{"line":56,"column":null}},"10":{"start":{"line":57,"column":23},"end":{"line":57,"column":null}},"11":{"start":{"line":60,"column":44},"end":{"line":60,"column":null}},"12":{"start":{"line":61,"column":42},"end":{"line":61,"column":null}},"13":{"start":{"line":63,"column":23},"end":{"line":80,"column":null}},"14":{"start":{"line":64,"column":20},"end":{"line":64,"column":null}},"15":{"start":{"line":65,"column":4},"end":{"line":65,"column":null}},"16":{"start":{"line":65,"column":46},"end":{"line":65,"column":null}},"17":{"start":{"line":68,"column":4},"end":{"line":72,"column":null}},"18":{"start":{"line":69,"column":25},"end":{"line":69,"column":null}},"19":{"start":{"line":71,"column":6},"end":{"line":71,"column":null}},"20":{"start":{"line":73,"column":4},"end":{"line":73,"column":25}},"21":{"start":{"line":75,"column":4},"end":{"line":75,"column":null}},"22":{"start":{"line":76,"column":4},"end":{"line":76,"column":null}},"23":{"start":{"line":77,"column":4},"end":{"line":77,"column":null}},"24":{"start":{"line":78,"column":4},"end":{"line":78,"column":null}},"25":{"start":{"line":79,"column":4},"end":{"line":79,"column":null}},"26":{"start":{"line":82,"column":24},"end":{"line":128,"column":null}},"27":{"start":{"line":85,"column":6},"end":{"line":92,"column":null}},"28":{"start":{"line":86,"column":8},"end":{"line":86,"column":null}},"29":{"start":{"line":87,"column":8},"end":{"line":90,"column":null}},"30":{"start":{"line":88,"column":10},"end":{"line":88,"column":null}},"31":{"start":{"line":89,"column":10},"end":{"line":89,"column":null}},"32":{"start":{"line":91,"column":8},"end":{"line":91,"column":null}},"33":{"start":{"line":94,"column":6},"end":{"line":108,"column":null}},"34":{"start":{"line":95,"column":8},"end":{"line":95,"column":null}},"35":{"start":{"line":107,"column":8},"end":{"line":107,"column":null}},"36":{"start":{"line":109,"column":6},"end":{"line":112,"column":null}},"37":{"start":{"line":110,"column":8},"end":{"line":110,"column":null}},"38":{"start":{"line":111,"column":8},"end":{"line":111,"column":null}},"39":{"start":{"line":113,"column":6},"end":{"line":116,"column":null}},"40":{"start":{"line":114,"column":8},"end":{"line":114,"column":null}},"41":{"start":{"line":115,"column":8},"end":{"line":115,"column":null}},"42":{"start":{"line":118,"column":6},"end":{"line":121,"column":null}},"43":{"start":{"line":119,"column":8},"end":{"line":119,"column":null}},"44":{"start":{"line":120,"column":8},"end":{"line":120,"column":null}},"45":{"start":{"line":123,"column":6},"end":{"line":126,"column":null}},"46":{"start":{"line":124,"column":8},"end":{"line":124,"column":null}},"47":{"start":{"line":125,"column":8},"end":{"line":125,"column":null}},"48":{"start":{"line":125,"column":31},"end":{"line":125,"column":null}},"49":{"start":{"line":132,"column":2},"end":{"line":140,"column":null}},"50":{"start":{"line":133,"column":4},"end":{"line":139,"column":null}},"51":{"start":{"line":134,"column":6},"end":{"line":134,"column":null}},"52":{"start":{"line":135,"column":6},"end":{"line":138,"column":null}},"53":{"start":{"line":143,"column":2},"end":{"line":152,"column":null}},"54":{"start":{"line":144,"column":4},"end":{"line":147,"column":null}},"55":{"start":{"line":145,"column":6},"end":{"line":145,"column":null}},"56":{"start":{"line":146,"column":6},"end":{"line":146,"column":null}},"57":{"start":{"line":148,"column":21},"end":{"line":150,"column":null}},"58":{"start":{"line":149,"column":6},"end":{"line":149,"column":null}},"59":{"start":{"line":149,"column":30},"end":{"line":149,"column":null}},"60":{"start":{"line":151,"column":4},"end":{"line":151,"column":null}},"61":{"start":{"line":151,"column":17},"end":{"line":151,"column":null}},"62":{"start":{"line":154,"column":24},"end":{"line":158,"column":null}},"63":{"start":{"line":155,"column":14},"end":{"line":155,"column":null}},"64":{"start":{"line":156,"column":14},"end":{"line":156,"column":null}},"65":{"start":{"line":157,"column":4},"end":{"line":157,"column":null}},"66":{"start":{"line":160,"column":31},"end":{"line":165,"column":null}},"67":{"start":{"line":161,"column":4},"end":{"line":161,"column":null}},"68":{"start":{"line":162,"column":18},"end":{"line":162,"column":51}},"69":{"start":{"line":163,"column":4},"end":{"line":163,"column":null}},"70":{"start":{"line":164,"column":4},"end":{"line":164,"column":null}},"71":{"start":{"line":167,"column":26},"end":{"line":169,"column":null}},"72":{"start":{"line":168,"column":4},"end":{"line":168,"column":null}},"73":{"start":{"line":171,"column":27},"end":{"line":177,"column":null}},"74":{"start":{"line":172,"column":18},"end":{"line":172,"column":null}},"75":{"start":{"line":173,"column":4},"end":{"line":175,"column":null}},"76":{"start":{"line":174,"column":6},"end":{"line":174,"column":null}},"77":{"start":{"line":176,"column":4},"end":{"line":176,"column":null}},"78":{"start":{"line":180,"column":20},"end":{"line":180,"column":32}},"79":{"start":{"line":181,"column":20},"end":{"line":181,"column":null}},"80":{"start":{"line":182,"column":24},"end":{"line":182,"column":null}},"81":{"start":{"line":183,"column":24},"end":{"line":183,"column":null}},"82":{"start":{"line":185,"column":23},"end":{"line":188,"column":null}},"83":{"start":{"line":186,"column":4},"end":{"line":186,"column":null}},"84":{"start":{"line":186,"column":23},"end":{"line":186,"column":null}},"85":{"start":{"line":187,"column":4},"end":{"line":187,"column":null}},"86":{"start":{"line":190,"column":24},"end":{"line":194,"column":null}},"87":{"start":{"line":191,"column":4},"end":{"line":191,"column":null}},"88":{"start":{"line":191,"column":18},"end":{"line":191,"column":null}},"89":{"start":{"line":192,"column":4},"end":{"line":192,"column":null}},"90":{"start":{"line":192,"column":18},"end":{"line":192,"column":null}},"91":{"start":{"line":193,"column":4},"end":{"line":193,"column":null}},"92":{"start":{"line":196,"column":27},"end":{"line":200,"column":null}},"93":{"start":{"line":197,"column":4},"end":{"line":197,"column":null}},"94":{"start":{"line":197,"column":18},"end":{"line":197,"column":null}},"95":{"start":{"line":198,"column":4},"end":{"line":198,"column":null}},"96":{"start":{"line":198,"column":18},"end":{"line":198,"column":null}},"97":{"start":{"line":199,"column":4},"end":{"line":199,"column":null}},"98":{"start":{"line":202,"column":24},"end":{"line":202,"column":null}},"99":{"start":{"line":205,"column":25},"end":{"line":209,"column":null}},"100":{"start":{"line":206,"column":4},"end":{"line":206,"column":null}},"101":{"start":{"line":206,"column":19},"end":{"line":206,"column":null}},"102":{"start":{"line":207,"column":4},"end":{"line":207,"column":null}},"103":{"start":{"line":207,"column":21},"end":{"line":207,"column":null}},"104":{"start":{"line":208,"column":4},"end":{"line":208,"column":null}},"105":{"start":{"line":251,"column":27},"end":{"line":251,"column":null}},"106":{"start":{"line":252,"column":26},"end":{"line":252,"column":null}}},"fnMap":{"0":{"name":"Composer","decl":{"start":{"line":40,"column":16},"end":{"line":40,"column":25}},"loc":{"start":{"line":50,"column":16},"end":{"line":448,"column":null}}},"1":{"name":"(anonymous_5)","decl":{"start":{"line":63,"column":35},"end":{"line":63,"column":null}},"loc":{"start":{"line":63,"column":35},"end":{"line":80,"column":5}}},"2":{"name":"(anonymous_6)","decl":{"start":{"line":68,"column":21},"end":{"line":68,"column":null}},"loc":{"start":{"line":68,"column":21},"end":{"line":72,"column":null}}},"3":{"name":"(anonymous_7)","decl":{"start":{"line":83,"column":4},"end":{"line":83,"column":5}},"loc":{"start":{"line":83,"column":5},"end":{"line":127,"column":null}}},"4":{"name":"(anonymous_8)","decl":{"start":{"line":125,"column":23},"end":{"line":125,"column":31}},"loc":{"start":{"line":125,"column":31},"end":{"line":125,"column":null}}},"5":{"name":"(anonymous_9)","decl":{"start":{"line":132,"column":12},"end":{"line":132,"column":null}},"loc":{"start":{"line":132,"column":12},"end":{"line":140,"column":5}}},"6":{"name":"(anonymous_10)","decl":{"start":{"line":143,"column":12},"end":{"line":143,"column":null}},"loc":{"start":{"line":143,"column":12},"end":{"line":152,"column":5}}},"7":{"name":"(anonymous_11)","decl":{"start":{"line":148,"column":33},"end":{"line":148,"column":null}},"loc":{"start":{"line":148,"column":33},"end":{"line":150,"column":7}}},"8":{"name":"(anonymous_12)","decl":{"start":{"line":149,"column":20},"end":{"line":149,"column":21}},"loc":{"start":{"line":149,"column":30},"end":{"line":149,"column":null}}},"9":{"name":"(anonymous_13)","decl":{"start":{"line":151,"column":11},"end":{"line":151,"column":17}},"loc":{"start":{"line":151,"column":17},"end":{"line":151,"column":null}}},"10":{"name":"(anonymous_14)","decl":{"start":{"line":154,"column":24},"end":{"line":154,"column":25}},"loc":{"start":{"line":154,"column":25},"end":{"line":158,"column":null}}},"11":{"name":"(anonymous_15)","decl":{"start":{"line":160,"column":31},"end":{"line":160,"column":32}},"loc":{"start":{"line":160,"column":32},"end":{"line":165,"column":null}}},"12":{"name":"(anonymous_16)","decl":{"start":{"line":167,"column":26},"end":{"line":167,"column":null}},"loc":{"start":{"line":167,"column":26},"end":{"line":169,"column":null}}},"13":{"name":"(anonymous_17)","decl":{"start":{"line":171,"column":27},"end":{"line":171,"column":28}},"loc":{"start":{"line":171,"column":28},"end":{"line":177,"column":null}}},"14":{"name":"(anonymous_18)","decl":{"start":{"line":185,"column":23},"end":{"line":185,"column":24}},"loc":{"start":{"line":185,"column":24},"end":{"line":188,"column":null}}},"15":{"name":"(anonymous_19)","decl":{"start":{"line":190,"column":24},"end":{"line":190,"column":25}},"loc":{"start":{"line":190,"column":25},"end":{"line":194,"column":null}}},"16":{"name":"(anonymous_20)","decl":{"start":{"line":196,"column":27},"end":{"line":196,"column":28}},"loc":{"start":{"line":196,"column":28},"end":{"line":200,"column":null}}},"17":{"name":"(anonymous_21)","decl":{"start":{"line":205,"column":25},"end":{"line":205,"column":null}},"loc":{"start":{"line":205,"column":25},"end":{"line":209,"column":null}}},"18":{"name":"(anonymous_22)","decl":{"start":{"line":251,"column":21},"end":{"line":251,"column":27}},"loc":{"start":{"line":251,"column":27},"end":{"line":251,"column":null}}},"19":{"name":"(anonymous_23)","decl":{"start":{"line":252,"column":20},"end":{"line":252,"column":26}},"loc":{"start":{"line":252,"column":26},"end":{"line":252,"column":null}}}},"branchMap":{"0":{"loc":{"start":{"line":45,"column":2},"end":{"line":45,"column":34}},"type":"default-arg","locations":[{"start":{"line":45,"column":20},"end":{"line":45,"column":34}}]},"1":{"loc":{"start":{"line":65,"column":4},"end":{"line":65,"column":null}},"type":"if","locations":[{"start":{"line":65,"column":4},"end":{"line":65,"column":null}},{"start":{},"end":{}}]},"2":{"loc":{"start":{"line":65,"column":8},"end":{"line":65,"column":46}},"type":"binary-expr","locations":[{"start":{"line":65,"column":8},"end":{"line":65,"column":20}},{"start":{"line":65,"column":20},"end":{"line":65,"column":33}},{"start":{"line":65,"column":33},"end":{"line":65,"column":46}}]},"3":{"loc":{"start":{"line":85,"column":6},"end":{"line":92,"column":null}},"type":"if","locations":[{"start":{"line":85,"column":6},"end":{"line":92,"column":null}},{"start":{},"end":{}}]},"4":{"loc":{"start":{"line":85,"column":10},"end":{"line":85,"column":41}},"type":"binary-expr","locations":[{"start":{"line":85,"column":10},"end":{"line":85,"column":33}},{"start":{"line":85,"column":33},"end":{"line":85,"column":41}}]},"5":{"loc":{"start":{"line":87,"column":8},"end":{"line":90,"column":null}},"type":"if","locations":[{"start":{"line":87,"column":8},"end":{"line":90,"column":null}},{"start":{},"end":{}}]},"6":{"loc":{"start":{"line":94,"column":6},"end":{"line":108,"column":null}},"type":"if","locations":[{"start":{"line":94,"column":6},"end":{"line":108,"column":null}},{"start":{},"end":{}}]},"7":{"loc":{"start":{"line":109,"column":6},"end":{"line":112,"column":null}},"type":"if","locations":[{"start":{"line":109,"column":6},"end":{"line":112,"column":null}},{"start":{},"end":{}}]},"8":{"loc":{"start":{"line":109,"column":10},"end":{"line":109,"column":42}},"type":"binary-expr","locations":[{"start":{"line":109,"column":10},"end":{"line":109,"column":31}},{"start":{"line":109,"column":31},"end":{"line":109,"column":42}}]},"9":{"loc":{"start":{"line":113,"column":6},"end":{"line":116,"column":null}},"type":"if","locations":[{"start":{"line":113,"column":6},"end":{"line":116,"column":null}},{"start":{},"end":{}}]},"10":{"loc":{"start":{"line":113,"column":10},"end":{"line":113,"column":53}},"type":"binary-expr","locations":[{"start":{"line":113,"column":11},"end":{"line":113,"column":20}},{"start":{"line":113,"column":24},"end":{"line":113,"column":33}},{"start":{"line":113,"column":38},"end":{"line":113,"column":53}}]},"11":{"loc":{"start":{"line":118,"column":6},"end":{"line":121,"column":null}},"type":"if","locations":[{"start":{"line":118,"column":6},"end":{"line":121,"column":null}},{"start":{},"end":{}}]},"12":{"loc":{"start":{"line":118,"column":10},"end":{"line":118,"column":68}},"type":"binary-expr","locations":[{"start":{"line":118,"column":11},"end":{"line":118,"column":20}},{"start":{"line":118,"column":24},"end":{"line":118,"column":33}},{"start":{"line":118,"column":38},"end":{"line":118,"column":55}},{"start":{"line":118,"column":55},"end":{"line":118,"column":68}}]},"13":{"loc":{"start":{"line":123,"column":6},"end":{"line":126,"column":null}},"type":"if","locations":[{"start":{"line":123,"column":6},"end":{"line":126,"column":null}},{"start":{},"end":{}}]},"14":{"loc":{"start":{"line":123,"column":10},"end":{"line":123,"column":67}},"type":"binary-expr","locations":[{"start":{"line":123,"column":11},"end":{"line":123,"column":20}},{"start":{"line":123,"column":24},"end":{"line":123,"column":33}},{"start":{"line":123,"column":38},"end":{"line":123,"column":48}},{"start":{"line":123,"column":52},"end":{"line":123,"column":67}}]},"15":{"loc":{"start":{"line":133,"column":4},"end":{"line":139,"column":null}},"type":"if","locations":[{"start":{"line":133,"column":4},"end":{"line":139,"column":null}},{"start":{},"end":{}}]},"16":{"loc":{"start":{"line":144,"column":4},"end":{"line":147,"column":null}},"type":"if","locations":[{"start":{"line":144,"column":4},"end":{"line":147,"column":null}},{"start":{},"end":{}}]},"17":{"loc":{"start":{"line":172,"column":29},"end":{"line":172,"column":49}},"type":"binary-expr","locations":[{"start":{"line":172,"column":29},"end":{"line":172,"column":43}},{"start":{"line":172,"column":47},"end":{"line":172,"column":49}}]},"18":{"loc":{"start":{"line":173,"column":4},"end":{"line":175,"column":null}},"type":"if","locations":[{"start":{"line":173,"column":4},"end":{"line":175,"column":null}},{"start":{},"end":{}}]},"19":{"loc":{"start":{"line":173,"column":8},"end":{"line":173,"column":38}},"type":"binary-expr","locations":[{"start":{"line":173,"column":8},"end":{"line":173,"column":28}},{"start":{"line":173,"column":28},"end":{"line":173,"column":38}}]},"20":{"loc":{"start":{"line":181,"column":20},"end":{"line":181,"column":null}},"type":"cond-expr","locations":[{"start":{"line":181,"column":35},"end":{"line":181,"column":67}},{"start":{"line":181,"column":70},"end":{"line":181,"column":null}}]},"21":{"loc":{"start":{"line":182,"column":24},"end":{"line":182,"column":null}},"type":"cond-expr","locations":[{"start":{"line":182,"column":36},"end":{"line":182,"column":65}},{"start":{"line":182,"column":65},"end":{"line":182,"column":null}}]},"22":{"loc":{"start":{"line":183,"column":24},"end":{"line":183,"column":null}},"type":"cond-expr","locations":[{"start":{"line":183,"column":44},"end":{"line":183,"column":92}},{"start":{"line":183,"column":92},"end":{"line":183,"column":null}}]},"23":{"loc":{"start":{"line":186,"column":4},"end":{"line":186,"column":null}},"type":"if","locations":[{"start":{"line":186,"column":4},"end":{"line":186,"column":null}},{"start":{},"end":{}}]},"24":{"loc":{"start":{"line":191,"column":4},"end":{"line":191,"column":null}},"type":"if","locations":[{"start":{"line":191,"column":4},"end":{"line":191,"column":null}},{"start":{},"end":{}}]},"25":{"loc":{"start":{"line":192,"column":4},"end":{"line":192,"column":null}},"type":"if","locations":[{"start":{"line":192,"column":4},"end":{"line":192,"column":null}},{"start":{},"end":{}}]},"26":{"loc":{"start":{"line":197,"column":4},"end":{"line":197,"column":null}},"type":"if","locations":[{"start":{"line":197,"column":4},"end":{"line":197,"column":null}},{"start":{},"end":{}}]},"27":{"loc":{"start":{"line":198,"column":4},"end":{"line":198,"column":null}},"type":"if","locations":[{"start":{"line":198,"column":4},"end":{"line":198,"column":null}},{"start":{},"end":{}}]},"28":{"loc":{"start":{"line":202,"column":24},"end":{"line":202,"column":null}},"type":"binary-expr","locations":[{"start":{"line":202,"column":24},"end":{"line":202,"column":37}},{"start":{"line":202,"column":37},"end":{"line":202,"column":52}},{"start":{"line":202,"column":52},"end":{"line":202,"column":62}},{"start":{"line":202,"column":69},"end":{"line":202,"column":86}},{"start":{"line":202,"column":86},"end":{"line":202,"column":96}}]},"29":{"loc":{"start":{"line":206,"column":4},"end":{"line":206,"column":null}},"type":"if","locations":[{"start":{"line":206,"column":4},"end":{"line":206,"column":null}},{"start":{},"end":{}}]},"30":{"loc":{"start":{"line":207,"column":4},"end":{"line":207,"column":null}},"type":"if","locations":[{"start":{"line":207,"column":4},"end":{"line":207,"column":null}},{"start":{},"end":{}}]},"31":{"loc":{"start":{"line":215,"column":9},"end":{"line":215,"column":null}},"type":"binary-expr","locations":[{"start":{"line":215,"column":9},"end":{"line":215,"column":null}}]},"32":{"loc":{"start":{"line":225,"column":50},"end":{"line":225,"column":82}},"type":"cond-expr","locations":[{"start":{"line":225,"column":62},"end":{"line":225,"column":78}},{"start":{"line":225,"column":78},"end":{"line":225,"column":82}}]},"33":{"loc":{"start":{"line":235,"column":11},"end":{"line":235,"column":21}},"type":"binary-expr","locations":[{"start":{"line":235,"column":11},"end":{"line":235,"column":21}},{"start":{"line":235,"column":21},"end":{"line":235,"column":null}}]},"34":{"loc":{"start":{"line":254,"column":22},"end":{"line":254,"column":null}},"type":"binary-expr","locations":[{"start":{"line":254,"column":22},"end":{"line":254,"column":36}},{"start":{"line":254,"column":36},"end":{"line":254,"column":51}},{"start":{"line":254,"column":51},"end":{"line":254,"column":null}}]},"35":{"loc":{"start":{"line":259,"column":25},"end":{"line":259,"column":61}},"type":"cond-expr","locations":[{"start":{"line":259,"column":48},"end":{"line":259,"column":57}},{"start":{"line":259,"column":57},"end":{"line":259,"column":61}}]},"36":{"loc":{"start":{"line":259,"column":25},"end":{"line":259,"column":48}},"type":"binary-expr","locations":[{"start":{"line":259,"column":25},"end":{"line":259,"column":35}},{"start":{"line":259,"column":35},"end":{"line":259,"column":48}}]},"37":{"loc":{"start":{"line":266,"column":15},"end":{"line":266,"column":null}},"type":"binary-expr","locations":[{"start":{"line":266,"column":15},"end":{"line":266,"column":null}}]},"38":{"loc":{"start":{"line":269,"column":28},"end":{"line":269,"column":null}},"type":"binary-expr","locations":[{"start":{"line":269,"column":28},"end":{"line":269,"column":41}},{"start":{"line":269,"column":41},"end":{"line":269,"column":null}}]},"39":{"loc":{"start":{"line":280,"column":15},"end":{"line":280,"column":27}},"type":"binary-expr","locations":[{"start":{"line":280,"column":15},"end":{"line":280,"column":27}},{"start":{"line":280,"column":27},"end":{"line":280,"column":44}},{"start":{"line":280,"column":44},"end":{"line":280,"column":null}}]},"40":{"loc":{"start":{"line":288,"column":15},"end":{"line":288,"column":27}},"type":"binary-expr","locations":[{"start":{"line":288,"column":15},"end":{"line":288,"column":27}},{"start":{"line":288,"column":27},"end":{"line":288,"column":null}}]},"41":{"loc":{"start":{"line":303,"column":15},"end":{"line":303,"column":null}},"type":"binary-expr","locations":[{"start":{"line":303,"column":15},"end":{"line":303,"column":null}}]},"42":{"loc":{"start":{"line":312,"column":15},"end":{"line":312,"column":null}},"type":"binary-expr","locations":[{"start":{"line":312,"column":15},"end":{"line":312,"column":null}}]},"43":{"loc":{"start":{"line":314,"column":19},"end":{"line":314,"column":null}},"type":"binary-expr","locations":[{"start":{"line":314,"column":19},"end":{"line":314,"column":null}}]},"44":{"loc":{"start":{"line":320,"column":19},"end":{"line":320,"column":null}},"type":"binary-expr","locations":[{"start":{"line":320,"column":19},"end":{"line":320,"column":null}}]},"45":{"loc":{"start":{"line":326,"column":19},"end":{"line":326,"column":36}},"type":"binary-expr","locations":[{"start":{"line":326,"column":19},"end":{"line":326,"column":36}}]},"46":{"loc":{"start":{"line":327,"column":19},"end":{"line":327,"column":null}},"type":"binary-expr","locations":[{"start":{"line":327,"column":19},"end":{"line":327,"column":null}}]},"47":{"loc":{"start":{"line":338,"column":16},"end":{"line":348,"column":17}},"type":"cond-expr","locations":[{"start":{"line":338,"column":16},"end":{"line":348,"column":17}}]},"48":{"loc":{"start":{"line":350,"column":28},"end":{"line":350,"column":null}},"type":"binary-expr","locations":[{"start":{"line":350,"column":28},"end":{"line":350,"column":41}},{"start":{"line":350,"column":41},"end":{"line":350,"column":null}}]},"49":{"loc":{"start":{"line":364,"column":11},"end":{"line":364,"column":null}},"type":"binary-expr","locations":[{"start":{"line":364,"column":11},"end":{"line":364,"column":null}}]},"50":{"loc":{"start":{"line":370,"column":20},"end":{"line":372,"column":null}},"type":"cond-expr","locations":[{"start":{"line":370,"column":54},"end":{"line":370,"column":null}},{"start":{"line":371,"column":20},"end":{"line":372,"column":null}}]},"51":{"loc":{"start":{"line":371,"column":20},"end":{"line":372,"column":null}},"type":"cond-expr","locations":[{"start":{"line":371,"column":93},"end":{"line":371,"column":null}},{"start":{"line":372,"column":20},"end":{"line":372,"column":null}}]},"52":{"loc":{"start":{"line":371,"column":20},"end":{"line":371,"column":93}},"type":"binary-expr","locations":[{"start":{"line":371,"column":20},"end":{"line":371,"column":56}},{"start":{"line":371,"column":56},"end":{"line":371,"column":93}}]},"53":{"loc":{"start":{"line":375,"column":21},"end":{"line":375,"column":null}},"type":"cond-expr","locations":[{"start":{"line":375,"column":58},"end":{"line":375,"column":75}},{"start":{"line":375,"column":75},"end":{"line":375,"column":null}}]},"54":{"loc":{"start":{"line":380,"column":17},"end":{"line":380,"column":null}},"type":"binary-expr","locations":[{"start":{"line":380,"column":17},"end":{"line":380,"column":null}}]},"55":{"loc":{"start":{"line":389,"column":17},"end":{"line":389,"column":null}},"type":"binary-expr","locations":[{"start":{"line":389,"column":17},"end":{"line":389,"column":null}}]},"56":{"loc":{"start":{"line":394,"column":17},"end":{"line":394,"column":null}},"type":"binary-expr","locations":[{"start":{"line":394,"column":17},"end":{"line":394,"column":null}}]},"57":{"loc":{"start":{"line":408,"column":9},"end":{"line":408,"column":27}},"type":"binary-expr","locations":[{"start":{"line":408,"column":9},"end":{"line":408,"column":27}},{"start":{"line":408,"column":27},"end":{"line":408,"column":null}}]}},"s":{"0":46,"1":1,"2":1,"3":1,"4":202,"5":202,"6":202,"7":202,"8":202,"9":202,"10":202,"11":202,"12":202,"13":202,"14":63,"15":63,"16":3,"17":60,"18":60,"19":60,"20":60,"21":60,"22":60,"23":60,"24":60,"25":60,"26":202,"27":71,"28":3,"29":3,"30":3,"31":3,"32":3,"33":68,"34":1,"35":1,"36":67,"37":62,"38":62,"39":67,"40":1,"41":1,"42":67,"43":1,"44":1,"45":67,"46":1,"47":1,"48":1,"49":202,"50":176,"51":176,"52":176,"53":202,"54":46,"55":39,"56":39,"57":7,"58":6,"59":6,"60":7,"61":7,"62":202,"63":36,"64":36,"65":36,"66":202,"67":69,"68":69,"69":69,"70":69,"71":202,"72":1,"73":202,"74":1,"75":1,"76":1,"77":1,"78":202,"79":202,"80":202,"81":202,"82":202,"83":167,"84":8,"85":159,"86":202,"87":85,"88":81,"89":4,"90":2,"91":2,"92":202,"93":85,"94":81,"95":4,"96":2,"97":2,"98":202,"99":202,"100":254,"101":4,"102":250,"103":18,"104":232,"105":7,"106":1},"f":{"0":202,"1":63,"2":60,"3":71,"4":1,"5":176,"6":46,"7":6,"8":6,"9":7,"10":36,"11":69,"12":1,"13":1,"14":167,"15":85,"16":85,"17":254,"18":7,"19":1},"b":{"0":[0],"1":[3,60],"2":[63,60,60],"3":[3,68],"4":[71,3],"5":[3,0],"6":[1,67],"7":[62,5],"8":[67,63],"9":[1,66],"10":[67,63,4],"11":[1,66],"12":[67,63,4,2],"13":[1,66],"14":[67,63,4,1],"15":[176,0],"16":[39,7],"17":[1,0],"18":[1,0],"19":[1,1],"20":[85,117],"21":[85,117],"22":[85,117],"23":[8,159],"24":[81,4],"25":[2,2],"26":[81,4],"27":[2,2],"28":[202,200,114,95,13],"29":[4,250],"30":[18,232],"31":[202],"32":[120,82],"33":[202,115],"34":[202,200,9],"35":[52,150],"36":[202,115],"37":[202],"38":[201,199],"39":[202,200,200],"40":[202,200],"41":[202],"42":[202],"43":[91],"44":[91],"45":[91],"46":[91],"47":[9],"48":[193,191],"49":[202],"50":[197,3],"51":[2,1],"52":[3,2],"53":[1,199],"54":[200],"55":[200],"56":[200],"57":[202,111]}}
,"/home/rmholston/dev/tektos-ultima-v1/frontend/src/components/composer/ModelPicker.tsx": {"path":"/home/rmholston/dev/tektos-ultima-v1/frontend/src/components/composer/ModelPicker.tsx","statementMap":{"0":{"start":{"line":27,"column":13},"end":{"line":27,"column":42}},"1":{"start":{"line":145,"column":16},"end":{"line":145,"column":28}},"2":{"start":{"line":11,"column":64},"end":{"line":11,"column":null}},"3":{"start":{"line":27,"column":42},"end":{"line":114,"column":null}},"4":{"start":{"line":117,"column":44},"end":{"line":124,"column":null}},"5":{"start":{"line":126,"column":43},"end":{"line":133,"column":null}},"6":{"start":{"line":146,"column":30},"end":{"line":146,"column":null}},"7":{"start":{"line":147,"column":30},"end":{"line":147,"column":null}},"8":{"start":{"line":148,"column":22},"end":{"line":148,"column":null}},"9":{"start":{"line":149,"column":20},"end":{"line":149,"column":null}},"10":{"start":{"line":152,"column":18},"end":{"line":152,"column":86}},"11":{"start":{"line":152,"column":44},"end":{"line":152,"column":70}},"12":{"start":{"line":155,"column":19},"end":{"line":159,"column":null}},"13":{"start":{"line":157,"column":6},"end":{"line":159,"column":null}},"14":{"start":{"line":163,"column":18},"end":{"line":167,"column":null}},"15":{"start":{"line":164,"column":4},"end":{"line":164,"column":null}},"16":{"start":{"line":164,"column":22},"end":{"line":164,"column":null}},"17":{"start":{"line":165,"column":4},"end":{"line":165,"column":null}},"18":{"start":{"line":166,"column":4},"end":{"line":166,"column":null}},"19":{"start":{"line":170,"column":2},"end":{"line":184,"column":null}},"20":{"start":{"line":171,"column":24},"end":{"line":181,"column":null}},"21":{"start":{"line":172,"column":6},"end":{"line":180,"column":null}},"22":{"start":{"line":178,"column":8},"end":{"line":178,"column":null}},"23":{"start":{"line":179,"column":8},"end":{"line":179,"column":null}},"24":{"start":{"line":182,"column":4},"end":{"line":182,"column":null}},"25":{"start":{"line":182,"column":16},"end":{"line":182,"column":null}},"26":{"start":{"line":183,"column":4},"end":{"line":183,"column":null}},"27":{"start":{"line":183,"column":17},"end":{"line":183,"column":null}},"28":{"start":{"line":186,"column":23},"end":{"line":192,"column":null}},"29":{"start":{"line":188,"column":6},"end":{"line":188,"column":null}},"30":{"start":{"line":189,"column":6},"end":{"line":189,"column":null}},"31":{"start":{"line":190,"column":6},"end":{"line":190,"column":null}},"32":{"start":{"line":201,"column":10},"end":{"line":201,"column":null}},"33":{"start":{"line":201,"column":25},"end":{"line":201,"column":null}},"34":{"start":{"line":242,"column":31},"end":{"line":242,"column":null}},"35":{"start":{"line":251,"column":14},"end":{"line":251,"column":null}},"36":{"start":{"line":256,"column":18},"end":{"line":257,"column":null}},"37":{"start":{"line":258,"column":35},"end":{"line":258,"column":null}},"38":{"start":{"line":284,"column":24},"end":{"line":285,"column":null}}},"fnMap":{"0":{"name":"ModelPicker","decl":{"start":{"line":145,"column":16},"end":{"line":145,"column":28}},"loc":{"start":{"line":145,"column":95},"end":{"line":311,"column":null}}},"1":{"name":"(anonymous_7)","decl":{"start":{"line":152,"column":37},"end":{"line":152,"column":38}},"loc":{"start":{"line":152,"column":44},"end":{"line":152,"column":70}}},"2":{"name":"(anonymous_8)","decl":{"start":{"line":156,"column":4},"end":{"line":156,"column":5}},"loc":{"start":{"line":157,"column":6},"end":{"line":159,"column":null}}},"3":{"name":"(anonymous_9)","decl":{"start":{"line":163,"column":34},"end":{"line":163,"column":35}},"loc":{"start":{"line":163,"column":40},"end":{"line":167,"column":5}}},"4":{"name":"(anonymous_10)","decl":{"start":{"line":170,"column":12},"end":{"line":170,"column":null}},"loc":{"start":{"line":170,"column":12},"end":{"line":184,"column":5}}},"5":{"name":"(anonymous_11)","decl":{"start":{"line":171,"column":24},"end":{"line":171,"column":25}},"loc":{"start":{"line":171,"column":25},"end":{"line":181,"column":null}}},"6":{"name":"(anonymous_12)","decl":{"start":{"line":183,"column":11},"end":{"line":183,"column":17}},"loc":{"start":{"line":183,"column":17},"end":{"line":183,"column":null}}},"7":{"name":"(anonymous_13)","decl":{"start":{"line":187,"column":4},"end":{"line":187,"column":5}},"loc":{"start":{"line":187,"column":5},"end":{"line":191,"column":null}}},"8":{"name":"(anonymous_14)","decl":{"start":{"line":200,"column":17},"end":{"line":200,"column":null}},"loc":{"start":{"line":200,"column":17},"end":{"line":202,"column":null}}},"9":{"name":"(anonymous_15)","decl":{"start":{"line":242,"column":24},"end":{"line":242,"column":25}},"loc":{"start":{"line":242,"column":31},"end":{"line":242,"column":null}}},"10":{"name":"(anonymous_16)","decl":{"start":{"line":250,"column":41},"end":{"line":250,"column":42}},"loc":{"start":{"line":251,"column":14},"end":{"line":251,"column":null}}},"11":{"name":"(anonymous_17)","decl":{"start":{"line":255,"column":28},"end":{"line":255,"column":29}},"loc":{"start":{"line":256,"column":18},"end":{"line":257,"column":null}}},"12":{"name":"(anonymous_18)","decl":{"start":{"line":258,"column":29},"end":{"line":258,"column":35}},"loc":{"start":{"line":258,"column":35},"end":{"line":258,"column":null}}},"13":{"name":"(anonymous_19)","decl":{"start":{"line":283,"column":50},"end":{"line":283,"column":51}},"loc":{"start":{"line":284,"column":24},"end":{"line":285,"column":null}}}},"branchMap":{"0":{"loc":{"start":{"line":145,"column":59},"end":{"line":145,"column":75}},"type":"default-arg","locations":[{"start":{"line":145,"column":70},"end":{"line":145,"column":75}}]},"1":{"loc":{"start":{"line":152,"column":18},"end":{"line":152,"column":86}},"type":"binary-expr","locations":[{"start":{"line":152,"column":18},"end":{"line":152,"column":70}},{"start":{"line":152,"column":70},"end":{"line":152,"column":86}}]},"2":{"loc":{"start":{"line":157,"column":6},"end":{"line":159,"column":null}},"type":"binary-expr","locations":[{"start":{"line":157,"column":6},"end":{"line":157,"column":null}},{"start":{"line":158,"column":6},"end":{"line":158,"column":null}},{"start":{"line":159,"column":6},"end":{"line":159,"column":null}}]},"3":{"loc":{"start":{"line":164,"column":4},"end":{"line":164,"column":null}},"type":"if","locations":[{"start":{"line":164,"column":4},"end":{"line":164,"column":null}},{"start":{},"end":{}}]},"4":{"loc":{"start":{"line":172,"column":6},"end":{"line":180,"column":null}},"type":"if","locations":[{"start":{"line":172,"column":6},"end":{"line":180,"column":null}},{"start":{},"end":{}}]},"5":{"loc":{"start":{"line":173,"column":8},"end":{"line":176,"column":null}},"type":"binary-expr","locations":[{"start":{"line":173,"column":8},"end":{"line":173,"column":27}},{"start":{"line":174,"column":8},"end":{"line":174,"column":null}},{"start":{"line":175,"column":8},"end":{"line":175,"column":25}},{"start":{"line":176,"column":8},"end":{"line":176,"column":null}}]},"6":{"loc":{"start":{"line":182,"column":4},"end":{"line":182,"column":null}},"type":"if","locations":[{"start":{"line":182,"column":4},"end":{"line":182,"column":null}},{"start":{},"end":{}}]},"7":{"loc":{"start":{"line":201,"column":10},"end":{"line":201,"column":null}},"type":"if","locations":[{"start":{"line":201,"column":10},"end":{"line":201,"column":null}},{"start":{},"end":{}}]},"8":{"loc":{"start":{"line":208,"column":12},"end":{"line":210,"column":null}},"type":"cond-expr","locations":[{"start":{"line":209,"column":16},"end":{"line":209,"column":null}},{"start":{"line":210,"column":16},"end":{"line":210,"column":null}}]},"9":{"loc":{"start":{"line":212,"column":12},"end":{"line":212,"column":74}},"type":"cond-expr","locations":[{"start":{"line":212,"column":23},"end":{"line":212,"column":57}},{"start":{"line":212,"column":57},"end":{"line":212,"column":74}}]},"10":{"loc":{"start":{"line":224,"column":72},"end":{"line":224,"column":100}},"type":"cond-expr","locations":[{"start":{"line":224,"column":81},"end":{"line":224,"column":96}},{"start":{"line":224,"column":96},"end":{"line":224,"column":100}}]},"11":{"loc":{"start":{"line":235,"column":7},"end":{"line":235,"column":null}},"type":"binary-expr","locations":[{"start":{"line":235,"column":7},"end":{"line":235,"column":null}}]},"12":{"loc":{"start":{"line":261,"column":24},"end":{"line":261,"column":96}},"type":"cond-expr","locations":[{"start":{"line":261,"column":52},"end":{"line":261,"column":93}},{"start":{"line":261,"column":93},"end":{"line":261,"column":96}}]},"13":{"loc":{"start":{"line":269,"column":25},"end":{"line":269,"column":42}},"type":"binary-expr","locations":[{"start":{"line":269,"column":25},"end":{"line":269,"column":42}}]},"14":{"loc":{"start":{"line":291,"column":23},"end":{"line":291,"column":null}},"type":"binary-expr","locations":[{"start":{"line":291,"column":23},"end":{"line":291,"column":null}}]}},"s":{"0":13,"1":223,"2":2,"3":2,"4":2,"5":2,"6":236,"7":236,"8":236,"9":236,"10":236,"11":1942,"12":236,"13":2360,"14":236,"15":2319,"16":1162,"17":2319,"18":2319,"19":236,"20":89,"21":6,"22":1,"23":1,"24":89,"25":19,"26":89,"27":89,"28":236,"29":5,"30":5,"31":5,"32":19,"33":19,"34":5,"35":102,"36":199,"37":5,"38":557},"f":{"0":236,"1":1942,"2":2360,"3":2319,"4":89,"5":6,"6":89,"7":5,"8":19,"9":5,"10":102,"11":199,"12":5,"13":557},"b":{"0":[234],"1":[236,183],"2":[2360,47,41],"3":[1162,1157],"4":[1,5],"5":[6,6,1,1],"6":[19,70],"7":[19,0],"8":[24,212],"9":[2,234],"10":[24,212],"11":[236],"12":[19,180],"13":[199],"14":[199]}}
,"/home/rmholston/dev/tektos-ultima-v1/frontend/src/lib/protocol.ts": {"path":"/home/rmholston/dev/tektos-ultima-v1/frontend/src/lib/protocol.ts","statementMap":{"0":{"start":{"line":141,"column":13},"end":{"line":141,"column":25}},"1":{"start":{"line":15,"column":13},"end":{"line":15,"column":null}},"2":{"start":{"line":16,"column":10},"end":{"line":16,"column":null}},"3":{"start":{"line":17,"column":10},"end":{"line":17,"column":null}},"4":{"start":{"line":18,"column":10},"end":{"line":18,"column":null}},"5":{"start":{"line":19,"column":10},"end":{"line":19,"column":null}},"6":{"start":{"line":20,"column":10},"end":{"line":20,"column":null}},"7":{"start":{"line":21,"column":10},"end":{"line":21,"column":null}},"8":{"start":{"line":22,"column":10},"end":{"line":22,"column":null}},"9":{"start":{"line":23,"column":10},"end":{"line":23,"column":null}},"10":{"start":{"line":24,"column":10},"end":{"line":24,"column":null}},"11":{"start":{"line":25,"column":10},"end":{"line":25,"column":null}},"12":{"start":{"line":26,"column":10},"end":{"line":26,"column":null}},"13":{"start":{"line":27,"column":10},"end":{"line":27,"column":null}},"14":{"start":{"line":28,"column":10},"end":{"line":28,"column":null}},"15":{"start":{"line":29,"column":10},"end":{"line":29,"column":null}},"16":{"start":{"line":32,"column":4},"end":{"line":32,"column":null}},"17":{"start":{"line":32,"column":23},"end":{"line":32,"column":null}},"18":{"start":{"line":33,"column":4},"end":{"line":33,"column":null}},"19":{"start":{"line":33,"column":23},"end":{"line":33,"column":null}},"20":{"start":{"line":34,"column":4},"end":{"line":38,"column":null}},"21":{"start":{"line":35,"column":6},"end":{"line":35,"column":null}},"22":{"start":{"line":38,"column":9},"end":{"line":38,"column":null}},"23":{"start":{"line":42,"column":4},"end":{"line":42,"column":null}},"24":{"start":{"line":42,"column":40},"end":{"line":42,"column":105}},"25":{"start":{"line":42,"column":46},"end":{"line":42,"column":54}},"26":{"start":{"line":42,"column":68},"end":{"line":42,"column":103}},"27":{"start":{"line":46,"column":4},"end":{"line":46,"column":null}},"28":{"start":{"line":46,"column":57},"end":{"line":46,"column":null}},"29":{"start":{"line":51,"column":4},"end":{"line":51,"column":null}},"30":{"start":{"line":56,"column":4},"end":{"line":58,"column":null}},"31":{"start":{"line":57,"column":6},"end":{"line":57,"column":null}},"32":{"start":{"line":57,"column":12},"end":{"line":57,"column":51}},"33":{"start":{"line":59,"column":4},"end":{"line":59,"column":null}},"34":{"start":{"line":59,"column":28},"end":{"line":59,"column":59}},"35":{"start":{"line":59,"column":59},"end":{"line":59,"column":67}},"36":{"start":{"line":60,"column":4},"end":{"line":60,"column":null}},"37":{"start":{"line":61,"column":4},"end":{"line":61,"column":null}},"38":{"start":{"line":62,"column":4},"end":{"line":69,"column":null}},"39":{"start":{"line":63,"column":6},"end":{"line":63,"column":null}},"40":{"start":{"line":64,"column":6},"end":{"line":64,"column":null}},"41":{"start":{"line":64,"column":31},"end":{"line":64,"column":59}},"42":{"start":{"line":64,"column":59},"end":{"line":64,"column":87}},"43":{"start":{"line":64,"column":87},"end":{"line":64,"column":115}},"44":{"start":{"line":64,"column":115},"end":{"line":64,"column":138}},"45":{"start":{"line":65,"column":6},"end":{"line":65,"column":null}},"46":{"start":{"line":65,"column":49},"end":{"line":65,"column":160}},"47":{"start":{"line":65,"column":55},"end":{"line":65,"column":90}},"48":{"start":{"line":65,"column":106},"end":{"line":65,"column":158}},"49":{"start":{"line":66,"column":6},"end":{"line":67,"column":null}},"50":{"start":{"line":66,"column":34},"end":{"line":66,"column":56}},"51":{"start":{"line":66,"column":56},"end":{"line":66,"column":null}},"52":{"start":{"line":67,"column":8},"end":{"line":67,"column":45}},"53":{"start":{"line":68,"column":6},"end":{"line":68,"column":null}},"54":{"start":{"line":68,"column":30},"end":{"line":68,"column":null}},"55":{"start":{"line":69,"column":20},"end":{"line":69,"column":74}},"56":{"start":{"line":72,"column":23},"end":{"line":72,"column":91}},"57":{"start":{"line":72,"column":38},"end":{"line":72,"column":73}},"58":{"start":{"line":72,"column":73},"end":{"line":72,"column":89}},"59":{"start":{"line":72,"column":91},"end":{"line":72,"column":113}},"60":{"start":{"line":72,"column":113},"end":{"line":72,"column":144}},"61":{"start":{"line":73,"column":22},"end":{"line":73,"column":41}},"62":{"start":{"line":73,"column":41},"end":{"line":73,"column":57}},"63":{"start":{"line":75,"column":21},"end":{"line":75,"column":null}},"64":{"start":{"line":76,"column":4},"end":{"line":76,"column":null}},"65":{"start":{"line":76,"column":24},"end":{"line":76,"column":null}},"66":{"start":{"line":77,"column":4},"end":{"line":77,"column":null}},"67":{"start":{"line":77,"column":22},"end":{"line":77,"column":null}},"68":{"start":{"line":78,"column":4},"end":{"line":78,"column":null}},"69":{"start":{"line":80,"column":26},"end":{"line":80,"column":130}},"70":{"start":{"line":80,"column":47},"end":{"line":80,"column":130}},"71":{"start":{"line":82,"column":35},"end":{"line":82,"column":57}},"72":{"start":{"line":83,"column":28},"end":{"line":83,"column":52}},"73":{"start":{"line":86,"column":16},"end":{"line":86,"column":null}},"74":{"start":{"line":87,"column":4},"end":{"line":87,"column":null}},"75":{"start":{"line":87,"column":33},"end":{"line":87,"column":null}},"76":{"start":{"line":88,"column":4},"end":{"line":88,"column":null}},"77":{"start":{"line":92,"column":16},"end":{"line":92,"column":null}},"78":{"start":{"line":93,"column":4},"end":{"line":93,"column":null}},"79":{"start":{"line":96,"column":41},"end":{"line":96,"column":75}},"80":{"start":{"line":97,"column":52},"end":{"line":97,"column":89}},"81":{"start":{"line":97,"column":89},"end":{"line":97,"column":134}},"82":{"start":{"line":97,"column":101},"end":{"line":97,"column":134}},"83":{"start":{"line":98,"column":47},"end":{"line":98,"column":81}},"84":{"start":{"line":99,"column":58},"end":{"line":99,"column":95}},"85":{"start":{"line":99,"column":95},"end":{"line":99,"column":140}},"86":{"start":{"line":99,"column":107},"end":{"line":99,"column":140}},"87":{"start":{"line":102,"column":4},"end":{"line":102,"column":null}},"88":{"start":{"line":103,"column":21},"end":{"line":103,"column":40}},"89":{"start":{"line":104,"column":21},"end":{"line":104,"column":null}},"90":{"start":{"line":105,"column":4},"end":{"line":105,"column":null}},"91":{"start":{"line":105,"column":18},"end":{"line":105,"column":null}},"92":{"start":{"line":105,"column":44},"end":{"line":105,"column":137}},"93":{"start":{"line":105,"column":50},"end":{"line":105,"column":63}},"94":{"start":{"line":105,"column":77},"end":{"line":105,"column":135}},"95":{"start":{"line":106,"column":21},"end":{"line":106,"column":null}},"96":{"start":{"line":107,"column":4},"end":{"line":107,"column":null}},"97":{"start":{"line":107,"column":18},"end":{"line":107,"column":null}},"98":{"start":{"line":107,"column":44},"end":{"line":107,"column":140}},"99":{"start":{"line":107,"column":50},"end":{"line":107,"column":63}},"100":{"start":{"line":107,"column":77},"end":{"line":107,"column":138}},"101":{"start":{"line":111,"column":4},"end":{"line":111,"column":null}},"102":{"start":{"line":112,"column":4},"end":{"line":112,"column":null}},"103":{"start":{"line":112,"column":38},"end":{"line":112,"column":null}},"104":{"start":{"line":116,"column":14},"end":{"line":116,"column":null}},"105":{"start":{"line":117,"column":4},"end":{"line":117,"column":null}},"106":{"start":{"line":118,"column":4},"end":{"line":118,"column":null}},"107":{"start":{"line":119,"column":4},"end":{"line":119,"column":null}},"108":{"start":{"line":119,"column":21},"end":{"line":119,"column":37}},"109":{"start":{"line":123,"column":4},"end":{"line":123,"column":null}},"110":{"start":{"line":124,"column":4},"end":{"line":124,"column":null}},"111":{"start":{"line":125,"column":4},"end":{"line":125,"column":null}},"112":{"start":{"line":125,"column":47},"end":{"line":125,"column":69}},"113":{"start":{"line":138,"column":34},"end":{"line":138,"column":136}},"114":{"start":{"line":138,"column":64},"end":{"line":138,"column":103}},"115":{"start":{"line":138,"column":103},"end":{"line":138,"column":134}},"116":{"start":{"line":141,"column":25},"end":{"line":148,"column":null}}},"fnMap":{"0":{"name":"(anonymous_3)","decl":{"start":{"line":31,"column":2},"end":{"line":31,"column":14}},"loc":{"start":{"line":31,"column":77},"end":{"line":39,"column":null}}},"1":{"name":"(anonymous_4)","decl":{"start":{"line":41,"column":10},"end":{"line":41,"column":22}},"loc":{"start":{"line":41,"column":40},"end":{"line":43,"column":null}}},"2":{"name":"(anonymous_5)","decl":{"start":{"line":42,"column":31},"end":{"line":42,"column":32}},"loc":{"start":{"line":42,"column":32},"end":{"line":42,"column":null}}},"3":{"name":"(anonymous_6)","decl":{"start":{"line":45,"column":2},"end":{"line":45,"column":19}},"loc":{"start":{"line":45,"column":41},"end":{"line":47,"column":null}}},"4":{"name":"(anonymous_7)","decl":{"start":{"line":50,"column":2},"end":{"line":50,"column":36}},"loc":{"start":{"line":50,"column":59},"end":{"line":52,"column":null}}},"5":{"name":"(anonymous_8)","decl":{"start":{"line":54,"column":2},"end":{"line":54,"column":18}},"loc":{"start":{"line":54,"column":18},"end":{"line":70,"column":null}}},"6":{"name":"(anonymous_9)","decl":{"start":{"line":64,"column":23},"end":{"line":64,"column":31}},"loc":{"start":{"line":64,"column":23},"end":{"line":64,"column":null}}},"7":{"name":"(anonymous_10)","decl":{"start":{"line":65,"column":26},"end":{"line":65,"column":27}},"loc":{"start":{"line":65,"column":27},"end":{"line":65,"column":null}}},"8":{"name":"(anonymous_11)","decl":{"start":{"line":66,"column":24},"end":{"line":66,"column":25}},"loc":{"start":{"line":66,"column":25},"end":{"line":67,"column":null}}},"9":{"name":"(anonymous_12)","decl":{"start":{"line":68,"column":24},"end":{"line":68,"column":30}},"loc":{"start":{"line":68,"column":30},"end":{"line":68,"column":null}}},"10":{"name":"(anonymous_13)","decl":{"start":{"line":72,"column":2},"end":{"line":72,"column":21}},"loc":{"start":{"line":72,"column":21},"end":{"line":72,"column":null}}},"11":{"name":"(anonymous_14)","decl":{"start":{"line":73,"column":2},"end":{"line":73,"column":20}},"loc":{"start":{"line":73,"column":20},"end":{"line":73,"column":null}}},"12":{"name":"(anonymous_15)","decl":{"start":{"line":74,"column":2},"end":{"line":74,"column":13}},"loc":{"start":{"line":74,"column":80},"end":{"line":79,"column":null}}},"13":{"name":"(anonymous_16)","decl":{"start":{"line":80,"column":2},"end":{"line":80,"column":24}},"loc":{"start":{"line":80,"column":24},"end":{"line":80,"column":null}}},"14":{"name":"(anonymous_17)","decl":{"start":{"line":81,"column":2},"end":{"line":81,"column":13}},"loc":{"start":{"line":81,"column":36},"end":{"line":81,"column":null}}},"15":{"name":"(anonymous_18)","decl":{"start":{"line":82,"column":2},"end":{"line":82,"column":15}},"loc":{"start":{"line":82,"column":33},"end":{"line":82,"column":null}}},"16":{"name":"(anonymous_19)","decl":{"start":{"line":83,"column":2},"end":{"line":83,"column":6}},"loc":{"start":{"line":83,"column":26},"end":{"line":83,"column":null}}},"17":{"name":"(anonymous_20)","decl":{"start":{"line":85,"column":2},"end":{"line":85,"column":5}},"loc":{"start":{"line":85,"column":59},"end":{"line":89,"column":null}}},"18":{"name":"(anonymous_21)","decl":{"start":{"line":91,"column":2},"end":{"line":91,"column":6}},"loc":{"start":{"line":91,"column":60},"end":{"line":94,"column":null}}},"19":{"name":"(anonymous_22)","decl":{"start":{"line":96,"column":2},"end":{"line":96,"column":10}},"loc":{"start":{"line":96,"column":39},"end":{"line":96,"column":null}}},"20":{"name":"(anonymous_23)","decl":{"start":{"line":97,"column":2},"end":{"line":97,"column":11}},"loc":{"start":{"line":97,"column":40},"end":{"line":97,"column":null}}},"21":{"name":"(anonymous_24)","decl":{"start":{"line":98,"column":2},"end":{"line":98,"column":16}},"loc":{"start":{"line":98,"column":45},"end":{"line":98,"column":null}}},"22":{"name":"(anonymous_25)","decl":{"start":{"line":99,"column":2},"end":{"line":99,"column":17}},"loc":{"start":{"line":99,"column":46},"end":{"line":99,"column":null}}},"23":{"name":"(anonymous_26)","decl":{"start":{"line":101,"column":10},"end":{"line":101,"column":19}},"loc":{"start":{"line":101,"column":53},"end":{"line":108,"column":null}}},"24":{"name":"(anonymous_27)","decl":{"start":{"line":105,"column":35},"end":{"line":105,"column":36}},"loc":{"start":{"line":105,"column":36},"end":{"line":105,"column":null}}},"25":{"name":"(anonymous_28)","decl":{"start":{"line":107,"column":35},"end":{"line":107,"column":36}},"loc":{"start":{"line":107,"column":36},"end":{"line":107,"column":null}}},"26":{"name":"(anonymous_29)","decl":{"start":{"line":110,"column":10},"end":{"line":110,"column":19}},"loc":{"start":{"line":110,"column":64},"end":{"line":113,"column":null}}},"27":{"name":"(anonymous_30)","decl":{"start":{"line":112,"column":31},"end":{"line":112,"column":32}},"loc":{"start":{"line":112,"column":38},"end":{"line":112,"column":null}}},"28":{"name":"(anonymous_31)","decl":{"start":{"line":115,"column":10},"end":{"line":115,"column":36}},"loc":{"start":{"line":115,"column":36},"end":{"line":120,"column":null}}},"29":{"name":"(anonymous_32)","decl":{"start":{"line":119,"column":15},"end":{"line":119,"column":21}},"loc":{"start":{"line":119,"column":21},"end":{"line":119,"column":37}}},"30":{"name":"(anonymous_33)","decl":{"start":{"line":122,"column":10},"end":{"line":122,"column":33}},"loc":{"start":{"line":122,"column":33},"end":{"line":126,"column":null}}},"31":{"name":"(anonymous_34)","decl":{"start":{"line":125,"column":41},"end":{"line":125,"column":47}},"loc":{"start":{"line":125,"column":47},"end":{"line":125,"column":69}}},"32":{"name":"(anonymous_35)","decl":{"start":{"line":138,"column":10},"end":{"line":138,"column":32}},"loc":{"start":{"line":138,"column":32},"end":{"line":138,"column":null}}}},"branchMap":{"0":{"loc":{"start":{"line":32,"column":4},"end":{"line":32,"column":null}},"type":"if","locations":[{"start":{"line":32,"column":4},"end":{"line":32,"column":null}},{"start":{},"end":{}}]},"1":{"loc":{"start":{"line":33,"column":4},"end":{"line":33,"column":null}},"type":"if","locations":[{"start":{"line":33,"column":4},"end":{"line":33,"column":null}},{"start":{},"end":{}}]},"2":{"loc":{"start":{"line":34,"column":4},"end":{"line":38,"column":null}},"type":"if","locations":[{"start":{"line":34,"column":4},"end":{"line":38,"column":null}},{"start":{"line":38,"column":9},"end":{"line":38,"column":null}}]},"3":{"loc":{"start":{"line":46,"column":4},"end":{"line":46,"column":null}},"type":"if","locations":[{"start":{"line":46,"column":4},"end":{"line":46,"column":null}},{"start":{},"end":{}}]},"4":{"loc":{"start":{"line":46,"column":8},"end":{"line":46,"column":57}},"type":"binary-expr","locations":[{"start":{"line":46,"column":8},"end":{"line":46,"column":28}},{"start":{"line":46,"column":28},"end":{"line":46,"column":57}}]},"5":{"loc":{"start":{"line":56,"column":4},"end":{"line":58,"column":null}},"type":"if","locations":[{"start":{"line":56,"column":4},"end":{"line":58,"column":null}},{"start":{},"end":{}}]},"6":{"loc":{"start":{"line":56,"column":8},"end":{"line":56,"column":55}},"type":"binary-expr","locations":[{"start":{"line":56,"column":8},"end":{"line":56,"column":15}},{"start":{"line":56,"column":19},"end":{"line":56,"column":55}}]},"7":{"loc":{"start":{"line":59,"column":4},"end":{"line":59,"column":null}},"type":"if","locations":[{"start":{"line":59,"column":4},"end":{"line":59,"column":null}},{"start":{},"end":{}}]},"8":{"loc":{"start":{"line":66,"column":86},"end":{"line":66,"column":null}},"type":"binary-expr","locations":[{"start":{"line":66,"column":86},"end":{"line":66,"column":95}},{"start":{"line":66,"column":99},"end":{"line":66,"column":null}}]},"9":{"loc":{"start":{"line":72,"column":23},"end":{"line":72,"column":91}},"type":"if","locations":[{"start":{"line":72,"column":23},"end":{"line":72,"column":91}},{"start":{},"end":{}}]},"10":{"loc":{"start":{"line":76,"column":4},"end":{"line":76,"column":null}},"type":"if","locations":[{"start":{"line":76,"column":4},"end":{"line":76,"column":null}},{"start":{},"end":{}}]},"11":{"loc":{"start":{"line":77,"column":4},"end":{"line":77,"column":null}},"type":"if","locations":[{"start":{"line":77,"column":4},"end":{"line":77,"column":null}},{"start":{},"end":{}}]},"12":{"loc":{"start":{"line":80,"column":26},"end":{"line":80,"column":130}},"type":"if","locations":[{"start":{"line":80,"column":26},"end":{"line":80,"column":130}},{"start":{},"end":{}}]},"13":{"loc":{"start":{"line":86,"column":16},"end":{"line":86,"column":null}},"type":"cond-expr","locations":[{"start":{"line":86,"column":36},"end":{"line":86,"column":42}},{"start":{"line":86,"column":42},"end":{"line":86,"column":null}}]},"14":{"loc":{"start":{"line":87,"column":4},"end":{"line":87,"column":null}},"type":"if","locations":[{"start":{"line":87,"column":4},"end":{"line":87,"column":null}},{"start":{},"end":{}}]},"15":{"loc":{"start":{"line":92,"column":16},"end":{"line":92,"column":null}},"type":"cond-expr","locations":[{"start":{"line":92,"column":36},"end":{"line":92,"column":42}},{"start":{"line":92,"column":42},"end":{"line":92,"column":null}}]},"16":{"loc":{"start":{"line":97,"column":89},"end":{"line":97,"column":134}},"type":"if","locations":[{"start":{"line":97,"column":89},"end":{"line":97,"column":134}},{"start":{},"end":{}}]},"17":{"loc":{"start":{"line":99,"column":95},"end":{"line":99,"column":140}},"type":"if","locations":[{"start":{"line":99,"column":95},"end":{"line":99,"column":140}},{"start":{},"end":{}}]},"18":{"loc":{"start":{"line":105,"column":4},"end":{"line":105,"column":null}},"type":"if","locations":[{"start":{"line":105,"column":4},"end":{"line":105,"column":null}},{"start":{},"end":{}}]},"19":{"loc":{"start":{"line":107,"column":4},"end":{"line":107,"column":null}},"type":"if","locations":[{"start":{"line":107,"column":4},"end":{"line":107,"column":null}},{"start":{},"end":{}}]},"20":{"loc":{"start":{"line":112,"column":59},"end":{"line":112,"column":69}},"type":"binary-expr","locations":[{"start":{"line":112,"column":59},"end":{"line":112,"column":64}},{"start":{"line":112,"column":64},"end":{"line":112,"column":69}}]},"21":{"loc":{"start":{"line":138,"column":34},"end":{"line":138,"column":136}},"type":"if","locations":[{"start":{"line":138,"column":34},"end":{"line":138,"column":136}},{"start":{},"end":{}}]}},"s":{"0":564,"1":51,"2":51,"3":51,"4":51,"5":51,"6":51,"7":51,"8":51,"9":51,"10":51,"11":51,"12":51,"13":51,"14":51,"15":51,"16":51,"17":1,"18":51,"19":1,"20":51,"21":1,"22":50,"23":5,"24":6,"25":6,"26":1,"27":6,"28":3,"29":3,"30":23,"31":1,"32":1,"33":23,"34":1,"35":1,"36":22,"37":22,"38":22,"39":22,"40":21,"41":11,"42":11,"43":11,"44":11,"45":21,"46":5,"47":5,"48":1,"49":21,"50":3,"51":3,"52":3,"53":21,"54":1,"55":1,"56":3,"57":2,"58":2,"59":3,"60":3,"61":1,"62":1,"63":5,"64":5,"65":1,"66":5,"67":1,"68":5,"69":3,"70":1,"71":29,"72":2,"73":9,"74":9,"75":8,"76":9,"77":4,"78":4,"79":8,"80":2,"81":2,"82":1,"83":5,"84":2,"85":2,"86":1,"87":4,"88":4,"89":4,"90":4,"91":3,"92":3,"93":3,"94":1,"95":4,"96":4,"97":1,"98":1,"99":1,"100":1,"101":44,"102":44,"103":4,"104":3,"105":3,"106":3,"107":3,"108":0,"109":11,"110":11,"111":11,"112":0,"113":7,"114":3,"115":3,"116":4},"f":{"0":51,"1":5,"2":6,"3":6,"4":3,"5":23,"6":11,"7":5,"8":3,"9":1,"10":3,"11":1,"12":5,"13":3,"14":1,"15":29,"16":2,"17":9,"18":4,"19":8,"20":2,"21":5,"22":2,"23":4,"24":3,"25":1,"26":44,"27":4,"28":3,"29":0,"30":11,"31":0,"32":7},"b":{"0":[1,50],"1":[1,50],"2":[1,50],"3":[3,3],"4":[6,5],"5":[1,22],"6":[23,1],"7":[1,22],"8":[3,0],"9":[2,1],"10":[1,4],"11":[1,4],"12":[1,2],"13":[2,7],"14":[8,1],"15":[0,4],"16":[1,1],"17":[1,1],"18":[3,1],"19":[1,3],"20":[4,3],"21":[3,4]}}
,"/home/rmholston/dev/tektos-ultima-v1/frontend/src/lib/session-store.ts": {"path":"/home/rmholston/dev/tektos-ultima-v1/frontend/src/lib/session-store.ts","statementMap":{"0":{"start":{"line":46,"column":13},"end":{"line":46,"column":null}},"1":{"start":{"line":10,"column":42},"end":{"line":10,"column":null}},"2":{"start":{"line":47,"column":10},"end":{"line":47,"column":null}},"3":{"start":{"line":48,"column":10},"end":{"line":48,"column":null}},"4":{"start":{"line":340,"column":10},"end":{"line":340,"column":null}},"5":{"start":{"line":52,"column":4},"end":{"line":52,"column":null}},"6":{"start":{"line":53,"column":4},"end":{"line":53,"column":null}},"7":{"start":{"line":54,"column":4},"end":{"line":54,"column":null}},"8":{"start":{"line":62,"column":21},"end":{"line":69,"column":null}},"9":{"start":{"line":71,"column":4},"end":{"line":73,"column":null}},"10":{"start":{"line":72,"column":6},"end":{"line":72,"column":null}},"11":{"start":{"line":75,"column":17},"end":{"line":75,"column":null}},"12":{"start":{"line":76,"column":37},"end":{"line":88,"column":null}},"13":{"start":{"line":90,"column":4},"end":{"line":90,"column":null}},"14":{"start":{"line":91,"column":4},"end":{"line":91,"column":null}},"15":{"start":{"line":92,"column":4},"end":{"line":92,"column":null}},"16":{"start":{"line":95,"column":4},"end":{"line":95,"column":null}},"17":{"start":{"line":97,"column":4},"end":{"line":97,"column":null}},"18":{"start":{"line":101,"column":19},"end":{"line":101,"column":null}},"19":{"start":{"line":102,"column":4},"end":{"line":104,"column":null}},"20":{"start":{"line":103,"column":6},"end":{"line":103,"column":null}},"21":{"start":{"line":105,"column":4},"end":{"line":107,"column":null}},"22":{"start":{"line":106,"column":6},"end":{"line":106,"column":null}},"23":{"start":{"line":109,"column":21},"end":{"line":109,"column":null}},"24":{"start":{"line":110,"column":4},"end":{"line":112,"column":null}},"25":{"start":{"line":111,"column":6},"end":{"line":111,"column":null}},"26":{"start":{"line":114,"column":17},"end":{"line":114,"column":null}},"27":{"start":{"line":115,"column":21},"end":{"line":115,"column":null}},"28":{"start":{"line":115,"column":51},"end":{"line":115,"column":null}},"29":{"start":{"line":116,"column":4},"end":{"line":116,"column":null}},"30":{"start":{"line":116,"column":45},"end":{"line":116,"column":null}},"31":{"start":{"line":117,"column":4},"end":{"line":117,"column":null}},"32":{"start":{"line":119,"column":4},"end":{"line":119,"column":null}},"33":{"start":{"line":123,"column":19},"end":{"line":123,"column":null}},"34":{"start":{"line":124,"column":4},"end":{"line":124,"column":null}},"35":{"start":{"line":124,"column":16},"end":{"line":124,"column":null}},"36":{"start":{"line":126,"column":21},"end":{"line":126,"column":null}},"37":{"start":{"line":127,"column":4},"end":{"line":127,"column":null}},"38":{"start":{"line":127,"column":22},"end":{"line":127,"column":null}},"39":{"start":{"line":129,"column":17},"end":{"line":129,"column":null}},"40":{"start":{"line":130,"column":20},"end":{"line":130,"column":null}},"41":{"start":{"line":131,"column":4},"end":{"line":131,"column":null}},"42":{"start":{"line":132,"column":4},"end":{"line":132,"column":null}},"43":{"start":{"line":136,"column":4},"end":{"line":140,"column":null}},"44":{"start":{"line":142,"column":20},"end":{"line":142,"column":null}},"45":{"start":{"line":143,"column":4},"end":{"line":148,"column":null}},"46":{"start":{"line":144,"column":6},"end":{"line":144,"column":null}},"47":{"start":{"line":145,"column":6},"end":{"line":145,"column":null}},"48":{"start":{"line":146,"column":6},"end":{"line":146,"column":null}},"49":{"start":{"line":147,"column":6},"end":{"line":147,"column":null}},"50":{"start":{"line":152,"column":4},"end":{"line":156,"column":null}},"51":{"start":{"line":158,"column":20},"end":{"line":158,"column":null}},"52":{"start":{"line":159,"column":4},"end":{"line":164,"column":null}},"53":{"start":{"line":160,"column":6},"end":{"line":160,"column":null}},"54":{"start":{"line":161,"column":6},"end":{"line":161,"column":null}},"55":{"start":{"line":162,"column":6},"end":{"line":162,"column":null}},"56":{"start":{"line":163,"column":6},"end":{"line":163,"column":null}},"57":{"start":{"line":168,"column":4},"end":{"line":168,"column":null}},"58":{"start":{"line":170,"column":20},"end":{"line":170,"column":null}},"59":{"start":{"line":171,"column":4},"end":{"line":177,"column":null}},"60":{"start":{"line":172,"column":6},"end":{"line":172,"column":null}},"61":{"start":{"line":173,"column":6},"end":{"line":173,"column":null}},"62":{"start":{"line":174,"column":6},"end":{"line":174,"column":null}},"63":{"start":{"line":175,"column":6},"end":{"line":175,"column":null}},"64":{"start":{"line":176,"column":6},"end":{"line":176,"column":null}},"65":{"start":{"line":181,"column":4},"end":{"line":181,"column":null}},"66":{"start":{"line":182,"column":4},"end":{"line":182,"column":null}},"67":{"start":{"line":183,"column":4},"end":{"line":183,"column":null}},"68":{"start":{"line":184,"column":4},"end":{"line":184,"column":null}},"69":{"start":{"line":188,"column":21},"end":{"line":194,"column":null}},"70":{"start":{"line":196,"column":4},"end":{"line":198,"column":null}},"71":{"start":{"line":197,"column":6},"end":{"line":197,"column":null}},"72":{"start":{"line":200,"column":17},"end":{"line":200,"column":null}},"73":{"start":{"line":201,"column":37},"end":{"line":213,"column":null}},"74":{"start":{"line":215,"column":4},"end":{"line":215,"column":null}},"75":{"start":{"line":216,"column":4},"end":{"line":216,"column":null}},"76":{"start":{"line":217,"column":4},"end":{"line":217,"column":null}},"77":{"start":{"line":219,"column":4},"end":{"line":219,"column":null}},"78":{"start":{"line":227,"column":4},"end":{"line":243,"column":null}},"79":{"start":{"line":228,"column":39},"end":{"line":239,"column":null}},"80":{"start":{"line":240,"column":6},"end":{"line":240,"column":null}},"81":{"start":{"line":241,"column":6},"end":{"line":241,"column":null}},"82":{"start":{"line":242,"column":6},"end":{"line":242,"column":null}},"83":{"start":{"line":245,"column":4},"end":{"line":255,"column":null}},"84":{"start":{"line":246,"column":22},"end":{"line":246,"column":null}},"85":{"start":{"line":247,"column":6},"end":{"line":254,"column":null}},"86":{"start":{"line":248,"column":8},"end":{"line":248,"column":null}},"87":{"start":{"line":249,"column":8},"end":{"line":249,"column":null}},"88":{"start":{"line":250,"column":8},"end":{"line":250,"column":null}},"89":{"start":{"line":251,"column":8},"end":{"line":251,"column":null}},"90":{"start":{"line":252,"column":8},"end":{"line":252,"column":null}},"91":{"start":{"line":253,"column":8},"end":{"line":253,"column":null}},"92":{"start":{"line":257,"column":4},"end":{"line":266,"column":null}},"93":{"start":{"line":258,"column":22},"end":{"line":258,"column":null}},"94":{"start":{"line":259,"column":6},"end":{"line":265,"column":null}},"95":{"start":{"line":260,"column":8},"end":{"line":260,"column":null}},"96":{"start":{"line":260,"column":37},"end":{"line":260,"column":null}},"97":{"start":{"line":261,"column":8},"end":{"line":261,"column":null}},"98":{"start":{"line":261,"column":36},"end":{"line":261,"column":null}},"99":{"start":{"line":262,"column":8},"end":{"line":262,"column":null}},"100":{"start":{"line":263,"column":8},"end":{"line":263,"column":null}},"101":{"start":{"line":264,"column":8},"end":{"line":264,"column":null}},"102":{"start":{"line":268,"column":4},"end":{"line":278,"column":null}},"103":{"start":{"line":269,"column":22},"end":{"line":269,"column":null}},"104":{"start":{"line":270,"column":6},"end":{"line":277,"column":null}},"105":{"start":{"line":271,"column":8},"end":{"line":271,"column":null}},"106":{"start":{"line":272,"column":8},"end":{"line":272,"column":null}},"107":{"start":{"line":273,"column":8},"end":{"line":273,"column":null}},"108":{"start":{"line":274,"column":8},"end":{"line":274,"column":null}},"109":{"start":{"line":275,"column":8},"end":{"line":275,"column":null}},"110":{"start":{"line":276,"column":8},"end":{"line":276,"column":null}},"111":{"start":{"line":280,"column":4},"end":{"line":287,"column":null}},"112":{"start":{"line":281,"column":22},"end":{"line":281,"column":null}},"113":{"start":{"line":282,"column":6},"end":{"line":286,"column":null}},"114":{"start":{"line":283,"column":8},"end":{"line":283,"column":null}},"115":{"start":{"line":284,"column":8},"end":{"line":284,"column":null}},"116":{"start":{"line":285,"column":8},"end":{"line":285,"column":null}},"117":{"start":{"line":295,"column":4},"end":{"line":295,"column":null}},"118":{"start":{"line":299,"column":4},"end":{"line":299,"column":null}},"119":{"start":{"line":303,"column":4},"end":{"line":305,"column":null}},"120":{"start":{"line":304,"column":6},"end":{"line":304,"column":null}},"121":{"start":{"line":304,"column":12},"end":{"line":304,"column":29}},"122":{"start":{"line":304,"column":45},"end":{"line":304,"column":98}},"123":{"start":{"line":313,"column":4},"end":{"line":314,"column":null}},"124":{"start":{"line":314,"column":16},"end":{"line":314,"column":null}},"125":{"start":{"line":319,"column":4},"end":{"line":319,"column":null}},"126":{"start":{"line":319,"column":39},"end":{"line":319,"column":84}},"127":{"start":{"line":323,"column":18},"end":{"line":323,"column":null}},"128":{"start":{"line":324,"column":4},"end":{"line":328,"column":null}},"129":{"start":{"line":326,"column":8},"end":{"line":328,"column":null}},"130":{"start":{"line":333,"column":4},"end":{"line":333,"column":null}},"131":{"start":{"line":343,"column":61},"end":{"line":343,"column":null}},"132":{"start":{"line":344,"column":4},"end":{"line":348,"column":null}},"133":{"start":{"line":345,"column":6},"end":{"line":345,"column":null}},"134":{"start":{"line":347,"column":6},"end":{"line":347,"column":null}},"135":{"start":{"line":352,"column":61},"end":{"line":352,"column":null}},"136":{"start":{"line":353,"column":4},"end":{"line":361,"column":null}},"137":{"start":{"line":354,"column":19},"end":{"line":354,"column":null}},"138":{"start":{"line":355,"column":6},"end":{"line":358,"column":null}},"139":{"start":{"line":356,"column":44},"end":{"line":356,"column":null}},"140":{"start":{"line":357,"column":8},"end":{"line":357,"column":null}},"141":{"start":{"line":357,"column":32},"end":{"line":357,"column":null}},"142":{"start":{"line":360,"column":6},"end":{"line":360,"column":null}},"143":{"start":{"line":369,"column":4},"end":{"line":383,"column":null}}},"fnMap":{"0":{"name":"(anonymous_1)","decl":{"start":{"line":51,"column":2},"end":{"line":51,"column":14}},"loc":{"start":{"line":51,"column":46},"end":{"line":55,"column":null}}},"1":{"name":"(anonymous_2)","decl":{"start":{"line":61,"column":2},"end":{"line":61,"column":8}},"loc":{"start":{"line":61,"column":92},"end":{"line":98,"column":null}}},"2":{"name":"(anonymous_3)","decl":{"start":{"line":100,"column":2},"end":{"line":100,"column":8}},"loc":{"start":{"line":100,"column":98},"end":{"line":120,"column":null}}},"3":{"name":"(anonymous_4)","decl":{"start":{"line":115,"column":39},"end":{"line":115,"column":40}},"loc":{"start":{"line":115,"column":51},"end":{"line":115,"column":null}}},"4":{"name":"(anonymous_5)","decl":{"start":{"line":116,"column":21},"end":{"line":116,"column":22}},"loc":{"start":{"line":116,"column":45},"end":{"line":116,"column":null}}},"5":{"name":"(anonymous_6)","decl":{"start":{"line":122,"column":2},"end":{"line":122,"column":8}},"loc":{"start":{"line":122,"column":71},"end":{"line":133,"column":null}}},"6":{"name":"(anonymous_7)","decl":{"start":{"line":135,"column":2},"end":{"line":135,"column":8}},"loc":{"start":{"line":135,"column":71},"end":{"line":149,"column":null}}},"7":{"name":"(anonymous_8)","decl":{"start":{"line":151,"column":2},"end":{"line":151,"column":8}},"loc":{"start":{"line":151,"column":66},"end":{"line":165,"column":null}}},"8":{"name":"(anonymous_9)","decl":{"start":{"line":167,"column":2},"end":{"line":167,"column":8}},"loc":{"start":{"line":167,"column":57},"end":{"line":178,"column":null}}},"9":{"name":"(anonymous_10)","decl":{"start":{"line":180,"column":2},"end":{"line":180,"column":8}},"loc":{"start":{"line":180,"column":56},"end":{"line":185,"column":null}}},"10":{"name":"(anonymous_11)","decl":{"start":{"line":187,"column":2},"end":{"line":187,"column":8}},"loc":{"start":{"line":187,"column":94},"end":{"line":220,"column":null}}},"11":{"name":"(anonymous_12)","decl":{"start":{"line":226,"column":10},"end":{"line":226,"column":41}},"loc":{"start":{"line":226,"column":41},"end":{"line":288,"column":null}}},"12":{"name":"(anonymous_13)","decl":{"start":{"line":227,"column":54},"end":{"line":227,"column":55}},"loc":{"start":{"line":227,"column":55},"end":{"line":243,"column":null}}},"13":{"name":"(anonymous_14)","decl":{"start":{"line":245,"column":52},"end":{"line":245,"column":53}},"loc":{"start":{"line":245,"column":53},"end":{"line":255,"column":null}}},"14":{"name":"(anonymous_15)","decl":{"start":{"line":257,"column":54},"end":{"line":257,"column":55}},"loc":{"start":{"line":257,"column":55},"end":{"line":266,"column":null}}},"15":{"name":"(anonymous_16)","decl":{"start":{"line":268,"column":53},"end":{"line":268,"column":54}},"loc":{"start":{"line":268,"column":54},"end":{"line":278,"column":null}}},"16":{"name":"(anonymous_17)","decl":{"start":{"line":280,"column":54},"end":{"line":280,"column":55}},"loc":{"start":{"line":280,"column":55},"end":{"line":287,"column":null}}},"17":{"name":"(anonymous_18)","decl":{"start":{"line":294,"column":2},"end":{"line":294,"column":5}},"loc":{"start":{"line":294,"column":80},"end":{"line":296,"column":null}}},"18":{"name":"(anonymous_19)","decl":{"start":{"line":298,"column":2},"end":{"line":298,"column":6}},"loc":{"start":{"line":298,"column":81},"end":{"line":300,"column":null}}},"19":{"name":"(anonymous_20)","decl":{"start":{"line":302,"column":10},"end":{"line":302,"column":15}},"loc":{"start":{"line":302,"column":42},"end":{"line":306,"column":null}}},"20":{"name":"(anonymous_21)","decl":{"start":{"line":303,"column":39},"end":{"line":303,"column":40}},"loc":{"start":{"line":303,"column":40},"end":{"line":305,"column":null}}},"21":{"name":"(anonymous_22)","decl":{"start":{"line":312,"column":2},"end":{"line":312,"column":30}},"loc":{"start":{"line":312,"column":30},"end":{"line":316,"column":null}}},"22":{"name":"(anonymous_23)","decl":{"start":{"line":314,"column":6},"end":{"line":314,"column":7}},"loc":{"start":{"line":314,"column":16},"end":{"line":314,"column":null}}},"23":{"name":"(anonymous_24)","decl":{"start":{"line":318,"column":2},"end":{"line":318,"column":41}},"loc":{"start":{"line":318,"column":41},"end":{"line":320,"column":null}}},"24":{"name":"(anonymous_25)","decl":{"start":{"line":319,"column":32},"end":{"line":319,"column":33}},"loc":{"start":{"line":319,"column":39},"end":{"line":319,"column":84}}},"25":{"name":"(anonymous_26)","decl":{"start":{"line":322,"column":2},"end":{"line":322,"column":17}},"loc":{"start":{"line":322,"column":51},"end":{"line":330,"column":null}}},"26":{"name":"(anonymous_27)","decl":{"start":{"line":325,"column":6},"end":{"line":325,"column":7}},"loc":{"start":{"line":326,"column":8},"end":{"line":328,"column":null}}},"27":{"name":"(anonymous_28)","decl":{"start":{"line":332,"column":2},"end":{"line":332,"column":45}},"loc":{"start":{"line":332,"column":45},"end":{"line":334,"column":null}}},"28":{"name":"(anonymous_29)","decl":{"start":{"line":342,"column":10},"end":{"line":342,"column":26}},"loc":{"start":{"line":342,"column":26},"end":{"line":349,"column":null}}},"29":{"name":"(anonymous_30)","decl":{"start":{"line":351,"column":10},"end":{"line":351,"column":34}},"loc":{"start":{"line":351,"column":34},"end":{"line":362,"column":null}}},"30":{"name":"(anonymous_31)","decl":{"start":{"line":357,"column":25},"end":{"line":357,"column":26}},"loc":{"start":{"line":357,"column":32},"end":{"line":357,"column":null}}},"31":{"name":"(anonymous_32)","decl":{"start":{"line":368,"column":10},"end":{"line":368,"column":27}},"loc":{"start":{"line":368,"column":55},"end":{"line":384,"column":null}}}},"branchMap":{"0":{"loc":{"start":{"line":71,"column":4},"end":{"line":73,"column":null}},"type":"if","locations":[{"start":{"line":71,"column":4},"end":{"line":73,"column":null}},{"start":{},"end":{}}]},"1":{"loc":{"start":{"line":78,"column":13},"end":{"line":78,"column":null}},"type":"binary-expr","locations":[{"start":{"line":78,"column":13},"end":{"line":78,"column":23}},{"start":{"line":78,"column":27},"end":{"line":78,"column":null}}]},"2":{"loc":{"start":{"line":79,"column":13},"end":{"line":79,"column":null}},"type":"binary-expr","locations":[{"start":{"line":79,"column":13},"end":{"line":79,"column":23}},{"start":{"line":79,"column":27},"end":{"line":79,"column":null}}]},"3":{"loc":{"start":{"line":102,"column":4},"end":{"line":104,"column":null}},"type":"if","locations":[{"start":{"line":102,"column":4},"end":{"line":104,"column":null}},{"start":{},"end":{}}]},"4":{"loc":{"start":{"line":105,"column":4},"end":{"line":107,"column":null}},"type":"if","locations":[{"start":{"line":105,"column":4},"end":{"line":107,"column":null}},{"start":{},"end":{}}]},"5":{"loc":{"start":{"line":110,"column":4},"end":{"line":112,"column":null}},"type":"if","locations":[{"start":{"line":110,"column":4},"end":{"line":112,"column":null}},{"start":{},"end":{}}]},"6":{"loc":{"start":{"line":124,"column":4},"end":{"line":124,"column":null}},"type":"if","locations":[{"start":{"line":124,"column":4},"end":{"line":124,"column":null}},{"start":{},"end":{}}]},"7":{"loc":{"start":{"line":127,"column":4},"end":{"line":127,"column":null}},"type":"if","locations":[{"start":{"line":127,"column":4},"end":{"line":127,"column":null}},{"start":{},"end":{}}]},"8":{"loc":{"start":{"line":143,"column":4},"end":{"line":148,"column":null}},"type":"if","locations":[{"start":{"line":143,"column":4},"end":{"line":148,"column":null}},{"start":{},"end":{}}]},"9":{"loc":{"start":{"line":159,"column":4},"end":{"line":164,"column":null}},"type":"if","locations":[{"start":{"line":159,"column":4},"end":{"line":164,"column":null}},{"start":{},"end":{}}]},"10":{"loc":{"start":{"line":171,"column":4},"end":{"line":177,"column":null}},"type":"if","locations":[{"start":{"line":171,"column":4},"end":{"line":177,"column":null}},{"start":{},"end":{}}]},"11":{"loc":{"start":{"line":196,"column":4},"end":{"line":198,"column":null}},"type":"if","locations":[{"start":{"line":196,"column":4},"end":{"line":198,"column":null}},{"start":{},"end":{}}]},"12":{"loc":{"start":{"line":204,"column":13},"end":{"line":204,"column":null}},"type":"binary-expr","locations":[{"start":{"line":204,"column":13},"end":{"line":204,"column":23}},{"start":{"line":204,"column":27},"end":{"line":204,"column":null}}]},"13":{"loc":{"start":{"line":230,"column":15},"end":{"line":230,"column":null}},"type":"binary-expr","locations":[{"start":{"line":230,"column":15},"end":{"line":230,"column":40}},{"start":{"line":230,"column":55},"end":{"line":230,"column":null}}]},"14":{"loc":{"start":{"line":231,"column":15},"end":{"line":231,"column":null}},"type":"binary-expr","locations":[{"start":{"line":231,"column":15},"end":{"line":231,"column":38}},{"start":{"line":231,"column":53},"end":{"line":231,"column":null}}]},"15":{"loc":{"start":{"line":247,"column":6},"end":{"line":254,"column":null}},"type":"if","locations":[{"start":{"line":247,"column":6},"end":{"line":254,"column":null}},{"start":{},"end":{}}]},"16":{"loc":{"start":{"line":250,"column":30},"end":{"line":250,"column":null}},"type":"binary-expr","locations":[{"start":{"line":250,"column":30},"end":{"line":250,"column":57}},{"start":{"line":250,"column":72},"end":{"line":250,"column":null}}]},"17":{"loc":{"start":{"line":259,"column":6},"end":{"line":265,"column":null}},"type":"if","locations":[{"start":{"line":259,"column":6},"end":{"line":265,"column":null}},{"start":{},"end":{}}]},"18":{"loc":{"start":{"line":260,"column":8},"end":{"line":260,"column":null}},"type":"if","locations":[{"start":{"line":260,"column":8},"end":{"line":260,"column":null}},{"start":{},"end":{}}]},"19":{"loc":{"start":{"line":261,"column":8},"end":{"line":261,"column":null}},"type":"if","locations":[{"start":{"line":261,"column":8},"end":{"line":261,"column":null}},{"start":{},"end":{}}]},"20":{"loc":{"start":{"line":270,"column":6},"end":{"line":277,"column":null}},"type":"if","locations":[{"start":{"line":270,"column":6},"end":{"line":277,"column":null}},{"start":{},"end":{}}]},"21":{"loc":{"start":{"line":282,"column":6},"end":{"line":286,"column":null}},"type":"if","locations":[{"start":{"line":282,"column":6},"end":{"line":286,"column":null}},{"start":{},"end":{}}]},"22":{"loc":{"start":{"line":283,"column":30},"end":{"line":283,"column":77}},"type":"binary-expr","locations":[{"start":{"line":283,"column":30},"end":{"line":283,"column":43}},{"start":{"line":283,"column":58},"end":{"line":283,"column":77}}]},"23":{"loc":{"start":{"line":319,"column":39},"end":{"line":319,"column":84}},"type":"binary-expr","locations":[{"start":{"line":319,"column":39},"end":{"line":319,"column":53}},{"start":{"line":319,"column":57},"end":{"line":319,"column":69}},{"start":{"line":319,"column":73},"end":{"line":319,"column":84}}]},"24":{"loc":{"start":{"line":326,"column":8},"end":{"line":328,"column":null}},"type":"binary-expr","locations":[{"start":{"line":326,"column":8},"end":{"line":326,"column":null}},{"start":{"line":327,"column":8},"end":{"line":327,"column":null}},{"start":{"line":328,"column":8},"end":{"line":328,"column":null}}]},"25":{"loc":{"start":{"line":327,"column":9},"end":{"line":327,"column":19}},"type":"binary-expr","locations":[{"start":{"line":327,"column":9},"end":{"line":327,"column":14}},{"start":{"line":327,"column":18},"end":{"line":327,"column":19}}]},"26":{"loc":{"start":{"line":333,"column":11},"end":{"line":333,"column":null}},"type":"binary-expr","locations":[{"start":{"line":333,"column":11},"end":{"line":333,"column":38}},{"start":{"line":333,"column":42},"end":{"line":333,"column":null}}]},"27":{"loc":{"start":{"line":355,"column":6},"end":{"line":358,"column":null}},"type":"if","locations":[{"start":{"line":355,"column":6},"end":{"line":358,"column":null}},{"start":{},"end":{}}]},"28":{"loc":{"start":{"line":371,"column":13},"end":{"line":371,"column":null}},"type":"binary-expr","locations":[{"start":{"line":371,"column":13},"end":{"line":371,"column":23}},{"start":{"line":371,"column":27},"end":{"line":371,"column":null}}]},"29":{"loc":{"start":{"line":372,"column":13},"end":{"line":372,"column":null}},"type":"binary-expr","locations":[{"start":{"line":372,"column":13},"end":{"line":372,"column":23}},{"start":{"line":372,"column":27},"end":{"line":372,"column":null}}]},"30":{"loc":{"start":{"line":375,"column":17},"end":{"line":375,"column":null}},"type":"binary-expr","locations":[{"start":{"line":375,"column":17},"end":{"line":375,"column":31}},{"start":{"line":375,"column":35},"end":{"line":375,"column":null}}]},"31":{"loc":{"start":{"line":376,"column":19},"end":{"line":376,"column":null}},"type":"binary-expr","locations":[{"start":{"line":376,"column":19},"end":{"line":376,"column":35}},{"start":{"line":376,"column":39},"end":{"line":376,"column":null}}]},"32":{"loc":{"start":{"line":377,"column":17},"end":{"line":377,"column":null}},"type":"binary-expr","locations":[{"start":{"line":377,"column":17},"end":{"line":377,"column":31}},{"start":{"line":377,"column":35},"end":{"line":377,"column":null}}]},"33":{"loc":{"start":{"line":380,"column":18},"end":{"line":380,"column":null}},"type":"binary-expr","locations":[{"start":{"line":380,"column":18},"end":{"line":380,"column":33}},{"start":{"line":380,"column":37},"end":{"line":380,"column":null}}]},"34":{"loc":{"start":{"line":381,"column":18},"end":{"line":381,"column":null}},"type":"binary-expr","locations":[{"start":{"line":381,"column":18},"end":{"line":381,"column":33}},{"start":{"line":381,"column":37},"end":{"line":381,"column":null}}]},"35":{"loc":{"start":{"line":382,"column":19},"end":{"line":382,"column":null}},"type":"binary-expr","locations":[{"start":{"line":382,"column":19},"end":{"line":382,"column":35}},{"start":{"line":382,"column":39},"end":{"line":382,"column":null}}]}},"s":{"0":102,"1":3,"2":102,"3":102,"4":102,"5":102,"6":102,"7":102,"8":8,"9":8,"10":2,"11":6,"12":6,"13":6,"14":6,"15":6,"16":6,"17":6,"18":5,"19":5,"20":1,"21":5,"22":1,"23":5,"24":5,"25":2,"26":3,"27":3,"28":2,"29":3,"30":2,"31":3,"32":3,"33":5,"34":5,"35":1,"36":4,"37":4,"38":2,"39":2,"40":2,"41":2,"42":2,"43":5,"44":5,"45":5,"46":4,"47":4,"48":4,"49":4,"50":6,"51":6,"52":6,"53":5,"54":5,"55":5,"56":5,"57":6,"58":6,"59":6,"60":5,"61":5,"62":5,"63":5,"64":5,"65":4,"66":4,"67":4,"68":4,"69":9,"70":9,"71":2,"72":7,"73":7,"74":7,"75":7,"76":7,"77":7,"78":102,"79":2,"80":2,"81":2,"82":2,"83":102,"84":6,"85":6,"86":5,"87":5,"88":5,"89":5,"90":5,"91":5,"92":102,"93":5,"94":5,"95":4,"96":2,"97":4,"98":3,"99":4,"100":4,"101":4,"102":102,"103":4,"104":4,"105":2,"106":2,"107":2,"108":2,"109":2,"110":2,"111":102,"112":7,"113":7,"114":6,"115":6,"116":6,"117":15,"118":1,"119":55,"120":13,"121":13,"122":1,"123":54,"124":2,"125":5,"126":4,"127":6,"128":6,"129":5,"130":2,"131":48,"132":48,"133":48,"134":1,"135":108,"136":108,"137":108,"138":108,"139":5,"140":3,"141":3,"142":2,"143":9},"f":{"0":102,"1":8,"2":5,"3":2,"4":2,"5":5,"6":5,"7":6,"8":6,"9":4,"10":9,"11":102,"12":2,"13":6,"14":5,"15":4,"16":7,"17":15,"18":1,"19":55,"20":13,"21":54,"22":2,"23":5,"24":4,"25":6,"26":5,"27":2,"28":48,"29":108,"30":3,"31":9},"b":{"0":[2,6],"1":[6,1],"2":[6,1],"3":[1,4],"4":[1,4],"5":[2,3],"6":[1,4],"7":[2,2],"8":[4,1],"9":[5,1],"10":[5,1],"11":[2,7],"12":[7,1],"13":[2,1],"14":[2,1],"15":[5,1],"16":[5,1],"17":[4,1],"18":[2,2],"19":[3,1],"20":[2,2],"21":[6,1],"22":[6,2],"23":[4,3,2],"24":[5,3,2],"25":[3,2],"26":[2,1],"27":[5,103],"28":[9,1],"29":[9,1],"30":[9,4],"31":[9,5],"32":[9,5],"33":[9,8],"34":[9,8],"35":[9,5]}}
,"/home/rmholston/dev/tektos-ultima-v1/frontend/src/lib/theme-store.ts": {"path":"/home/rmholston/dev/tektos-ultima-v1/frontend/src/lib/theme-store.ts","statementMap":{"0":{"start":{"line":19,"column":13},"end":{"line":19,"column":52}},"1":{"start":{"line":71,"column":13},"end":{"line":71,"column":26}},"2":{"start":{"line":19,"column":52},"end":{"line":38,"column":null}},"3":{"start":{"line":46,"column":4},"end":{"line":46,"column":null}},"4":{"start":{"line":46,"column":59},"end":{"line":46,"column":null}},"5":{"start":{"line":47,"column":4},"end":{"line":47,"column":null}},"6":{"start":{"line":48,"column":18},"end":{"line":48,"column":null}},"7":{"start":{"line":49,"column":4},"end":{"line":50,"column":null}},"8":{"start":{"line":49,"column":34},"end":{"line":49,"column":61}},"9":{"start":{"line":49,"column":61},"end":{"line":49,"column":80}},"10":{"start":{"line":50,"column":9},"end":{"line":50,"column":null}},"11":{"start":{"line":54,"column":65},"end":{"line":54,"column":null}},"12":{"start":{"line":55,"column":4},"end":{"line":56,"column":null}},"13":{"start":{"line":55,"column":27},"end":{"line":55,"column":null}},"14":{"start":{"line":56,"column":9},"end":{"line":56,"column":null}},"15":{"start":{"line":60,"column":4},"end":{"line":60,"column":23}},"16":{"start":{"line":60,"column":23},"end":{"line":60,"column":50}},"17":{"start":{"line":60,"column":50},"end":{"line":60,"column":null}},"18":{"start":{"line":62,"column":4},"end":{"line":62,"column":null}},"19":{"start":{"line":63,"column":4},"end":{"line":63,"column":null}},"20":{"start":{"line":63,"column":46},"end":{"line":63,"column":null}},"21":{"start":{"line":66,"column":21},"end":{"line":66,"column":40}},"22":{"start":{"line":66,"column":40},"end":{"line":66,"column":66}},"23":{"start":{"line":67,"column":63},"end":{"line":67,"column":82}},"24":{"start":{"line":67,"column":82},"end":{"line":67,"column":112}},"25":{"start":{"line":67,"column":112},"end":{"line":67,"column":163}},"26":{"start":{"line":67,"column":127},"end":{"line":67,"column":160}},"27":{"start":{"line":68,"column":26},"end":{"line":68,"column":56}},"28":{"start":{"line":41,"column":10},"end":{"line":41,"column":null}},"29":{"start":{"line":42,"column":10},"end":{"line":42,"column":null}},"30":{"start":{"line":43,"column":10},"end":{"line":43,"column":null}},"31":{"start":{"line":71,"column":26},"end":{"line":71,"column":null}}},"fnMap":{"0":{"name":"(anonymous_3)","decl":{"start":{"line":45,"column":10},"end":{"line":45,"column":29}},"loc":{"start":{"line":45,"column":29},"end":{"line":51,"column":null}}},"1":{"name":"(anonymous_4)","decl":{"start":{"line":53,"column":10},"end":{"line":53,"column":16}},"loc":{"start":{"line":53,"column":40},"end":{"line":57,"column":null}}},"2":{"name":"(anonymous_5)","decl":{"start":{"line":59,"column":2},"end":{"line":59,"column":6}},"loc":{"start":{"line":59,"column":30},"end":{"line":64,"column":null}}},"3":{"name":"(anonymous_6)","decl":{"start":{"line":63,"column":39},"end":{"line":63,"column":40}},"loc":{"start":{"line":63,"column":46},"end":{"line":63,"column":null}}},"4":{"name":"(anonymous_7)","decl":{"start":{"line":66,"column":2},"end":{"line":66,"column":19}},"loc":{"start":{"line":66,"column":19},"end":{"line":66,"column":null}}},"5":{"name":"(anonymous_8)","decl":{"start":{"line":67,"column":2},"end":{"line":67,"column":11}},"loc":{"start":{"line":67,"column":61},"end":{"line":67,"column":null}}},"6":{"name":"(anonymous_9)","decl":{"start":{"line":67,"column":119},"end":{"line":67,"column":127}},"loc":{"start":{"line":67,"column":119},"end":{"line":67,"column":163}}},"7":{"name":"(anonymous_10)","decl":{"start":{"line":68,"column":2},"end":{"line":68,"column":24}},"loc":{"start":{"line":68,"column":24},"end":{"line":68,"column":null}}}},"branchMap":{"0":{"loc":{"start":{"line":46,"column":4},"end":{"line":46,"column":null}},"type":"if","locations":[{"start":{"line":46,"column":4},"end":{"line":46,"column":null}},{"start":{},"end":{}}]},"1":{"loc":{"start":{"line":46,"column":8},"end":{"line":46,"column":59}},"type":"binary-expr","locations":[{"start":{"line":46,"column":8},"end":{"line":46,"column":24}},{"start":{"line":46,"column":28},"end":{"line":46,"column":59}}]},"2":{"loc":{"start":{"line":49,"column":4},"end":{"line":50,"column":null}},"type":"if","locations":[{"start":{"line":49,"column":4},"end":{"line":50,"column":null}},{"start":{"line":50,"column":9},"end":{"line":50,"column":null}}]},"3":{"loc":{"start":{"line":49,"column":8},"end":{"line":49,"column":30}},"type":"binary-expr","locations":[{"start":{"line":49,"column":8},"end":{"line":49,"column":17}},{"start":{"line":49,"column":17},"end":{"line":49,"column":30}}]},"4":{"loc":{"start":{"line":55,"column":4},"end":{"line":56,"column":null}},"type":"if","locations":[{"start":{"line":55,"column":4},"end":{"line":56,"column":null}},{"start":{"line":56,"column":9},"end":{"line":56,"column":null}}]}},"s":{"0":14,"1":28,"2":4,"3":25,"4":21,"5":4,"6":4,"7":4,"8":2,"9":2,"10":2,"11":18,"12":18,"13":4,"14":14,"15":14,"16":14,"17":14,"18":14,"19":14,"20":14,"21":6,"22":6,"23":5,"24":5,"25":5,"26":4,"27":2,"28":4,"29":4,"30":4,"31":4},"f":{"0":25,"1":18,"2":14,"3":14,"4":6,"5":5,"6":4,"7":2},"b":{"0":[21,4],"1":[25,4],"2":[2,2],"3":[4,3],"4":[4,14]}}
}
