{"/home/rmholston/dev/tektos-ultima-v1/frontend/src/components/composer/Composer.tsx": {"path":"/home/rmholston/dev/tektos-ultima-v1/frontend/src/components/composer/Composer.tsx","statementMap":{"0":{"start":{"line":44,"column":16},"end":{"line":44,"column":25}},"1":{"start":{"line":15,"column":64},"end":{"line":15,"column":null}},"2":{"start":{"line":22,"column":7},"end":{"line":22,"column":null}},"3":{"start":{"line":23,"column":28},"end":{"line":23,"column":null}},"4":{"start":{"line":58,"column":28},"end":{"line":58,"column":null}},"5":{"start":{"line":59,"column":36},"end":{"line":59,"column":null}},"6":{"start":{"line":60,"column":36},"end":{"line":60,"column":null}},"7":{"start":{"line":61,"column":38},"end":{"line":61,"column":null}},"8":{"start":{"line":62,"column":40},"end":{"line":62,"column":null}},"9":{"start":{"line":63,"column":42},"end":{"line":63,"column":null}},"10":{"start":{"line":64,"column":42},"end":{"line":64,"column":null}},"11":{"start":{"line":65,"column":44},"end":{"line":65,"column":null}},"12":{"start":{"line":66,"column":22},"end":{"line":66,"column":null}},"13":{"start":{"line":67,"column":23},"end":{"line":67,"column":null}},"14":{"start":{"line":68,"column":25},"end":{"line":68,"column":null}},"15":{"start":{"line":71,"column":44},"end":{"line":71,"column":null}},"16":{"start":{"line":72,"column":42},"end":{"line":72,"column":null}},"17":{"start":{"line":74,"column":23},"end":{"line":91,"column":null}},"18":{"start":{"line":75,"column":20},"end":{"line":75,"column":null}},"19":{"start":{"line":76,"column":4},"end":{"line":76,"column":null}},"20":{"start":{"line":76,"column":46},"end":{"line":76,"column":null}},"21":{"start":{"line":79,"column":4},"end":{"line":83,"column":null}},"22":{"start":{"line":80,"column":25},"end":{"line":80,"column":null}},"23":{"start":{"line":82,"column":6},"end":{"line":82,"column":null}},"24":{"start":{"line":84,"column":4},"end":{"line":84,"column":25}},"25":{"start":{"line":86,"column":4},"end":{"line":86,"column":null}},"26":{"start":{"line":87,"column":4},"end":{"line":87,"column":null}},"27":{"start":{"line":88,"column":4},"end":{"line":88,"column":null}},"28":{"start":{"line":89,"column":4},"end":{"line":89,"column":null}},"29":{"start":{"line":90,"column":4},"end":{"line":90,"column":null}},"30":{"start":{"line":93,"column":24},"end":{"line":139,"column":null}},"31":{"start":{"line":96,"column":6},"end":{"line":103,"column":null}},"32":{"start":{"line":97,"column":8},"end":{"line":97,"column":null}},"33":{"start":{"line":98,"column":8},"end":{"line":101,"column":null}},"34":{"start":{"line":99,"column":10},"end":{"line":99,"column":null}},"35":{"start":{"line":100,"column":10},"end":{"line":100,"column":null}},"36":{"start":{"line":102,"column":8},"end":{"line":102,"column":null}},"37":{"start":{"line":105,"column":6},"end":{"line":119,"column":null}},"38":{"start":{"line":106,"column":8},"end":{"line":106,"column":null}},"39":{"start":{"line":118,"column":8},"end":{"line":118,"column":null}},"40":{"start":{"line":120,"column":6},"end":{"line":123,"column":null}},"41":{"start":{"line":121,"column":8},"end":{"line":121,"column":null}},"42":{"start":{"line":122,"column":8},"end":{"line":122,"column":null}},"43":{"start":{"line":124,"column":6},"end":{"line":127,"column":null}},"44":{"start":{"line":125,"column":8},"end":{"line":125,"column":null}},"45":{"start":{"line":126,"column":8},"end":{"line":126,"column":null}},"46":{"start":{"line":129,"column":6},"end":{"line":132,"column":null}},"47":{"start":{"line":130,"column":8},"end":{"line":130,"column":null}},"48":{"start":{"line":131,"column":8},"end":{"line":131,"column":null}},"49":{"start":{"line":134,"column":6},"end":{"line":137,"column":null}},"50":{"start":{"line":135,"column":8},"end":{"line":135,"column":null}},"51":{"start":{"line":136,"column":8},"end":{"line":136,"column":null}},"52":{"start":{"line":136,"column":31},"end":{"line":136,"column":null}},"53":{"start":{"line":143,"column":2},"end":{"line":151,"column":null}},"54":{"start":{"line":144,"column":4},"end":{"line":150,"column":null}},"55":{"start":{"line":145,"column":6},"end":{"line":145,"column":null}},"56":{"start":{"line":146,"column":6},"end":{"line":149,"column":null}},"57":{"start":{"line":154,"column":2},"end":{"line":163,"column":null}},"58":{"start":{"line":155,"column":4},"end":{"line":158,"column":null}},"59":{"start":{"line":156,"column":6},"end":{"line":156,"column":null}},"60":{"start":{"line":157,"column":6},"end":{"line":157,"column":null}},"61":{"start":{"line":159,"column":21},"end":{"line":161,"column":null}},"62":{"start":{"line":160,"column":6},"end":{"line":160,"column":null}},"63":{"start":{"line":160,"column":30},"end":{"line":160,"column":null}},"64":{"start":{"line":162,"column":4},"end":{"line":162,"column":null}},"65":{"start":{"line":162,"column":17},"end":{"line":162,"column":null}},"66":{"start":{"line":165,"column":24},"end":{"line":169,"column":null}},"67":{"start":{"line":166,"column":14},"end":{"line":166,"column":null}},"68":{"start":{"line":167,"column":14},"end":{"line":167,"column":null}},"69":{"start":{"line":168,"column":4},"end":{"line":168,"column":null}},"70":{"start":{"line":171,"column":31},"end":{"line":176,"column":null}},"71":{"start":{"line":172,"column":4},"end":{"line":172,"column":null}},"72":{"start":{"line":173,"column":18},"end":{"line":173,"column":51}},"73":{"start":{"line":174,"column":4},"end":{"line":174,"column":null}},"74":{"start":{"line":175,"column":4},"end":{"line":175,"column":null}},"75":{"start":{"line":178,"column":26},"end":{"line":180,"column":null}},"76":{"start":{"line":179,"column":4},"end":{"line":179,"column":null}},"77":{"start":{"line":182,"column":27},"end":{"line":188,"column":null}},"78":{"start":{"line":183,"column":18},"end":{"line":183,"column":null}},"79":{"start":{"line":184,"column":4},"end":{"line":186,"column":null}},"80":{"start":{"line":185,"column":6},"end":{"line":185,"column":null}},"81":{"start":{"line":187,"column":4},"end":{"line":187,"column":null}},"82":{"start":{"line":191,"column":33},"end":{"line":193,"column":null}},"83":{"start":{"line":192,"column":4},"end":{"line":192,"column":null}},"84":{"start":{"line":195,"column":34},"end":{"line":209,"column":null}},"85":{"start":{"line":196,"column":18},"end":{"line":196,"column":null}},"86":{"start":{"line":197,"column":4},"end":{"line":197,"column":null}},"87":{"start":{"line":197,"column":28},"end":{"line":197,"column":null}},"88":{"start":{"line":199,"column":17},"end":{"line":199,"column":25}},"89":{"start":{"line":200,"column":4},"end":{"line":200,"column":null}},"90":{"start":{"line":200,"column":41},"end":{"line":200,"column":null}},"91":{"start":{"line":202,"column":19},"end":{"line":202,"column":null}},"92":{"start":{"line":203,"column":4},"end":{"line":206,"column":null}},"93":{"start":{"line":204,"column":21},"end":{"line":204,"column":34}},"94":{"start":{"line":205,"column":6},"end":{"line":205,"column":null}},"95":{"start":{"line":207,"column":4},"end":{"line":207,"column":null}},"96":{"start":{"line":208,"column":4},"end":{"line":208,"column":null}},"97":{"start":{"line":211,"column":30},"end":{"line":217,"column":null}},"98":{"start":{"line":212,"column":4},"end":{"line":212,"column":null}},"99":{"start":{"line":212,"column":61},"end":{"line":212,"column":null}},"100":{"start":{"line":214,"column":4},"end":{"line":214,"column":null}},"101":{"start":{"line":215,"column":4},"end":{"line":215,"column":null}},"102":{"start":{"line":216,"column":4},"end":{"line":216,"column":null}},"103":{"start":{"line":219,"column":27},"end":{"line":223,"column":null}},"104":{"start":{"line":220,"column":4},"end":{"line":220,"column":null}},"105":{"start":{"line":221,"column":4},"end":{"line":221,"column":null}},"106":{"start":{"line":222,"column":4},"end":{"line":222,"column":null}},"107":{"start":{"line":225,"column":29},"end":{"line":227,"column":null}},"108":{"start":{"line":226,"column":4},"end":{"line":226,"column":null}},"109":{"start":{"line":230,"column":20},"end":{"line":230,"column":32}},"110":{"start":{"line":231,"column":20},"end":{"line":231,"column":null}},"111":{"start":{"line":232,"column":24},"end":{"line":232,"column":null}},"112":{"start":{"line":233,"column":24},"end":{"line":233,"column":null}},"113":{"start":{"line":235,"column":23},"end":{"line":238,"column":null}},"114":{"start":{"line":236,"column":4},"end":{"line":236,"column":null}},"115":{"start":{"line":236,"column":23},"end":{"line":236,"column":null}},"116":{"start":{"line":237,"column":4},"end":{"line":237,"column":null}},"117":{"start":{"line":240,"column":24},"end":{"line":244,"column":null}},"118":{"start":{"line":241,"column":4},"end":{"line":241,"column":null}},"119":{"start":{"line":241,"column":18},"end":{"line":241,"column":null}},"120":{"start":{"line":242,"column":4},"end":{"line":242,"column":null}},"121":{"start":{"line":242,"column":18},"end":{"line":242,"column":null}},"122":{"start":{"line":243,"column":4},"end":{"line":243,"column":null}},"123":{"start":{"line":246,"column":27},"end":{"line":250,"column":null}},"124":{"start":{"line":247,"column":4},"end":{"line":247,"column":null}},"125":{"start":{"line":247,"column":18},"end":{"line":247,"column":null}},"126":{"start":{"line":248,"column":4},"end":{"line":248,"column":null}},"127":{"start":{"line":248,"column":18},"end":{"line":248,"column":null}},"128":{"start":{"line":249,"column":4},"end":{"line":249,"column":null}},"129":{"start":{"line":252,"column":24},"end":{"line":252,"column":null}},"130":{"start":{"line":255,"column":25},"end":{"line":259,"column":null}},"131":{"start":{"line":256,"column":4},"end":{"line":256,"column":null}},"132":{"start":{"line":256,"column":19},"end":{"line":256,"column":null}},"133":{"start":{"line":257,"column":4},"end":{"line":257,"column":null}},"134":{"start":{"line":257,"column":21},"end":{"line":257,"column":null}},"135":{"start":{"line":258,"column":4},"end":{"line":258,"column":null}},"136":{"start":{"line":301,"column":27},"end":{"line":301,"column":null}},"137":{"start":{"line":302,"column":26},"end":{"line":302,"column":null}},"138":{"start":{"line":355,"column":35},"end":{"line":355,"column":null}},"139":{"start":{"line":357,"column":20},"end":{"line":359,"column":null}},"140":{"start":{"line":358,"column":22},"end":{"line":358,"column":null}}},"fnMap":{"0":{"name":"Composer","decl":{"start":{"line":44,"column":16},"end":{"line":44,"column":25}},"loc":{"start":{"line":57,"column":16},"end":{"line":581,"column":null}}},"1":{"name":"(anonymous_5)","decl":{"start":{"line":74,"column":35},"end":{"line":74,"column":null}},"loc":{"start":{"line":74,"column":35},"end":{"line":91,"column":5}}},"2":{"name":"(anonymous_6)","decl":{"start":{"line":79,"column":21},"end":{"line":79,"column":null}},"loc":{"start":{"line":79,"column":21},"end":{"line":83,"column":null}}},"3":{"name":"(anonymous_7)","decl":{"start":{"line":94,"column":4},"end":{"line":94,"column":5}},"loc":{"start":{"line":94,"column":5},"end":{"line":138,"column":null}}},"4":{"name":"(anonymous_8)","decl":{"start":{"line":136,"column":23},"end":{"line":136,"column":31}},"loc":{"start":{"line":136,"column":31},"end":{"line":136,"column":null}}},"5":{"name":"(anonymous_9)","decl":{"start":{"line":143,"column":12},"end":{"line":143,"column":null}},"loc":{"start":{"line":143,"column":12},"end":{"line":151,"column":5}}},"6":{"name":"(anonymous_10)","decl":{"start":{"line":154,"column":12},"end":{"line":154,"column":null}},"loc":{"start":{"line":154,"column":12},"end":{"line":163,"column":5}}},"7":{"name":"(anonymous_11)","decl":{"start":{"line":159,"column":33},"end":{"line":159,"column":null}},"loc":{"start":{"line":159,"column":33},"end":{"line":161,"column":7}}},"8":{"name":"(anonymous_12)","decl":{"start":{"line":160,"column":20},"end":{"line":160,"column":21}},"loc":{"start":{"line":160,"column":30},"end":{"line":160,"column":null}}},"9":{"name":"(anonymous_13)","decl":{"start":{"line":162,"column":11},"end":{"line":162,"column":17}},"loc":{"start":{"line":162,"column":17},"end":{"line":162,"column":null}}},"10":{"name":"(anonymous_14)","decl":{"start":{"line":165,"column":24},"end":{"line":165,"column":25}},"loc":{"start":{"line":165,"column":25},"end":{"line":169,"column":null}}},"11":{"name":"(anonymous_15)","decl":{"start":{"line":171,"column":31},"end":{"line":171,"column":32}},"loc":{"start":{"line":171,"column":32},"end":{"line":176,"column":null}}},"12":{"name":"(anonymous_16)","decl":{"start":{"line":178,"column":26},"end":{"line":178,"column":null}},"loc":{"start":{"line":178,"column":26},"end":{"line":180,"column":null}}},"13":{"name":"(anonymous_17)","decl":{"start":{"line":182,"column":27},"end":{"line":182,"column":28}},"loc":{"start":{"line":182,"column":28},"end":{"line":188,"column":null}}},"14":{"name":"(anonymous_18)","decl":{"start":{"line":191,"column":33},"end":{"line":191,"column":null}},"loc":{"start":{"line":191,"column":33},"end":{"line":193,"column":null}}},"15":{"name":"(anonymous_19)","decl":{"start":{"line":195,"column":34},"end":{"line":195,"column":35}},"loc":{"start":{"line":195,"column":35},"end":{"line":209,"column":null}}},"16":{"name":"(anonymous_20)","decl":{"start":{"line":203,"column":20},"end":{"line":203,"column":null}},"loc":{"start":{"line":203,"column":20},"end":{"line":206,"column":null}}},"17":{"name":"(anonymous_21)","decl":{"start":{"line":211,"column":30},"end":{"line":211,"column":null}},"loc":{"start":{"line":211,"column":30},"end":{"line":217,"column":null}}},"18":{"name":"(anonymous_22)","decl":{"start":{"line":219,"column":27},"end":{"line":219,"column":null}},"loc":{"start":{"line":219,"column":27},"end":{"line":223,"column":null}}},"19":{"name":"(anonymous_23)","decl":{"start":{"line":225,"column":29},"end":{"line":225,"column":null}},"loc":{"start":{"line":225,"column":29},"end":{"line":227,"column":null}}},"20":{"name":"(anonymous_24)","decl":{"start":{"line":235,"column":23},"end":{"line":235,"column":24}},"loc":{"start":{"line":235,"column":24},"end":{"line":238,"column":null}}},"21":{"name":"(anonymous_25)","decl":{"start":{"line":240,"column":24},"end":{"line":240,"column":25}},"loc":{"start":{"line":240,"column":25},"end":{"line":244,"column":null}}},"22":{"name":"(anonymous_26)","decl":{"start":{"line":246,"column":27},"end":{"line":246,"column":28}},"loc":{"start":{"line":246,"column":28},"end":{"line":250,"column":null}}},"23":{"name":"(anonymous_27)","decl":{"start":{"line":255,"column":25},"end":{"line":255,"column":null}},"loc":{"start":{"line":255,"column":25},"end":{"line":259,"column":null}}},"24":{"name":"(anonymous_28)","decl":{"start":{"line":301,"column":21},"end":{"line":301,"column":27}},"loc":{"start":{"line":301,"column":27},"end":{"line":301,"column":null}}},"25":{"name":"(anonymous_29)","decl":{"start":{"line":302,"column":20},"end":{"line":302,"column":26}},"loc":{"start":{"line":302,"column":26},"end":{"line":302,"column":null}}},"26":{"name":"(anonymous_30)","decl":{"start":{"line":355,"column":28},"end":{"line":355,"column":29}},"loc":{"start":{"line":355,"column":35},"end":{"line":355,"column":null}}},"27":{"name":"(anonymous_31)","decl":{"start":{"line":356,"column":29},"end":{"line":356,"column":30}},"loc":{"start":{"line":356,"column":30},"end":{"line":360,"column":null}}}},"branchMap":{"0":{"loc":{"start":{"line":49,"column":2},"end":{"line":49,"column":34}},"type":"default-arg","locations":[{"start":{"line":49,"column":20},"end":{"line":49,"column":34}}]},"1":{"loc":{"start":{"line":56,"column":2},"end":{"line":56,"column":25}},"type":"default-arg","locations":[{"start":{"line":56,"column":20},"end":{"line":56,"column":25}}]},"2":{"loc":{"start":{"line":76,"column":4},"end":{"line":76,"column":null}},"type":"if","locations":[{"start":{"line":76,"column":4},"end":{"line":76,"column":null}},{"start":{},"end":{}}]},"3":{"loc":{"start":{"line":76,"column":8},"end":{"line":76,"column":46}},"type":"binary-expr","locations":[{"start":{"line":76,"column":8},"end":{"line":76,"column":20}},{"start":{"line":76,"column":20},"end":{"line":76,"column":33}},{"start":{"line":76,"column":33},"end":{"line":76,"column":46}}]},"4":{"loc":{"start":{"line":96,"column":6},"end":{"line":103,"column":null}},"type":"if","locations":[{"start":{"line":96,"column":6},"end":{"line":103,"column":null}},{"start":{},"end":{}}]},"5":{"loc":{"start":{"line":96,"column":10},"end":{"line":96,"column":41}},"type":"binary-expr","locations":[{"start":{"line":96,"column":10},"end":{"line":96,"column":33}},{"start":{"line":96,"column":33},"end":{"line":96,"column":41}}]},"6":{"loc":{"start":{"line":98,"column":8},"end":{"line":101,"column":null}},"type":"if","locations":[{"start":{"line":98,"column":8},"end":{"line":101,"column":null}},{"start":{},"end":{}}]},"7":{"loc":{"start":{"line":105,"column":6},"end":{"line":119,"column":null}},"type":"if","locations":[{"start":{"line":105,"column":6},"end":{"line":119,"column":null}},{"start":{},"end":{}}]},"8":{"loc":{"start":{"line":120,"column":6},"end":{"line":123,"column":null}},"type":"if","locations":[{"start":{"line":120,"column":6},"end":{"line":123,"column":null}},{"start":{},"end":{}}]},"9":{"loc":{"start":{"line":120,"column":10},"end":{"line":120,"column":42}},"type":"binary-expr","locations":[{"start":{"line":120,"column":10},"end":{"line":120,"column":31}},{"start":{"line":120,"column":31},"end":{"line":120,"column":42}}]},"10":{"loc":{"start":{"line":124,"column":6},"end":{"line":127,"column":null}},"type":"if","locations":[{"start":{"line":124,"column":6},"end":{"line":127,"column":null}},{"start":{},"end":{}}]},"11":{"loc":{"start":{"line":124,"column":10},"end":{"line":124,"column":53}},"type":"binary-expr","locations":[{"start":{"line":124,"column":11},"end":{"line":124,"column":20}},{"start":{"line":124,"column":24},"end":{"line":124,"column":33}},{"start":{"line":124,"column":38},"end":{"line":124,"column":53}}]},"12":{"loc":{"start":{"line":129,"column":6},"end":{"line":132,"column":null}},"type":"if","locations":[{"start":{"line":129,"column":6},"end":{"line":132,"column":null}},{"start":{},"end":{}}]},"13":{"loc":{"start":{"line":129,"column":10},"end":{"line":129,"column":68}},"type":"binary-expr","locations":[{"start":{"line":129,"column":11},"end":{"line":129,"column":20}},{"start":{"line":129,"column":24},"end":{"line":129,"column":33}},{"start":{"line":129,"column":38},"end":{"line":129,"column":55}},{"start":{"line":129,"column":55},"end":{"line":129,"column":68}}]},"14":{"loc":{"start":{"line":134,"column":6},"end":{"line":137,"column":null}},"type":"if","locations":[{"start":{"line":134,"column":6},"end":{"line":137,"column":null}},{"start":{},"end":{}}]},"15":{"loc":{"start":{"line":134,"column":10},"end":{"line":134,"column":67}},"type":"binary-expr","locations":[{"start":{"line":134,"column":11},"end":{"line":134,"column":20}},{"start":{"line":134,"column":24},"end":{"line":134,"column":33}},{"start":{"line":134,"column":38},"end":{"line":134,"column":48}},{"start":{"line":134,"column":52},"end":{"line":134,"column":67}}]},"16":{"loc":{"start":{"line":144,"column":4},"end":{"line":150,"column":null}},"type":"if","locations":[{"start":{"line":144,"column":4},"end":{"line":150,"column":null}},{"start":{},"end":{}}]},"17":{"loc":{"start":{"line":155,"column":4},"end":{"line":158,"column":null}},"type":"if","locations":[{"start":{"line":155,"column":4},"end":{"line":158,"column":null}},{"start":{},"end":{}}]},"18":{"loc":{"start":{"line":183,"column":29},"end":{"line":183,"column":49}},"type":"binary-expr","locations":[{"start":{"line":183,"column":29},"end":{"line":183,"column":43}},{"start":{"line":183,"column":47},"end":{"line":183,"column":49}}]},"19":{"loc":{"start":{"line":184,"column":4},"end":{"line":186,"column":null}},"type":"if","locations":[{"start":{"line":184,"column":4},"end":{"line":186,"column":null}},{"start":{},"end":{}}]},"20":{"loc":{"start":{"line":184,"column":8},"end":{"line":184,"column":38}},"type":"binary-expr","locations":[{"start":{"line":184,"column":8},"end":{"line":184,"column":28}},{"start":{"line":184,"column":28},"end":{"line":184,"column":38}}]},"21":{"loc":{"start":{"line":196,"column":29},"end":{"line":196,"column":49}},"type":"binary-expr","locations":[{"start":{"line":196,"column":29},"end":{"line":196,"column":43}},{"start":{"line":196,"column":47},"end":{"line":196,"column":49}}]},"22":{"loc":{"start":{"line":197,"column":4},"end":{"line":197,"column":null}},"type":"if","locations":[{"start":{"line":197,"column":4},"end":{"line":197,"column":null}},{"start":{},"end":{}}]},"23":{"loc":{"start":{"line":200,"column":4},"end":{"line":200,"column":null}},"type":"if","locations":[{"start":{"line":200,"column":4},"end":{"line":200,"column":null}},{"start":{},"end":{}}]},"24":{"loc":{"start":{"line":212,"column":4},"end":{"line":212,"column":null}},"type":"if","locations":[{"start":{"line":212,"column":4},"end":{"line":212,"column":null}},{"start":{},"end":{}}]},"25":{"loc":{"start":{"line":212,"column":8},"end":{"line":212,"column":61}},"type":"binary-expr","locations":[{"start":{"line":212,"column":8},"end":{"line":212,"column":26}},{"start":{"line":212,"column":26},"end":{"line":212,"column":43}},{"start":{"line":212,"column":43},"end":{"line":212,"column":61}}]},"26":{"loc":{"start":{"line":231,"column":20},"end":{"line":231,"column":null}},"type":"cond-expr","locations":[{"start":{"line":231,"column":35},"end":{"line":231,"column":67}},{"start":{"line":231,"column":70},"end":{"line":231,"column":null}}]},"27":{"loc":{"start":{"line":232,"column":24},"end":{"line":232,"column":null}},"type":"cond-expr","locations":[{"start":{"line":232,"column":36},"end":{"line":232,"column":65}},{"start":{"line":232,"column":65},"end":{"line":232,"column":null}}]},"28":{"loc":{"start":{"line":233,"column":24},"end":{"line":233,"column":null}},"type":"cond-expr","locations":[{"start":{"line":233,"column":44},"end":{"line":233,"column":92}},{"start":{"line":233,"column":92},"end":{"line":233,"column":null}}]},"29":{"loc":{"start":{"line":236,"column":4},"end":{"line":236,"column":null}},"type":"if","locations":[{"start":{"line":236,"column":4},"end":{"line":236,"column":null}},{"start":{},"end":{}}]},"30":{"loc":{"start":{"line":241,"column":4},"end":{"line":241,"column":null}},"type":"if","locations":[{"start":{"line":241,"column":4},"end":{"line":241,"column":null}},{"start":{},"end":{}}]},"31":{"loc":{"start":{"line":242,"column":4},"end":{"line":242,"column":null}},"type":"if","locations":[{"start":{"line":242,"column":4},"end":{"line":242,"column":null}},{"start":{},"end":{}}]},"32":{"loc":{"start":{"line":247,"column":4},"end":{"line":247,"column":null}},"type":"if","locations":[{"start":{"line":247,"column":4},"end":{"line":247,"column":null}},{"start":{},"end":{}}]},"33":{"loc":{"start":{"line":248,"column":4},"end":{"line":248,"column":null}},"type":"if","locations":[{"start":{"line":248,"column":4},"end":{"line":248,"column":null}},{"start":{},"end":{}}]},"34":{"loc":{"start":{"line":252,"column":24},"end":{"line":252,"column":null}},"type":"binary-expr","locations":[{"start":{"line":252,"column":24},"end":{"line":252,"column":37}},{"start":{"line":252,"column":37},"end":{"line":252,"column":52}},{"start":{"line":252,"column":52},"end":{"line":252,"column":62}},{"start":{"line":252,"column":69},"end":{"line":252,"column":86}},{"start":{"line":252,"column":86},"end":{"line":252,"column":96}}]},"35":{"loc":{"start":{"line":256,"column":4},"end":{"line":256,"column":null}},"type":"if","locations":[{"start":{"line":256,"column":4},"end":{"line":256,"column":null}},{"start":{},"end":{}}]},"36":{"loc":{"start":{"line":257,"column":4},"end":{"line":257,"column":null}},"type":"if","locations":[{"start":{"line":257,"column":4},"end":{"line":257,"column":null}},{"start":{},"end":{}}]},"37":{"loc":{"start":{"line":265,"column":9},"end":{"line":265,"column":null}},"type":"binary-expr","locations":[{"start":{"line":265,"column":9},"end":{"line":265,"column":null}}]},"38":{"loc":{"start":{"line":275,"column":50},"end":{"line":275,"column":82}},"type":"cond-expr","locations":[{"start":{"line":275,"column":62},"end":{"line":275,"column":78}},{"start":{"line":275,"column":78},"end":{"line":275,"column":82}}]},"39":{"loc":{"start":{"line":285,"column":11},"end":{"line":285,"column":21}},"type":"binary-expr","locations":[{"start":{"line":285,"column":11},"end":{"line":285,"column":21}},{"start":{"line":285,"column":21},"end":{"line":285,"column":null}}]},"40":{"loc":{"start":{"line":304,"column":22},"end":{"line":304,"column":null}},"type":"binary-expr","locations":[{"start":{"line":304,"column":22},"end":{"line":304,"column":36}},{"start":{"line":304,"column":36},"end":{"line":304,"column":51}},{"start":{"line":304,"column":51},"end":{"line":304,"column":null}}]},"41":{"loc":{"start":{"line":309,"column":25},"end":{"line":309,"column":61}},"type":"cond-expr","locations":[{"start":{"line":309,"column":48},"end":{"line":309,"column":57}},{"start":{"line":309,"column":57},"end":{"line":309,"column":61}}]},"42":{"loc":{"start":{"line":309,"column":25},"end":{"line":309,"column":48}},"type":"binary-expr","locations":[{"start":{"line":309,"column":25},"end":{"line":309,"column":35}},{"start":{"line":309,"column":35},"end":{"line":309,"column":48}}]},"43":{"loc":{"start":{"line":313,"column":11},"end":{"line":313,"column":null}},"type":"binary-expr","locations":[{"start":{"line":313,"column":11},"end":{"line":313,"column":null}}]},"44":{"loc":{"start":{"line":316,"column":15},"end":{"line":316,"column":null}},"type":"binary-expr","locations":[{"start":{"line":316,"column":15},"end":{"line":316,"column":null}}]},"45":{"loc":{"start":{"line":351,"column":19},"end":{"line":351,"column":null}},"type":"cond-expr","locations":[{"start":{"line":351,"column":35},"end":{"line":351,"column":52}},{"start":{"line":351,"column":52},"end":{"line":351,"column":null}}]},"46":{"loc":{"start":{"line":357,"column":20},"end":{"line":359,"column":null}},"type":"if","locations":[{"start":{"line":357,"column":20},"end":{"line":359,"column":null}},{"start":{},"end":{}}]},"47":{"loc":{"start":{"line":357,"column":24},"end":{"line":357,"column":60}},"type":"binary-expr","locations":[{"start":{"line":357,"column":24},"end":{"line":357,"column":45}},{"start":{"line":357,"column":45},"end":{"line":357,"column":60}}]},"48":{"loc":{"start":{"line":368,"column":28},"end":{"line":368,"column":null}},"type":"binary-expr","locations":[{"start":{"line":368,"column":28},"end":{"line":368,"column":46}},{"start":{"line":368,"column":46},"end":{"line":368,"column":null}}]},"49":{"loc":{"start":{"line":383,"column":15},"end":{"line":383,"column":34}},"type":"binary-expr","locations":[{"start":{"line":383,"column":15},"end":{"line":383,"column":34}},{"start":{"line":383,"column":34},"end":{"line":383,"column":null}}]},"50":{"loc":{"start":{"line":388,"column":31},"end":{"line":390,"column":null}},"type":"cond-expr","locations":[{"start":{"line":389,"column":35},"end":{"line":389,"column":null}},{"start":{"line":390,"column":35},"end":{"line":390,"column":null}}]},"51":{"loc":{"start":{"line":392,"column":25},"end":{"line":392,"column":null}},"type":"cond-expr","locations":[{"start":{"line":392,"column":40},"end":{"line":392,"column":61}},{"start":{"line":392,"column":61},"end":{"line":392,"column":null}}]},"52":{"loc":{"start":{"line":399,"column":15},"end":{"line":399,"column":null}},"type":"binary-expr","locations":[{"start":{"line":399,"column":15},"end":{"line":399,"column":null}}]},"53":{"loc":{"start":{"line":402,"column":28},"end":{"line":402,"column":null}},"type":"binary-expr","locations":[{"start":{"line":402,"column":28},"end":{"line":402,"column":41}},{"start":{"line":402,"column":41},"end":{"line":402,"column":null}}]},"54":{"loc":{"start":{"line":413,"column":15},"end":{"line":413,"column":27}},"type":"binary-expr","locations":[{"start":{"line":413,"column":15},"end":{"line":413,"column":27}},{"start":{"line":413,"column":27},"end":{"line":413,"column":44}},{"start":{"line":413,"column":44},"end":{"line":413,"column":null}}]},"55":{"loc":{"start":{"line":421,"column":15},"end":{"line":421,"column":27}},"type":"binary-expr","locations":[{"start":{"line":421,"column":15},"end":{"line":421,"column":27}},{"start":{"line":421,"column":27},"end":{"line":421,"column":null}}]},"56":{"loc":{"start":{"line":436,"column":15},"end":{"line":436,"column":null}},"type":"binary-expr","locations":[{"start":{"line":436,"column":15},"end":{"line":436,"column":null}}]},"57":{"loc":{"start":{"line":445,"column":15},"end":{"line":445,"column":null}},"type":"binary-expr","locations":[{"start":{"line":445,"column":15},"end":{"line":445,"column":null}}]},"58":{"loc":{"start":{"line":447,"column":19},"end":{"line":447,"column":null}},"type":"binary-expr","locations":[{"start":{"line":447,"column":19},"end":{"line":447,"column":null}}]},"59":{"loc":{"start":{"line":453,"column":19},"end":{"line":453,"column":null}},"type":"binary-expr","locations":[{"start":{"line":453,"column":19},"end":{"line":453,"column":null}}]},"60":{"loc":{"start":{"line":459,"column":19},"end":{"line":459,"column":36}},"type":"binary-expr","locations":[{"start":{"line":459,"column":19},"end":{"line":459,"column":36}}]},"61":{"loc":{"start":{"line":460,"column":19},"end":{"line":460,"column":null}},"type":"binary-expr","locations":[{"start":{"line":460,"column":19},"end":{"line":460,"column":null}}]},"62":{"loc":{"start":{"line":471,"column":16},"end":{"line":481,"column":17}},"type":"cond-expr","locations":[{"start":{"line":471,"column":16},"end":{"line":481,"column":17}}]},"63":{"loc":{"start":{"line":483,"column":28},"end":{"line":483,"column":null}},"type":"binary-expr","locations":[{"start":{"line":483,"column":28},"end":{"line":483,"column":41}},{"start":{"line":483,"column":41},"end":{"line":483,"column":null}}]},"64":{"loc":{"start":{"line":497,"column":11},"end":{"line":497,"column":null}},"type":"binary-expr","locations":[{"start":{"line":497,"column":11},"end":{"line":497,"column":null}}]},"65":{"loc":{"start":{"line":503,"column":20},"end":{"line":505,"column":null}},"type":"cond-expr","locations":[{"start":{"line":503,"column":54},"end":{"line":503,"column":null}},{"start":{"line":504,"column":20},"end":{"line":505,"column":null}}]},"66":{"loc":{"start":{"line":504,"column":20},"end":{"line":505,"column":null}},"type":"cond-expr","locations":[{"start":{"line":504,"column":93},"end":{"line":504,"column":null}},{"start":{"line":505,"column":20},"end":{"line":505,"column":null}}]},"67":{"loc":{"start":{"line":504,"column":20},"end":{"line":504,"column":93}},"type":"binary-expr","locations":[{"start":{"line":504,"column":20},"end":{"line":504,"column":56}},{"start":{"line":504,"column":56},"end":{"line":504,"column":93}}]},"68":{"loc":{"start":{"line":508,"column":21},"end":{"line":508,"column":null}},"type":"cond-expr","locations":[{"start":{"line":508,"column":58},"end":{"line":508,"column":75}},{"start":{"line":508,"column":75},"end":{"line":508,"column":null}}]},"69":{"loc":{"start":{"line":513,"column":17},"end":{"line":513,"column":null}},"type":"binary-expr","locations":[{"start":{"line":513,"column":17},"end":{"line":513,"column":null}}]},"70":{"loc":{"start":{"line":522,"column":17},"end":{"line":522,"column":null}},"type":"binary-expr","locations":[{"start":{"line":522,"column":17},"end":{"line":522,"column":null}}]},"71":{"loc":{"start":{"line":527,"column":17},"end":{"line":527,"column":null}},"type":"binary-expr","locations":[{"start":{"line":527,"column":17},"end":{"line":527,"column":null}}]},"72":{"loc":{"start":{"line":541,"column":9},"end":{"line":541,"column":27}},"type":"binary-expr","locations":[{"start":{"line":541,"column":9},"end":{"line":541,"column":27}},{"start":{"line":541,"column":27},"end":{"line":541,"column":null}}]}},"s":{"0":46,"1":1,"2":1,"3":1,"4":202,"5":202,"6":202,"7":202,"8":202,"9":202,"10":202,"11":202,"12":202,"13":202,"14":202,"15":202,"16":202,"17":202,"18":63,"19":63,"20":3,"21":60,"22":60,"23":60,"24":60,"25":60,"26":60,"27":60,"28":60,"29":60,"30":202,"31":71,"32":3,"33":3,"34":3,"35":3,"36":3,"37":68,"38":1,"39":1,"40":67,"41":62,"42":62,"43":67,"44":1,"45":1,"46":67,"47":1,"48":1,"49":67,"50":1,"51":1,"52":1,"53":202,"54":176,"55":176,"56":176,"57":202,"58":46,"59":39,"60":39,"61":7,"62":6,"63":6,"64":7,"65":7,"66":202,"67":36,"68":36,"69":36,"70":202,"71":69,"72":69,"73":69,"74":69,"75":202,"76":1,"77":202,"78":1,"79":1,"80":1,"81":1,"82":202,"83":0,"84":202,"85":0,"86":0,"87":0,"88":0,"89":0,"90":0,"91":0,"92":0,"93":0,"94":0,"95":0,"96":0,"97":202,"98":0,"99":0,"100":0,"101":0,"102":0,"103":202,"104":0,"105":0,"106":0,"107":202,"108":0,"109":202,"110":202,"111":202,"112":202,"113":202,"114":167,"115":8,"116":159,"117":202,"118":85,"119":81,"120":4,"121":2,"122":2,"123":202,"124":85,"125":81,"126":4,"127":2,"128":2,"129":202,"130":202,"131":254,"132":4,"133":250,"134":18,"135":232,"136":7,"137":1,"138":0,"139":0,"140":0},"f":{"0":202,"1":63,"2":60,"3":71,"4":1,"5":176,"6":46,"7":6,"8":6,"9":7,"10":36,"11":69,"12":1,"13":1,"14":0,"15":0,"16":0,"17":0,"18":0,"19":0,"20":167,"21":85,"22":85,"23":254,"24":7,"25":1,"26":0,"27":0},"b":{"0":[0],"1":[202],"2":[3,60],"3":[63,60,60],"4":[3,68],"5":[71,3],"6":[3,0],"7":[1,67],"8":[62,5],"9":[67,63],"10":[1,66],"11":[67,63,4],"12":[1,66],"13":[67,63,4,2],"14":[1,66],"15":[67,63,4,1],"16":[176,0],"17":[39,7],"18":[1,0],"19":[1,0],"20":[1,1],"21":[0,0],"22":[0,0],"23":[0,0],"24":[0,0],"25":[0,0,0],"26":[85,117],"27":[85,117],"28":[85,117],"29":[8,159],"30":[81,4],"31":[2,2],"32":[81,4],"33":[2,2],"34":[202,200,114,95,13],"35":[4,250],"36":[18,232],"37":[202],"38":[120,82],"39":[202,115],"40":[202,200,9],"41":[52,150],"42":[202,115],"43":[202],"44":[0],"45":[0,0],"46":[0,0],"47":[0,0],"48":[0,0],"49":[202,0],"50":[0,0],"51":[0,0],"52":[202],"53":[201,199],"54":[202,200,200],"55":[202,200],"56":[202],"57":[202],"58":[91],"59":[91],"60":[91],"61":[91],"62":[9],"63":[193,191],"64":[202],"65":[197,3],"66":[2,1],"67":[3,2],"68":[1,199],"69":[200],"70":[200],"71":[200],"72":[202,111]}}
,"/home/rmholston/dev/tektos-ultima-v1/frontend/src/components/composer/ModelPicker.tsx": {"path":"/home/rmholston/dev/tektos-ultima-v1/frontend/src/components/composer/ModelPicker.tsx","statementMap":{"0":{"start":{"line":27,"column":13},"end":{"line":27,"column":42}},"1":{"start":{"line":145,"column":16},"end":{"line":145,"column":28}},"2":{"start":{"line":11,"column":64},"end":{"line":11,"column":null}},"3":{"start":{"line":27,"column":42},"end":{"line":114,"column":null}},"4":{"start":{"line":117,"column":44},"end":{"line":124,"column":null}},"5":{"start":{"line":126,"column":43},"end":{"line":133,"column":null}},"6":{"start":{"line":146,"column":30},"end":{"line":146,"column":null}},"7":{"start":{"line":147,"column":30},"end":{"line":147,"column":null}},"8":{"start":{"line":148,"column":22},"end":{"line":148,"column":null}},"9":{"start":{"line":149,"column":20},"end":{"line":149,"column":null}},"10":{"start":{"line":152,"column":18},"end":{"line":152,"column":86}},"11":{"start":{"line":152,"column":44},"end":{"line":152,"column":70}},"12":{"start":{"line":155,"column":19},"end":{"line":159,"column":null}},"13":{"start":{"line":157,"column":6},"end":{"line":159,"column":null}},"14":{"start":{"line":163,"column":18},"end":{"line":167,"column":null}},"15":{"start":{"line":164,"column":4},"end":{"line":164,"column":null}},"16":{"start":{"line":164,"column":22},"end":{"line":164,"column":null}},"17":{"start":{"line":165,"column":4},"end":{"line":165,"column":null}},"18":{"start":{"line":166,"column":4},"end":{"line":166,"column":null}},"19":{"start":{"line":170,"column":2},"end":{"line":184,"column":null}},"20":{"start":{"line":171,"column":24},"end":{"line":181,"column":null}},"21":{"start":{"line":172,"column":6},"end":{"line":180,"column":null}},"22":{"start":{"line":178,"column":8},"end":{"line":178,"column":null}},"23":{"start":{"line":179,"column":8},"end":{"line":179,"column":null}},"24":{"start":{"line":182,"column":4},"end":{"line":182,"column":null}},"25":{"start":{"line":182,"column":16},"end":{"line":182,"column":null}},"26":{"start":{"line":183,"column":4},"end":{"line":183,"column":null}},"27":{"start":{"line":183,"column":17},"end":{"line":183,"column":null}},"28":{"start":{"line":186,"column":23},"end":{"line":192,"column":null}},"29":{"start":{"line":188,"column":6},"end":{"line":188,"column":null}},"30":{"start":{"line":189,"column":6},"end":{"line":189,"column":null}},"31":{"start":{"line":190,"column":6},"end":{"line":190,"column":null}},"32":{"start":{"line":201,"column":10},"end":{"line":201,"column":null}},"33":{"start":{"line":201,"column":25},"end":{"line":201,"column":null}},"34":{"start":{"line":242,"column":31},"end":{"line":242,"column":null}},"35":{"start":{"line":251,"column":14},"end":{"line":251,"column":null}},"36":{"start":{"line":256,"column":18},"end":{"line":257,"column":null}},"37":{"start":{"line":258,"column":35},"end":{"line":258,"column":null}},"38":{"start":{"line":284,"column":24},"end":{"line":285,"column":null}}},"fnMap":{"0":{"name":"ModelPicker","decl":{"start":{"line":145,"column":16},"end":{"line":145,"column":28}},"loc":{"start":{"line":145,"column":95},"end":{"line":311,"column":null}}},"1":{"name":"(anonymous_7)","decl":{"start":{"line":152,"column":37},"end":{"line":152,"column":38}},"loc":{"start":{"line":152,"column":44},"end":{"line":152,"column":70}}},"2":{"name":"(anonymous_8)","decl":{"start":{"line":156,"column":4},"end":{"line":156,"column":5}},"loc":{"start":{"line":157,"column":6},"end":{"line":159,"column":null}}},"3":{"name":"(anonymous_9)","decl":{"start":{"line":163,"column":34},"end":{"line":163,"column":35}},"loc":{"start":{"line":163,"column":40},"end":{"line":167,"column":5}}},"4":{"name":"(anonymous_10)","decl":{"start":{"line":170,"column":12},"end":{"line":170,"column":null}},"loc":{"start":{"line":170,"column":12},"end":{"line":184,"column":5}}},"5":{"name":"(anonymous_11)","decl":{"start":{"line":171,"column":24},"end":{"line":171,"column":25}},"loc":{"start":{"line":171,"column":25},"end":{"line":181,"column":null}}},"6":{"name":"(anonymous_12)","decl":{"start":{"line":183,"column":11},"end":{"line":183,"column":17}},"loc":{"start":{"line":183,"column":17},"end":{"line":183,"column":null}}},"7":{"name":"(anonymous_13)","decl":{"start":{"line":187,"column":4},"end":{"line":187,"column":5}},"loc":{"start":{"line":187,"column":5},"end":{"line":191,"column":null}}},"8":{"name":"(anonymous_14)","decl":{"start":{"line":200,"column":17},"end":{"line":200,"column":null}},"loc":{"start":{"line":200,"column":17},"end":{"line":202,"column":null}}},"9":{"name":"(anonymous_15)","decl":{"start":{"line":242,"column":24},"end":{"line":242,"column":25}},"loc":{"start":{"line":242,"column":31},"end":{"line":242,"column":null}}},"10":{"name":"(anonymous_16)","decl":{"start":{"line":250,"column":41},"end":{"line":250,"column":42}},"loc":{"start":{"line":251,"column":14},"end":{"line":251,"column":null}}},"11":{"name":"(anonymous_17)","decl":{"start":{"line":255,"column":28},"end":{"line":255,"column":29}},"loc":{"start":{"line":256,"column":18},"end":{"line":257,"column":null}}},"12":{"name":"(anonymous_18)","decl":{"start":{"line":258,"column":29},"end":{"line":258,"column":35}},"loc":{"start":{"line":258,"column":35},"end":{"line":258,"column":null}}},"13":{"name":"(anonymous_19)","decl":{"start":{"line":283,"column":50},"end":{"line":283,"column":51}},"loc":{"start":{"line":284,"column":24},"end":{"line":285,"column":null}}}},"branchMap":{"0":{"loc":{"start":{"line":145,"column":59},"end":{"line":145,"column":75}},"type":"default-arg","locations":[{"start":{"line":145,"column":70},"end":{"line":145,"column":75}}]},"1":{"loc":{"start":{"line":152,"column":18},"end":{"line":152,"column":86}},"type":"binary-expr","locations":[{"start":{"line":152,"column":18},"end":{"line":152,"column":70}},{"start":{"line":152,"column":70},"end":{"line":152,"column":86}}]},"2":{"loc":{"start":{"line":157,"column":6},"end":{"line":159,"column":null}},"type":"binary-expr","locations":[{"start":{"line":157,"column":6},"end":{"line":157,"column":null}},{"start":{"line":158,"column":6},"end":{"line":158,"column":null}},{"start":{"line":159,"column":6},"end":{"line":159,"column":null}}]},"3":{"loc":{"start":{"line":164,"column":4},"end":{"line":164,"column":null}},"type":"if","locations":[{"start":{"line":164,"column":4},"end":{"line":164,"column":null}},{"start":{},"end":{}}]},"4":{"loc":{"start":{"line":172,"column":6},"end":{"line":180,"column":null}},"type":"if","locations":[{"start":{"line":172,"column":6},"end":{"line":180,"column":null}},{"start":{},"end":{}}]},"5":{"loc":{"start":{"line":173,"column":8},"end":{"line":176,"column":null}},"type":"binary-expr","locations":[{"start":{"line":173,"column":8},"end":{"line":173,"column":27}},{"start":{"line":174,"column":8},"end":{"line":174,"column":null}},{"start":{"line":175,"column":8},"end":{"line":175,"column":25}},{"start":{"line":176,"column":8},"end":{"line":176,"column":null}}]},"6":{"loc":{"start":{"line":182,"column":4},"end":{"line":182,"column":null}},"type":"if","locations":[{"start":{"line":182,"column":4},"end":{"line":182,"column":null}},{"start":{},"end":{}}]},"7":{"loc":{"start":{"line":201,"column":10},"end":{"line":201,"column":null}},"type":"if","locations":[{"start":{"line":201,"column":10},"end":{"line":201,"column":null}},{"start":{},"end":{}}]},"8":{"loc":{"start":{"line":208,"column":12},"end":{"line":210,"column":null}},"type":"cond-expr","locations":[{"start":{"line":209,"column":16},"end":{"line":209,"column":null}},{"start":{"line":210,"column":16},"end":{"line":210,"column":null}}]},"9":{"loc":{"start":{"line":212,"column":12},"end":{"line":212,"column":74}},"type":"cond-expr","locations":[{"start":{"line":212,"column":23},"end":{"line":212,"column":57}},{"start":{"line":212,"column":57},"end":{"line":212,"column":74}}]},"10":{"loc":{"start":{"line":224,"column":72},"end":{"line":224,"column":100}},"type":"cond-expr","locations":[{"start":{"line":224,"column":81},"end":{"line":224,"column":96}},{"start":{"line":224,"column":96},"end":{"line":224,"column":100}}]},"11":{"loc":{"start":{"line":235,"column":7},"end":{"line":235,"column":null}},"type":"binary-expr","locations":[{"start":{"line":235,"column":7},"end":{"line":235,"column":null}}]},"12":{"loc":{"start":{"line":261,"column":24},"end":{"line":261,"column":96}},"type":"cond-expr","locations":[{"start":{"line":261,"column":52},"end":{"line":261,"column":93}},{"start":{"line":261,"column":93},"end":{"line":261,"column":96}}]},"13":{"loc":{"start":{"line":269,"column":25},"end":{"line":269,"column":42}},"type":"binary-expr","locations":[{"start":{"line":269,"column":25},"end":{"line":269,"column":42}}]},"14":{"loc":{"start":{"line":291,"column":23},"end":{"line":291,"column":null}},"type":"binary-expr","locations":[{"start":{"line":291,"column":23},"end":{"line":291,"column":null}}]}},"s":{"0":13,"1":223,"2":2,"3":2,"4":2,"5":2,"6":236,"7":236,"8":236,"9":236,"10":236,"11":1942,"12":236,"13":2360,"14":236,"15":2319,"16":1162,"17":2319,"18":2319,"19":236,"20":89,"21":6,"22":1,"23":1,"24":89,"25":19,"26":89,"27":89,"28":236,"29":5,"30":5,"31":5,"32":19,"33":19,"34":5,"35":102,"36":199,"37":5,"38":557},"f":{"0":236,"1":1942,"2":2360,"3":2319,"4":89,"5":6,"6":89,"7":5,"8":19,"9":5,"10":102,"11":199,"12":5,"13":557},"b":{"0":[234],"1":[236,183],"2":[2360,47,41],"3":[1162,1157],"4":[1,5],"5":[6,6,1,1],"6":[19,70],"7":[19,0],"8":[24,212],"9":[2,234],"10":[24,212],"11":[236],"12":[19,180],"13":[199],"14":[199]}}
,"/home/rmholston/dev/tektos-ultima-v1/frontend/src/lib/protocol.ts": {"path":"/home/rmholston/dev/tektos-ultima-v1/frontend/src/lib/protocol.ts","statementMap":{"0":{"start":{"line":141,"column":13},"end":{"line":141,"column":25}},"1":{"start":{"line":15,"column":13},"end":{"line":15,"column":null}},"2":{"start":{"line":16,"column":10},"end":{"line":16,"column":null}},"3":{"start":{"line":17,"column":10},"end":{"line":17,"column":null}},"4":{"start":{"line":18,"column":10},"end":{"line":18,"column":null}},"5":{"start":{"line":19,"column":10},"end":{"line":19,"column":null}},"6":{"start":{"line":20,"column":10},"end":{"line":20,"column":null}},"7":{"start":{"line":21,"column":10},"end":{"line":21,"column":null}},"8":{"start":{"line":22,"column":10},"end":{"line":22,"column":null}},"9":{"start":{"line":23,"column":10},"end":{"line":23,"column":null}},"10":{"start":{"line":24,"column":10},"end":{"line":24,"column":null}},"11":{"start":{"line":25,"column":10},"end":{"line":25,"column":null}},"12":{"start":{"line":26,"column":10},"end":{"line":26,"column":null}},"13":{"start":{"line":27,"column":10},"end":{"line":27,"column":null}},"14":{"start":{"line":28,"column":10},"end":{"line":28,"column":null}},"15":{"start":{"line":29,"column":10},"end":{"line":29,"column":null}},"16":{"start":{"line":32,"column":4},"end":{"line":32,"column":null}},"17":{"start":{"line":32,"column":23},"end":{"line":32,"column":null}},"18":{"start":{"line":33,"column":4},"end":{"line":33,"column":null}},"19":{"start":{"line":33,"column":23},"end":{"line":33,"column":null}},"20":{"start":{"line":34,"column":4},"end":{"line":38,"column":null}},"21":{"start":{"line":35,"column":6},"end":{"line":35,"column":null}},"22":{"start":{"line":38,"column":9},"end":{"line":38,"column":null}},"23":{"start":{"line":42,"column":4},"end":{"line":42,"column":null}},"24":{"start":{"line":42,"column":40},"end":{"line":42,"column":105}},"25":{"start":{"line":42,"column":46},"end":{"line":42,"column":54}},"26":{"start":{"line":42,"column":68},"end":{"line":42,"column":103}},"27":{"start":{"line":46,"column":4},"end":{"line":46,"column":null}},"28":{"start":{"line":46,"column":57},"end":{"line":46,"column":null}},"29":{"start":{"line":51,"column":4},"end":{"line":51,"column":null}},"30":{"start":{"line":56,"column":4},"end":{"line":58,"column":null}},"31":{"start":{"line":57,"column":6},"end":{"line":57,"column":null}},"32":{"start":{"line":57,"column":12},"end":{"line":57,"column":51}},"33":{"start":{"line":59,"column":4},"end":{"line":59,"column":null}},"34":{"start":{"line":59,"column":28},"end":{"line":59,"column":59}},"35":{"start":{"line":59,"column":59},"end":{"line":59,"column":67}},"36":{"start":{"line":60,"column":4},"end":{"line":60,"column":null}},"37":{"start":{"line":61,"column":4},"end":{"line":61,"column":null}},"38":{"start":{"line":62,"column":4},"end":{"line":69,"column":null}},"39":{"start":{"line":63,"column":6},"end":{"line":63,"column":null}},"40":{"start":{"line":64,"column":6},"end":{"line":64,"column":null}},"41":{"start":{"line":64,"column":31},"end":{"line":64,"column":59}},"42":{"start":{"line":64,"column":59},"end":{"line":64,"column":87}},"43":{"start":{"line":64,"column":87},"end":{"line":64,"column":115}},"44":{"start":{"line":64,"column":115},"end":{"line":64,"column":138}},"45":{"start":{"line":65,"column":6},"end":{"line":65,"column":null}},"46":{"start":{"line":65,"column":49},"end":{"line":65,"column":160}},"47":{"start":{"line":65,"column":55},"end":{"line":65,"column":90}},"48":{"start":{"line":65,"column":106},"end":{"line":65,"column":158}},"49":{"start":{"line":66,"column":6},"end":{"line":67,"column":null}},"50":{"start":{"line":66,"column":34},"end":{"line":66,"column":56}},"51":{"start":{"line":66,"column":56},"end":{"line":66,"column":null}},"52":{"start":{"line":67,"column":8},"end":{"line":67,"column":45}},"53":{"start":{"line":68,"column":6},"end":{"line":68,"column":null}},"54":{"start":{"line":68,"column":30},"end":{"line":68,"column":null}},"55":{"start":{"line":69,"column":20},"end":{"line":69,"column":74}},"56":{"start":{"line":72,"column":23},"end":{"line":72,"column":91}},"57":{"start":{"line":72,"column":38},"end":{"line":72,"column":73}},"58":{"start":{"line":72,"column":73},"end":{"line":72,"column":89}},"59":{"start":{"line":72,"column":91},"end":{"line":72,"column":113}},"60":{"start":{"line":72,"column":113},"end":{"line":72,"column":144}},"61":{"start":{"line":73,"column":22},"end":{"line":73,"column":41}},"62":{"start":{"line":73,"column":41},"end":{"line":73,"column":57}},"63":{"start":{"line":75,"column":21},"end":{"line":75,"column":null}},"64":{"start":{"line":76,"column":4},"end":{"line":76,"column":null}},"65":{"start":{"line":76,"column":24},"end":{"line":76,"column":null}},"66":{"start":{"line":77,"column":4},"end":{"line":77,"column":null}},"67":{"start":{"line":77,"column":22},"end":{"line":77,"column":null}},"68":{"start":{"line":78,"column":4},"end":{"line":78,"column":null}},"69":{"start":{"line":80,"column":26},"end":{"line":80,"column":130}},"70":{"start":{"line":80,"column":47},"end":{"line":80,"column":130}},"71":{"start":{"line":82,"column":35},"end":{"line":82,"column":57}},"72":{"start":{"line":83,"column":28},"end":{"line":83,"column":52}},"73":{"start":{"line":86,"column":16},"end":{"line":86,"column":null}},"74":{"start":{"line":87,"column":4},"end":{"line":87,"column":null}},"75":{"start":{"line":87,"column":33},"end":{"line":87,"column":null}},"76":{"start":{"line":88,"column":4},"end":{"line":88,"column":null}},"77":{"start":{"line":92,"column":16},"end":{"line":92,"column":null}},"78":{"start":{"line":93,"column":4},"end":{"line":93,"column":null}},"79":{"start":{"line":96,"column":41},"end":{"line":96,"column":75}},"80":{"start":{"line":97,"column":52},"end":{"line":97,"column":89}},"81":{"start":{"line":97,"column":89},"end":{"line":97,"column":134}},"82":{"start":{"line":97,"column":101},"end":{"line":97,"column":134}},"83":{"start":{"line":98,"column":47},"end":{"line":98,"column":81}},"84":{"start":{"line":99,"column":58},"end":{"line":99,"column":95}},"85":{"start":{"line":99,"column":95},"end":{"line":99,"column":140}},"86":{"start":{"line":99,"column":107},"end":{"line":99,"column":140}},"87":{"start":{"line":102,"column":4},"end":{"line":102,"column":null}},"88":{"start":{"line":103,"column":21},"end":{"line":103,"column":40}},"89":{"start":{"line":104,"column":21},"end":{"line":104,"column":null}},"90":{"start":{"line":105,"column":4},"end":{"line":105,"column":null}},"91":{"start":{"line":105,"column":18},"end":{"line":105,"column":null}},"92":{"start":{"line":105,"column":44},"end":{"line":105,"column":137}},"93":{"start":{"line":105,"column":50},"end":{"line":105,"column":63}},"94":{"start":{"line":105,"column":77},"end":{"line":105,"column":135}},"95":{"start":{"line":106,"column":21},"end":{"line":106,"column":null}},"96":{"start":{"line":107,"column":4},"end":{"line":107,"column":null}},"97":{"start":{"line":107,"column":18},"end":{"line":107,"column":null}},"98":{"start":{"line":107,"column":44},"end":{"line":107,"column":140}},"99":{"start":{"line":107,"column":50},"end":{"line":107,"column":63}},"100":{"start":{"line":107,"column":77},"end":{"line":107,"column":138}},"101":{"start":{"line":111,"column":4},"end":{"line":111,"column":null}},"102":{"start":{"line":112,"column":4},"end":{"line":112,"column":null}},"103":{"start":{"line":112,"column":38},"end":{"line":112,"column":null}},"104":{"start":{"line":116,"column":14},"end":{"line":116,"column":null}},"105":{"start":{"line":117,"column":4},"end":{"line":117,"column":null}},"106":{"start":{"line":118,"column":4},"end":{"line":118,"column":null}},"107":{"start":{"line":119,"column":4},"end":{"line":119,"column":null}},"108":{"start":{"line":119,"column":21},"end":{"line":119,"column":37}},"109":{"start":{"line":123,"column":4},"end":{"line":123,"column":null}},"110":{"start":{"line":124,"column":4},"end":{"line":124,"column":null}},"111":{"start":{"line":125,"column":4},"end":{"line":125,"column":null}},"112":{"start":{"line":125,"column":47},"end":{"line":125,"column":69}},"113":{"start":{"line":138,"column":34},"end":{"line":138,"column":136}},"114":{"start":{"line":138,"column":64},"end":{"line":138,"column":103}},"115":{"start":{"line":138,"column":103},"end":{"line":138,"column":134}},"116":{"start":{"line":141,"column":25},"end":{"line":149,"column":null}}},"fnMap":{"0":{"name":"(anonymous_3)","decl":{"start":{"line":31,"column":2},"end":{"line":31,"column":14}},"loc":{"start":{"line":31,"column":77},"end":{"line":39,"column":null}}},"1":{"name":"(anonymous_4)","decl":{"start":{"line":41,"column":10},"end":{"line":41,"column":22}},"loc":{"start":{"line":41,"column":40},"end":{"line":43,"column":null}}},"2":{"name":"(anonymous_5)","decl":{"start":{"line":42,"column":31},"end":{"line":42,"column":32}},"loc":{"start":{"line":42,"column":32},"end":{"line":42,"column":null}}},"3":{"name":"(anonymous_6)","decl":{"start":{"line":45,"column":2},"end":{"line":45,"column":19}},"loc":{"start":{"line":45,"column":41},"end":{"line":47,"column":null}}},"4":{"name":"(anonymous_7)","decl":{"start":{"line":50,"column":2},"end":{"line":50,"column":36}},"loc":{"start":{"line":50,"column":59},"end":{"line":52,"column":null}}},"5":{"name":"(anonymous_8)","decl":{"start":{"line":54,"column":2},"end":{"line":54,"column":18}},"loc":{"start":{"line":54,"column":18},"end":{"line":70,"column":null}}},"6":{"name":"(anonymous_9)","decl":{"start":{"line":64,"column":23},"end":{"line":64,"column":31}},"loc":{"start":{"line":64,"column":23},"end":{"line":64,"column":null}}},"7":{"name":"(anonymous_10)","decl":{"start":{"line":65,"column":26},"end":{"line":65,"column":27}},"loc":{"start":{"line":65,"column":27},"end":{"line":65,"column":null}}},"8":{"name":"(anonymous_11)","decl":{"start":{"line":66,"column":24},"end":{"line":66,"column":25}},"loc":{"start":{"line":66,"column":25},"end":{"line":67,"column":null}}},"9":{"name":"(anonymous_12)","decl":{"start":{"line":68,"column":24},"end":{"line":68,"column":30}},"loc":{"start":{"line":68,"column":30},"end":{"line":68,"column":null}}},"10":{"name":"(anonymous_13)","decl":{"start":{"line":72,"column":2},"end":{"line":72,"column":21}},"loc":{"start":{"line":72,"column":21},"end":{"line":72,"column":null}}},"11":{"name":"(anonymous_14)","decl":{"start":{"line":73,"column":2},"end":{"line":73,"column":20}},"loc":{"start":{"line":73,"column":20},"end":{"line":73,"column":null}}},"12":{"name":"(anonymous_15)","decl":{"start":{"line":74,"column":2},"end":{"line":74,"column":13}},"loc":{"start":{"line":74,"column":80},"end":{"line":79,"column":null}}},"13":{"name":"(anonymous_16)","decl":{"start":{"line":80,"column":2},"end":{"line":80,"column":24}},"loc":{"start":{"line":80,"column":24},"end":{"line":80,"column":null}}},"14":{"name":"(anonymous_17)","decl":{"start":{"line":81,"column":2},"end":{"line":81,"column":13}},"loc":{"start":{"line":81,"column":36},"end":{"line":81,"column":null}}},"15":{"name":"(anonymous_18)","decl":{"start":{"line":82,"column":2},"end":{"line":82,"column":15}},"loc":{"start":{"line":82,"column":33},"end":{"line":82,"column":null}}},"16":{"name":"(anonymous_19)","decl":{"start":{"line":83,"column":2},"end":{"line":83,"column":6}},"loc":{"start":{"line":83,"column":26},"end":{"line":83,"column":null}}},"17":{"name":"(anonymous_20)","decl":{"start":{"line":85,"column":2},"end":{"line":85,"column":5}},"loc":{"start":{"line":85,"column":59},"end":{"line":89,"column":null}}},"18":{"name":"(anonymous_21)","decl":{"start":{"line":91,"column":2},"end":{"line":91,"column":6}},"loc":{"start":{"line":91,"column":60},"end":{"line":94,"column":null}}},"19":{"name":"(anonymous_22)","decl":{"start":{"line":96,"column":2},"end":{"line":96,"column":10}},"loc":{"start":{"line":96,"column":39},"end":{"line":96,"column":null}}},"20":{"name":"(anonymous_23)","decl":{"start":{"line":97,"column":2},"end":{"line":97,"column":11}},"loc":{"start":{"line":97,"column":40},"end":{"line":97,"column":null}}},"21":{"name":"(anonymous_24)","decl":{"start":{"line":98,"column":2},"end":{"line":98,"column":16}},"loc":{"start":{"line":98,"column":45},"end":{"line":98,"column":null}}},"22":{"name":"(anonymous_25)","decl":{"start":{"line":99,"column":2},"end":{"line":99,"column":17}},"loc":{"start":{"line":99,"column":46},"end":{"line":99,"column":null}}},"23":{"name":"(anonymous_26)","decl":{"start":{"line":101,"column":10},"end":{"line":101,"column":19}},"loc":{"start":{"line":101,"column":53},"end":{"line":108,"column":null}}},"24":{"name":"(anonymous_27)","decl":{"start":{"line":105,"column":35},"end":{"line":105,"column":36}},"loc":{"start":{"line":105,"column":36},"end":{"line":105,"column":null}}},"25":{"name":"(anonymous_28)","decl":{"start":{"line":107,"column":35},"end":{"line":107,"column":36}},"loc":{"start":{"line":107,"column":36},"end":{"line":107,"column":null}}},"26":{"name":"(anonymous_29)","decl":{"start":{"line":110,"column":10},"end":{"line":110,"column":19}},"loc":{"start":{"line":110,"column":64},"end":{"line":113,"column":null}}},"27":{"name":"(anonymous_30)","decl":{"start":{"line":112,"column":31},"end":{"line":112,"column":32}},"loc":{"start":{"line":112,"column":38},"end":{"line":112,"column":null}}},"28":{"name":"(anonymous_31)","decl":{"start":{"line":115,"column":10},"end":{"line":115,"column":36}},"loc":{"start":{"line":115,"column":36},"end":{"line":120,"column":null}}},"29":{"name":"(anonymous_32)","decl":{"start":{"line":119,"column":15},"end":{"line":119,"column":21}},"loc":{"start":{"line":119,"column":21},"end":{"line":119,"column":37}}},"30":{"name":"(anonymous_33)","decl":{"start":{"line":122,"column":10},"end":{"line":122,"column":33}},"loc":{"start":{"line":122,"column":33},"end":{"line":126,"column":null}}},"31":{"name":"(anonymous_34)","decl":{"start":{"line":125,"column":41},"end":{"line":125,"column":47}},"loc":{"start":{"line":125,"column":47},"end":{"line":125,"column":69}}},"32":{"name":"(anonymous_35)","decl":{"start":{"line":138,"column":10},"end":{"line":138,"column":32}},"loc":{"start":{"line":138,"column":32},"end":{"line":138,"column":null}}}},"branchMap":{"0":{"loc":{"start":{"line":32,"column":4},"end":{"line":32,"column":null}},"type":"if","locations":[{"start":{"line":32,"column":4},"end":{"line":32,"column":null}},{"start":{},"end":{}}]},"1":{"loc":{"start":{"line":33,"column":4},"end":{"line":33,"column":null}},"type":"if","locations":[{"start":{"line":33,"column":4},"end":{"line":33,"column":null}},{"start":{},"end":{}}]},"2":{"loc":{"start":{"line":34,"column":4},"end":{"line":38,"column":null}},"type":"if","locations":[{"start":{"line":34,"column":4},"end":{"line":38,"column":null}},{"start":{"line":38,"column":9},"end":{"line":38,"column":null}}]},"3":{"loc":{"start":{"line":46,"column":4},"end":{"line":46,"column":null}},"type":"if","locations":[{"start":{"line":46,"column":4},"end":{"line":46,"column":null}},{"start":{},"end":{}}]},"4":{"loc":{"start":{"line":46,"column":8},"end":{"line":46,"column":57}},"type":"binary-expr","locations":[{"start":{"line":46,"column":8},"end":{"line":46,"column":28}},{"start":{"line":46,"column":28},"end":{"line":46,"column":57}}]},"5":{"loc":{"start":{"line":56,"column":4},"end":{"line":58,"column":null}},"type":"if","locations":[{"start":{"line":56,"column":4},"end":{"line":58,"column":null}},{"start":{},"end":{}}]},"6":{"loc":{"start":{"line":56,"column":8},"end":{"line":56,"column":55}},"type":"binary-expr","locations":[{"start":{"line":56,"column":8},"end":{"line":56,"column":15}},{"start":{"line":56,"column":19},"end":{"line":56,"column":55}}]},"7":{"loc":{"start":{"line":59,"column":4},"end":{"line":59,"column":null}},"type":"if","locations":[{"start":{"line":59,"column":4},"end":{"line":59,"column":null}},{"start":{},"end":{}}]},"8":{"loc":{"start":{"line":66,"column":86},"end":{"line":66,"column":null}},"type":"binary-expr","locations":[{"start":{"line":66,"column":86},"end":{"line":66,"column":95}},{"start":{"line":66,"column":99},"end":{"line":66,"column":null}}]},"9":{"loc":{"start":{"line":72,"column":23},"end":{"line":72,"column":91}},"type":"if","locations":[{"start":{"line":72,"column":23},"end":{"line":72,"column":91}},{"start":{},"end":{}}]},"10":{"loc":{"start":{"line":76,"column":4},"end":{"line":76,"column":null}},"type":"if","locations":[{"start":{"line":76,"column":4},"end":{"line":76,"column":null}},{"start":{},"end":{}}]},"11":{"loc":{"start":{"line":77,"column":4},"end":{"line":77,"column":null}},"type":"if","locations":[{"start":{"line":77,"column":4},"end":{"line":77,"column":null}},{"start":{},"end":{}}]},"12":{"loc":{"start":{"line":80,"column":26},"end":{"line":80,"column":130}},"type":"if","locations":[{"start":{"line":80,"column":26},"end":{"line":80,"column":130}},{"start":{},"end":{}}]},"13":{"loc":{"start":{"line":86,"column":16},"end":{"line":86,"column":null}},"type":"cond-expr","locations":[{"start":{"line":86,"column":36},"end":{"line":86,"column":42}},{"start":{"line":86,"column":42},"end":{"line":86,"column":null}}]},"14":{"loc":{"start":{"line":87,"column":4},"end":{"line":87,"column":null}},"type":"if","locations":[{"start":{"line":87,"column":4},"end":{"line":87,"column":null}},{"start":{},"end":{}}]},"15":{"loc":{"start":{"line":92,"column":16},"end":{"line":92,"column":null}},"type":"cond-expr","locations":[{"start":{"line":92,"column":36},"end":{"line":92,"column":42}},{"start":{"line":92,"column":42},"end":{"line":92,"column":null}}]},"16":{"loc":{"start":{"line":97,"column":89},"end":{"line":97,"column":134}},"type":"if","locations":[{"start":{"line":97,"column":89},"end":{"line":97,"column":134}},{"start":{},"end":{}}]},"17":{"loc":{"start":{"line":99,"column":95},"end":{"line":99,"column":140}},"type":"if","locations":[{"start":{"line":99,"column":95},"end":{"line":99,"column":140}},{"start":{},"end":{}}]},"18":{"loc":{"start":{"line":105,"column":4},"end":{"line":105,"column":null}},"type":"if","locations":[{"start":{"line":105,"column":4},"end":{"line":105,"column":null}},{"start":{},"end":{}}]},"19":{"loc":{"start":{"line":107,"column":4},"end":{"line":107,"column":null}},"type":"if","locations":[{"start":{"line":107,"column":4},"end":{"line":107,"column":null}},{"start":{},"end":{}}]},"20":{"loc":{"start":{"line":112,"column":59},"end":{"line":112,"column":69}},"type":"binary-expr","locations":[{"start":{"line":112,"column":59},"end":{"line":112,"column":64}},{"start":{"line":112,"column":64},"end":{"line":112,"column":69}}]},"21":{"loc":{"start":{"line":138,"column":34},"end":{"line":138,"column":136}},"type":"if","locations":[{"start":{"line":138,"column":34},"end":{"line":138,"column":136}},{"start":{},"end":{}}]}},"s":{"0":666,"1":51,"2":51,"3":51,"4":51,"5":51,"6":51,"7":51,"8":51,"9":51,"10":51,"11":51,"12":51,"13":51,"14":51,"15":51,"16":51,"17":1,"18":51,"19":1,"20":51,"21":1,"22":50,"23":5,"24":6,"25":6,"26":1,"27":6,"28":3,"29":3,"30":23,"31":1,"32":1,"33":23,"34":1,"35":1,"36":22,"37":22,"38":22,"39":22,"40":21,"41":11,"42":11,"43":11,"44":11,"45":21,"46":5,"47":5,"48":1,"49":21,"50":3,"51":3,"52":3,"53":21,"54":1,"55":1,"56":3,"57":2,"58":2,"59":3,"60":3,"61":1,"62":1,"63":5,"64":5,"65":1,"66":5,"67":1,"68":5,"69":3,"70":1,"71":29,"72":2,"73":9,"74":9,"75":8,"76":9,"77":4,"78":4,"79":8,"80":2,"81":2,"82":1,"83":5,"84":2,"85":2,"86":1,"87":4,"88":4,"89":4,"90":4,"91":3,"92":3,"93":3,"94":1,"95":4,"96":4,"97":1,"98":1,"99":1,"100":1,"101":44,"102":44,"103":4,"104":3,"105":3,"106":3,"107":3,"108":0,"109":11,"110":11,"111":11,"112":0,"113":7,"114":3,"115":3,"116":4},"f":{"0":51,"1":5,"2":6,"3":6,"4":3,"5":23,"6":11,"7":5,"8":3,"9":1,"10":3,"11":1,"12":5,"13":3,"14":1,"15":29,"16":2,"17":9,"18":4,"19":8,"20":2,"21":5,"22":2,"23":4,"24":3,"25":1,"26":44,"27":4,"28":3,"29":0,"30":11,"31":0,"32":7},"b":{"0":[1,50],"1":[1,50],"2":[1,50],"3":[3,3],"4":[6,5],"5":[1,22],"6":[23,1],"7":[1,22],"8":[3,0],"9":[2,1],"10":[1,4],"11":[1,4],"12":[1,2],"13":[2,7],"14":[8,1],"15":[0,4],"16":[1,1],"17":[1,1],"18":[3,1],"19":[1,3],"20":[4,3],"21":[3,4]}}
,"/home/rmholston/dev/tektos-ultima-v1/frontend/src/lib/session-store.ts": {"path":"/home/rmholston/dev/tektos-ultima-v1/frontend/src/lib/session-store.ts","statementMap":{"0":{"start":{"line":47,"column":13},"end":{"line":47,"column":null}},"1":{"start":{"line":10,"column":42},"end":{"line":10,"column":null}},"2":{"start":{"line":48,"column":10},"end":{"line":48,"column":null}},"3":{"start":{"line":49,"column":10},"end":{"line":49,"column":null}},"4":{"start":{"line":374,"column":10},"end":{"line":374,"column":null}},"5":{"start":{"line":53,"column":4},"end":{"line":53,"column":null}},"6":{"start":{"line":54,"column":4},"end":{"line":54,"column":null}},"7":{"start":{"line":64,"column":21},"end":{"line":71,"column":null}},"8":{"start":{"line":73,"column":4},"end":{"line":75,"column":null}},"9":{"start":{"line":74,"column":6},"end":{"line":74,"column":null}},"10":{"start":{"line":77,"column":17},"end":{"line":77,"column":null}},"11":{"start":{"line":78,"column":37},"end":{"line":90,"column":null}},"12":{"start":{"line":92,"column":4},"end":{"line":92,"column":null}},"13":{"start":{"line":93,"column":4},"end":{"line":93,"column":null}},"14":{"start":{"line":94,"column":4},"end":{"line":94,"column":null}},"15":{"start":{"line":97,"column":4},"end":{"line":97,"column":null}},"16":{"start":{"line":99,"column":4},"end":{"line":99,"column":null}},"17":{"start":{"line":103,"column":19},"end":{"line":103,"column":null}},"18":{"start":{"line":104,"column":4},"end":{"line":106,"column":null}},"19":{"start":{"line":105,"column":6},"end":{"line":105,"column":null}},"20":{"start":{"line":107,"column":4},"end":{"line":109,"column":null}},"21":{"start":{"line":108,"column":6},"end":{"line":108,"column":null}},"22":{"start":{"line":111,"column":21},"end":{"line":111,"column":null}},"23":{"start":{"line":112,"column":4},"end":{"line":114,"column":null}},"24":{"start":{"line":113,"column":6},"end":{"line":113,"column":null}},"25":{"start":{"line":116,"column":17},"end":{"line":116,"column":null}},"26":{"start":{"line":118,"column":24},"end":{"line":118,"column":73}},"27":{"start":{"line":119,"column":21},"end":{"line":119,"column":null}},"28":{"start":{"line":119,"column":49},"end":{"line":119,"column":null}},"29":{"start":{"line":120,"column":4},"end":{"line":120,"column":null}},"30":{"start":{"line":120,"column":45},"end":{"line":120,"column":null}},"31":{"start":{"line":121,"column":4},"end":{"line":121,"column":null}},"32":{"start":{"line":123,"column":4},"end":{"line":123,"column":null}},"33":{"start":{"line":127,"column":19},"end":{"line":127,"column":null}},"34":{"start":{"line":128,"column":4},"end":{"line":128,"column":null}},"35":{"start":{"line":128,"column":16},"end":{"line":128,"column":null}},"36":{"start":{"line":130,"column":21},"end":{"line":130,"column":null}},"37":{"start":{"line":131,"column":4},"end":{"line":131,"column":null}},"38":{"start":{"line":131,"column":22},"end":{"line":131,"column":null}},"39":{"start":{"line":133,"column":17},"end":{"line":133,"column":null}},"40":{"start":{"line":134,"column":20},"end":{"line":134,"column":null}},"41":{"start":{"line":135,"column":4},"end":{"line":135,"column":null}},"42":{"start":{"line":136,"column":4},"end":{"line":136,"column":null}},"43":{"start":{"line":140,"column":4},"end":{"line":144,"column":null}},"44":{"start":{"line":146,"column":20},"end":{"line":146,"column":null}},"45":{"start":{"line":147,"column":4},"end":{"line":152,"column":null}},"46":{"start":{"line":148,"column":6},"end":{"line":148,"column":null}},"47":{"start":{"line":149,"column":6},"end":{"line":149,"column":null}},"48":{"start":{"line":150,"column":6},"end":{"line":150,"column":null}},"49":{"start":{"line":151,"column":6},"end":{"line":151,"column":null}},"50":{"start":{"line":156,"column":4},"end":{"line":160,"column":null}},"51":{"start":{"line":162,"column":20},"end":{"line":162,"column":null}},"52":{"start":{"line":163,"column":4},"end":{"line":168,"column":null}},"53":{"start":{"line":164,"column":6},"end":{"line":164,"column":null}},"54":{"start":{"line":165,"column":6},"end":{"line":165,"column":null}},"55":{"start":{"line":166,"column":6},"end":{"line":166,"column":null}},"56":{"start":{"line":167,"column":6},"end":{"line":167,"column":null}},"57":{"start":{"line":172,"column":4},"end":{"line":172,"column":null}},"58":{"start":{"line":174,"column":20},"end":{"line":174,"column":null}},"59":{"start":{"line":175,"column":4},"end":{"line":181,"column":null}},"60":{"start":{"line":176,"column":6},"end":{"line":176,"column":null}},"61":{"start":{"line":177,"column":6},"end":{"line":177,"column":null}},"62":{"start":{"line":178,"column":6},"end":{"line":178,"column":null}},"63":{"start":{"line":179,"column":6},"end":{"line":179,"column":null}},"64":{"start":{"line":180,"column":6},"end":{"line":180,"column":null}},"65":{"start":{"line":185,"column":4},"end":{"line":185,"column":null}},"66":{"start":{"line":186,"column":4},"end":{"line":186,"column":null}},"67":{"start":{"line":187,"column":4},"end":{"line":187,"column":null}},"68":{"start":{"line":188,"column":4},"end":{"line":188,"column":null}},"69":{"start":{"line":192,"column":21},"end":{"line":198,"column":null}},"70":{"start":{"line":200,"column":4},"end":{"line":202,"column":null}},"71":{"start":{"line":201,"column":6},"end":{"line":201,"column":null}},"72":{"start":{"line":204,"column":17},"end":{"line":204,"column":null}},"73":{"start":{"line":205,"column":37},"end":{"line":217,"column":null}},"74":{"start":{"line":219,"column":4},"end":{"line":219,"column":null}},"75":{"start":{"line":220,"column":4},"end":{"line":220,"column":null}},"76":{"start":{"line":221,"column":4},"end":{"line":221,"column":null}},"77":{"start":{"line":223,"column":4},"end":{"line":223,"column":null}},"78":{"start":{"line":231,"column":4},"end":{"line":247,"column":null}},"79":{"start":{"line":232,"column":39},"end":{"line":243,"column":null}},"80":{"start":{"line":244,"column":6},"end":{"line":244,"column":null}},"81":{"start":{"line":245,"column":6},"end":{"line":245,"column":null}},"82":{"start":{"line":246,"column":6},"end":{"line":246,"column":null}},"83":{"start":{"line":249,"column":4},"end":{"line":259,"column":null}},"84":{"start":{"line":250,"column":22},"end":{"line":250,"column":null}},"85":{"start":{"line":251,"column":6},"end":{"line":258,"column":null}},"86":{"start":{"line":252,"column":8},"end":{"line":252,"column":null}},"87":{"start":{"line":253,"column":8},"end":{"line":253,"column":null}},"88":{"start":{"line":254,"column":8},"end":{"line":254,"column":null}},"89":{"start":{"line":255,"column":8},"end":{"line":255,"column":null}},"90":{"start":{"line":256,"column":8},"end":{"line":256,"column":null}},"91":{"start":{"line":257,"column":8},"end":{"line":257,"column":null}},"92":{"start":{"line":261,"column":4},"end":{"line":270,"column":null}},"93":{"start":{"line":262,"column":22},"end":{"line":262,"column":null}},"94":{"start":{"line":263,"column":6},"end":{"line":269,"column":null}},"95":{"start":{"line":264,"column":8},"end":{"line":264,"column":null}},"96":{"start":{"line":264,"column":37},"end":{"line":264,"column":null}},"97":{"start":{"line":265,"column":8},"end":{"line":265,"column":null}},"98":{"start":{"line":265,"column":36},"end":{"line":265,"column":null}},"99":{"start":{"line":266,"column":8},"end":{"line":266,"column":null}},"100":{"start":{"line":267,"column":8},"end":{"line":267,"column":null}},"101":{"start":{"line":268,"column":8},"end":{"line":268,"column":null}},"102":{"start":{"line":272,"column":4},"end":{"line":282,"column":null}},"103":{"start":{"line":273,"column":22},"end":{"line":273,"column":null}},"104":{"start":{"line":274,"column":6},"end":{"line":281,"column":null}},"105":{"start":{"line":275,"column":8},"end":{"line":275,"column":null}},"106":{"start":{"line":276,"column":8},"end":{"line":276,"column":null}},"107":{"start":{"line":277,"column":8},"end":{"line":277,"column":null}},"108":{"start":{"line":278,"column":8},"end":{"line":278,"column":null}},"109":{"start":{"line":279,"column":8},"end":{"line":279,"column":null}},"110":{"start":{"line":280,"column":8},"end":{"line":280,"column":null}},"111":{"start":{"line":284,"column":4},"end":{"line":291,"column":null}},"112":{"start":{"line":285,"column":22},"end":{"line":285,"column":null}},"113":{"start":{"line":286,"column":6},"end":{"line":290,"column":null}},"114":{"start":{"line":287,"column":8},"end":{"line":287,"column":null}},"115":{"start":{"line":288,"column":8},"end":{"line":288,"column":null}},"116":{"start":{"line":289,"column":8},"end":{"line":289,"column":null}},"117":{"start":{"line":293,"column":4},"end":{"line":304,"column":null}},"118":{"start":{"line":294,"column":22},"end":{"line":294,"column":null}},"119":{"start":{"line":295,"column":6},"end":{"line":303,"column":null}},"120":{"start":{"line":296,"column":25},"end":{"line":296,"column":47}},"121":{"start":{"line":297,"column":8},"end":{"line":302,"column":null}},"122":{"start":{"line":298,"column":10},"end":{"line":298,"column":null}},"123":{"start":{"line":299,"column":10},"end":{"line":299,"column":null}},"124":{"start":{"line":300,"column":10},"end":{"line":300,"column":null}},"125":{"start":{"line":301,"column":10},"end":{"line":301,"column":null}},"126":{"start":{"line":312,"column":4},"end":{"line":312,"column":null}},"127":{"start":{"line":316,"column":4},"end":{"line":316,"column":null}},"128":{"start":{"line":320,"column":4},"end":{"line":322,"column":null}},"129":{"start":{"line":321,"column":6},"end":{"line":321,"column":null}},"130":{"start":{"line":321,"column":12},"end":{"line":321,"column":29}},"131":{"start":{"line":321,"column":45},"end":{"line":321,"column":98}},"132":{"start":{"line":330,"column":4},"end":{"line":331,"column":null}},"133":{"start":{"line":331,"column":16},"end":{"line":331,"column":null}},"134":{"start":{"line":336,"column":4},"end":{"line":336,"column":null}},"135":{"start":{"line":336,"column":39},"end":{"line":336,"column":84}},"136":{"start":{"line":340,"column":18},"end":{"line":340,"column":null}},"137":{"start":{"line":341,"column":4},"end":{"line":345,"column":null}},"138":{"start":{"line":343,"column":8},"end":{"line":345,"column":null}},"139":{"start":{"line":350,"column":4},"end":{"line":350,"column":null}},"140":{"start":{"line":358,"column":4},"end":{"line":358,"column":null}},"141":{"start":{"line":358,"column":39},"end":{"line":358,"column":null}},"142":{"start":{"line":359,"column":4},"end":{"line":367,"column":null}},"143":{"start":{"line":360,"column":19},"end":{"line":360,"column":null}},"144":{"start":{"line":361,"column":6},"end":{"line":364,"column":null}},"145":{"start":{"line":362,"column":44},"end":{"line":362,"column":null}},"146":{"start":{"line":363,"column":8},"end":{"line":363,"column":null}},"147":{"start":{"line":363,"column":32},"end":{"line":363,"column":null}},"148":{"start":{"line":366,"column":6},"end":{"line":366,"column":null}},"149":{"start":{"line":377,"column":61},"end":{"line":377,"column":null}},"150":{"start":{"line":378,"column":4},"end":{"line":382,"column":null}},"151":{"start":{"line":379,"column":6},"end":{"line":379,"column":null}},"152":{"start":{"line":381,"column":6},"end":{"line":381,"column":null}},"153":{"start":{"line":386,"column":61},"end":{"line":386,"column":null}},"154":{"start":{"line":387,"column":4},"end":{"line":395,"column":null}},"155":{"start":{"line":388,"column":19},"end":{"line":388,"column":null}},"156":{"start":{"line":389,"column":6},"end":{"line":392,"column":null}},"157":{"start":{"line":390,"column":44},"end":{"line":390,"column":null}},"158":{"start":{"line":391,"column":8},"end":{"line":391,"column":null}},"159":{"start":{"line":391,"column":32},"end":{"line":391,"column":null}},"160":{"start":{"line":394,"column":6},"end":{"line":394,"column":null}},"161":{"start":{"line":403,"column":4},"end":{"line":417,"column":null}}},"fnMap":{"0":{"name":"(anonymous_1)","decl":{"start":{"line":52,"column":2},"end":{"line":52,"column":14}},"loc":{"start":{"line":52,"column":46},"end":{"line":57,"column":null}}},"1":{"name":"(anonymous_2)","decl":{"start":{"line":63,"column":2},"end":{"line":63,"column":8}},"loc":{"start":{"line":63,"column":92},"end":{"line":100,"column":null}}},"2":{"name":"(anonymous_3)","decl":{"start":{"line":102,"column":2},"end":{"line":102,"column":8}},"loc":{"start":{"line":102,"column":98},"end":{"line":124,"column":null}}},"3":{"name":"(anonymous_4)","decl":{"start":{"line":119,"column":37},"end":{"line":119,"column":38}},"loc":{"start":{"line":119,"column":49},"end":{"line":119,"column":null}}},"4":{"name":"(anonymous_5)","decl":{"start":{"line":120,"column":21},"end":{"line":120,"column":22}},"loc":{"start":{"line":120,"column":45},"end":{"line":120,"column":null}}},"5":{"name":"(anonymous_6)","decl":{"start":{"line":126,"column":2},"end":{"line":126,"column":8}},"loc":{"start":{"line":126,"column":71},"end":{"line":137,"column":null}}},"6":{"name":"(anonymous_7)","decl":{"start":{"line":139,"column":2},"end":{"line":139,"column":8}},"loc":{"start":{"line":139,"column":71},"end":{"line":153,"column":null}}},"7":{"name":"(anonymous_8)","decl":{"start":{"line":155,"column":2},"end":{"line":155,"column":8}},"loc":{"start":{"line":155,"column":66},"end":{"line":169,"column":null}}},"8":{"name":"(anonymous_9)","decl":{"start":{"line":171,"column":2},"end":{"line":171,"column":8}},"loc":{"start":{"line":171,"column":57},"end":{"line":182,"column":null}}},"9":{"name":"(anonymous_10)","decl":{"start":{"line":184,"column":2},"end":{"line":184,"column":8}},"loc":{"start":{"line":184,"column":56},"end":{"line":189,"column":null}}},"10":{"name":"(anonymous_11)","decl":{"start":{"line":191,"column":2},"end":{"line":191,"column":8}},"loc":{"start":{"line":191,"column":94},"end":{"line":224,"column":null}}},"11":{"name":"(anonymous_12)","decl":{"start":{"line":230,"column":10},"end":{"line":230,"column":41}},"loc":{"start":{"line":230,"column":41},"end":{"line":305,"column":null}}},"12":{"name":"(anonymous_13)","decl":{"start":{"line":231,"column":54},"end":{"line":231,"column":55}},"loc":{"start":{"line":231,"column":55},"end":{"line":247,"column":null}}},"13":{"name":"(anonymous_14)","decl":{"start":{"line":249,"column":52},"end":{"line":249,"column":53}},"loc":{"start":{"line":249,"column":53},"end":{"line":259,"column":null}}},"14":{"name":"(anonymous_15)","decl":{"start":{"line":261,"column":54},"end":{"line":261,"column":55}},"loc":{"start":{"line":261,"column":55},"end":{"line":270,"column":null}}},"15":{"name":"(anonymous_16)","decl":{"start":{"line":272,"column":53},"end":{"line":272,"column":54}},"loc":{"start":{"line":272,"column":54},"end":{"line":282,"column":null}}},"16":{"name":"(anonymous_17)","decl":{"start":{"line":284,"column":54},"end":{"line":284,"column":55}},"loc":{"start":{"line":284,"column":55},"end":{"line":291,"column":null}}},"17":{"name":"(anonymous_18)","decl":{"start":{"line":293,"column":53},"end":{"line":293,"column":54}},"loc":{"start":{"line":293,"column":54},"end":{"line":304,"column":null}}},"18":{"name":"(anonymous_19)","decl":{"start":{"line":311,"column":2},"end":{"line":311,"column":5}},"loc":{"start":{"line":311,"column":80},"end":{"line":313,"column":null}}},"19":{"name":"(anonymous_20)","decl":{"start":{"line":315,"column":2},"end":{"line":315,"column":6}},"loc":{"start":{"line":315,"column":81},"end":{"line":317,"column":null}}},"20":{"name":"(anonymous_21)","decl":{"start":{"line":319,"column":10},"end":{"line":319,"column":15}},"loc":{"start":{"line":319,"column":42},"end":{"line":323,"column":null}}},"21":{"name":"(anonymous_22)","decl":{"start":{"line":320,"column":39},"end":{"line":320,"column":40}},"loc":{"start":{"line":320,"column":40},"end":{"line":322,"column":null}}},"22":{"name":"(anonymous_23)","decl":{"start":{"line":329,"column":2},"end":{"line":329,"column":30}},"loc":{"start":{"line":329,"column":30},"end":{"line":333,"column":null}}},"23":{"name":"(anonymous_24)","decl":{"start":{"line":331,"column":6},"end":{"line":331,"column":7}},"loc":{"start":{"line":331,"column":16},"end":{"line":331,"column":null}}},"24":{"name":"(anonymous_25)","decl":{"start":{"line":335,"column":2},"end":{"line":335,"column":41}},"loc":{"start":{"line":335,"column":41},"end":{"line":337,"column":null}}},"25":{"name":"(anonymous_26)","decl":{"start":{"line":336,"column":32},"end":{"line":336,"column":33}},"loc":{"start":{"line":336,"column":39},"end":{"line":336,"column":84}}},"26":{"name":"(anonymous_27)","decl":{"start":{"line":339,"column":2},"end":{"line":339,"column":17}},"loc":{"start":{"line":339,"column":51},"end":{"line":347,"column":null}}},"27":{"name":"(anonymous_28)","decl":{"start":{"line":342,"column":6},"end":{"line":342,"column":7}},"loc":{"start":{"line":343,"column":8},"end":{"line":345,"column":null}}},"28":{"name":"(anonymous_29)","decl":{"start":{"line":349,"column":2},"end":{"line":349,"column":45}},"loc":{"start":{"line":349,"column":45},"end":{"line":351,"column":null}}},"29":{"name":"(anonymous_30)","decl":{"start":{"line":357,"column":2},"end":{"line":357,"column":8}},"loc":{"start":{"line":357,"column":38},"end":{"line":368,"column":null}}},"30":{"name":"(anonymous_31)","decl":{"start":{"line":363,"column":25},"end":{"line":363,"column":26}},"loc":{"start":{"line":363,"column":32},"end":{"line":363,"column":null}}},"31":{"name":"(anonymous_32)","decl":{"start":{"line":376,"column":10},"end":{"line":376,"column":26}},"loc":{"start":{"line":376,"column":26},"end":{"line":383,"column":null}}},"32":{"name":"(anonymous_33)","decl":{"start":{"line":385,"column":10},"end":{"line":385,"column":34}},"loc":{"start":{"line":385,"column":34},"end":{"line":396,"column":null}}},"33":{"name":"(anonymous_34)","decl":{"start":{"line":391,"column":25},"end":{"line":391,"column":26}},"loc":{"start":{"line":391,"column":32},"end":{"line":391,"column":null}}},"34":{"name":"(anonymous_35)","decl":{"start":{"line":402,"column":10},"end":{"line":402,"column":27}},"loc":{"start":{"line":402,"column":55},"end":{"line":418,"column":null}}}},"branchMap":{"0":{"loc":{"start":{"line":73,"column":4},"end":{"line":75,"column":null}},"type":"if","locations":[{"start":{"line":73,"column":4},"end":{"line":75,"column":null}},{"start":{},"end":{}}]},"1":{"loc":{"start":{"line":80,"column":13},"end":{"line":80,"column":null}},"type":"binary-expr","locations":[{"start":{"line":80,"column":13},"end":{"line":80,"column":23}},{"start":{"line":80,"column":27},"end":{"line":80,"column":null}}]},"2":{"loc":{"start":{"line":81,"column":13},"end":{"line":81,"column":null}},"type":"binary-expr","locations":[{"start":{"line":81,"column":13},"end":{"line":81,"column":23}},{"start":{"line":81,"column":27},"end":{"line":81,"column":null}}]},"3":{"loc":{"start":{"line":104,"column":4},"end":{"line":106,"column":null}},"type":"if","locations":[{"start":{"line":104,"column":4},"end":{"line":106,"column":null}},{"start":{},"end":{}}]},"4":{"loc":{"start":{"line":107,"column":4},"end":{"line":109,"column":null}},"type":"if","locations":[{"start":{"line":107,"column":4},"end":{"line":109,"column":null}},{"start":{},"end":{}}]},"5":{"loc":{"start":{"line":112,"column":4},"end":{"line":114,"column":null}},"type":"if","locations":[{"start":{"line":112,"column":4},"end":{"line":114,"column":null}},{"start":{},"end":{}}]},"6":{"loc":{"start":{"line":118,"column":24},"end":{"line":118,"column":73}},"type":"cond-expr","locations":[{"start":{"line":118,"column":46},"end":{"line":118,"column":54}},{"start":{"line":118,"column":54},"end":{"line":118,"column":73}}]},"7":{"loc":{"start":{"line":118,"column":54},"end":{"line":118,"column":73}},"type":"binary-expr","locations":[{"start":{"line":118,"column":54},"end":{"line":118,"column":67}},{"start":{"line":118,"column":71},"end":{"line":118,"column":73}}]},"8":{"loc":{"start":{"line":128,"column":4},"end":{"line":128,"column":null}},"type":"if","locations":[{"start":{"line":128,"column":4},"end":{"line":128,"column":null}},{"start":{},"end":{}}]},"9":{"loc":{"start":{"line":131,"column":4},"end":{"line":131,"column":null}},"type":"if","locations":[{"start":{"line":131,"column":4},"end":{"line":131,"column":null}},{"start":{},"end":{}}]},"10":{"loc":{"start":{"line":147,"column":4},"end":{"line":152,"column":null}},"type":"if","locations":[{"start":{"line":147,"column":4},"end":{"line":152,"column":null}},{"start":{},"end":{}}]},"11":{"loc":{"start":{"line":163,"column":4},"end":{"line":168,"column":null}},"type":"if","locations":[{"start":{"line":163,"column":4},"end":{"line":168,"column":null}},{"start":{},"end":{}}]},"12":{"loc":{"start":{"line":175,"column":4},"end":{"line":181,"column":null}},"type":"if","locations":[{"start":{"line":175,"column":4},"end":{"line":181,"column":null}},{"start":{},"end":{}}]},"13":{"loc":{"start":{"line":200,"column":4},"end":{"line":202,"column":null}},"type":"if","locations":[{"start":{"line":200,"column":4},"end":{"line":202,"column":null}},{"start":{},"end":{}}]},"14":{"loc":{"start":{"line":208,"column":13},"end":{"line":208,"column":null}},"type":"binary-expr","locations":[{"start":{"line":208,"column":13},"end":{"line":208,"column":23}},{"start":{"line":208,"column":27},"end":{"line":208,"column":null}}]},"15":{"loc":{"start":{"line":234,"column":15},"end":{"line":234,"column":null}},"type":"binary-expr","locations":[{"start":{"line":234,"column":15},"end":{"line":234,"column":40}},{"start":{"line":234,"column":55},"end":{"line":234,"column":null}}]},"16":{"loc":{"start":{"line":235,"column":15},"end":{"line":235,"column":null}},"type":"binary-expr","locations":[{"start":{"line":235,"column":15},"end":{"line":235,"column":38}},{"start":{"line":235,"column":53},"end":{"line":235,"column":null}}]},"17":{"loc":{"start":{"line":251,"column":6},"end":{"line":258,"column":null}},"type":"if","locations":[{"start":{"line":251,"column":6},"end":{"line":258,"column":null}},{"start":{},"end":{}}]},"18":{"loc":{"start":{"line":254,"column":30},"end":{"line":254,"column":null}},"type":"binary-expr","locations":[{"start":{"line":254,"column":30},"end":{"line":254,"column":57}},{"start":{"line":254,"column":72},"end":{"line":254,"column":null}}]},"19":{"loc":{"start":{"line":263,"column":6},"end":{"line":269,"column":null}},"type":"if","locations":[{"start":{"line":263,"column":6},"end":{"line":269,"column":null}},{"start":{},"end":{}}]},"20":{"loc":{"start":{"line":264,"column":8},"end":{"line":264,"column":null}},"type":"if","locations":[{"start":{"line":264,"column":8},"end":{"line":264,"column":null}},{"start":{},"end":{}}]},"21":{"loc":{"start":{"line":265,"column":8},"end":{"line":265,"column":null}},"type":"if","locations":[{"start":{"line":265,"column":8},"end":{"line":265,"column":null}},{"start":{},"end":{}}]},"22":{"loc":{"start":{"line":274,"column":6},"end":{"line":281,"column":null}},"type":"if","locations":[{"start":{"line":274,"column":6},"end":{"line":281,"column":null}},{"start":{},"end":{}}]},"23":{"loc":{"start":{"line":286,"column":6},"end":{"line":290,"column":null}},"type":"if","locations":[{"start":{"line":286,"column":6},"end":{"line":290,"column":null}},{"start":{},"end":{}}]},"24":{"loc":{"start":{"line":287,"column":30},"end":{"line":287,"column":77}},"type":"binary-expr","locations":[{"start":{"line":287,"column":30},"end":{"line":287,"column":43}},{"start":{"line":287,"column":58},"end":{"line":287,"column":77}}]},"25":{"loc":{"start":{"line":295,"column":6},"end":{"line":303,"column":null}},"type":"if","locations":[{"start":{"line":295,"column":6},"end":{"line":303,"column":null}},{"start":{},"end":{}}]},"26":{"loc":{"start":{"line":297,"column":8},"end":{"line":302,"column":null}},"type":"if","locations":[{"start":{"line":297,"column":8},"end":{"line":302,"column":null}},{"start":{},"end":{}}]},"27":{"loc":{"start":{"line":297,"column":12},"end":{"line":297,"column":50}},"type":"binary-expr","locations":[{"start":{"line":297,"column":12},"end":{"line":297,"column":24}},{"start":{"line":297,"column":24},"end":{"line":297,"column":50}}]},"28":{"loc":{"start":{"line":336,"column":39},"end":{"line":336,"column":84}},"type":"binary-expr","locations":[{"start":{"line":336,"column":39},"end":{"line":336,"column":53}},{"start":{"line":336,"column":57},"end":{"line":336,"column":69}},{"start":{"line":336,"column":73},"end":{"line":336,"column":84}}]},"29":{"loc":{"start":{"line":343,"column":8},"end":{"line":345,"column":null}},"type":"binary-expr","locations":[{"start":{"line":343,"column":8},"end":{"line":343,"column":null}},{"start":{"line":344,"column":8},"end":{"line":344,"column":null}},{"start":{"line":345,"column":8},"end":{"line":345,"column":null}}]},"30":{"loc":{"start":{"line":344,"column":9},"end":{"line":344,"column":19}},"type":"binary-expr","locations":[{"start":{"line":344,"column":9},"end":{"line":344,"column":14}},{"start":{"line":344,"column":18},"end":{"line":344,"column":19}}]},"31":{"loc":{"start":{"line":350,"column":11},"end":{"line":350,"column":null}},"type":"binary-expr","locations":[{"start":{"line":350,"column":11},"end":{"line":350,"column":38}},{"start":{"line":350,"column":42},"end":{"line":350,"column":null}}]},"32":{"loc":{"start":{"line":358,"column":4},"end":{"line":358,"column":null}},"type":"if","locations":[{"start":{"line":358,"column":4},"end":{"line":358,"column":null}},{"start":{},"end":{}}]},"33":{"loc":{"start":{"line":361,"column":6},"end":{"line":364,"column":null}},"type":"if","locations":[{"start":{"line":361,"column":6},"end":{"line":364,"column":null}},{"start":{},"end":{}}]},"34":{"loc":{"start":{"line":389,"column":6},"end":{"line":392,"column":null}},"type":"if","locations":[{"start":{"line":389,"column":6},"end":{"line":392,"column":null}},{"start":{},"end":{}}]},"35":{"loc":{"start":{"line":405,"column":13},"end":{"line":405,"column":null}},"type":"binary-expr","locations":[{"start":{"line":405,"column":13},"end":{"line":405,"column":23}},{"start":{"line":405,"column":27},"end":{"line":405,"column":null}}]},"36":{"loc":{"start":{"line":406,"column":13},"end":{"line":406,"column":null}},"type":"binary-expr","locations":[{"start":{"line":406,"column":13},"end":{"line":406,"column":23}},{"start":{"line":406,"column":27},"end":{"line":406,"column":null}}]},"37":{"loc":{"start":{"line":409,"column":17},"end":{"line":409,"column":null}},"type":"binary-expr","locations":[{"start":{"line":409,"column":17},"end":{"line":409,"column":31}},{"start":{"line":409,"column":35},"end":{"line":409,"column":null}}]},"38":{"loc":{"start":{"line":410,"column":19},"end":{"line":410,"column":null}},"type":"binary-expr","locations":[{"start":{"line":410,"column":19},"end":{"line":410,"column":35}},{"start":{"line":410,"column":39},"end":{"line":410,"column":null}}]},"39":{"loc":{"start":{"line":411,"column":17},"end":{"line":411,"column":null}},"type":"binary-expr","locations":[{"start":{"line":411,"column":17},"end":{"line":411,"column":31}},{"start":{"line":411,"column":35},"end":{"line":411,"column":null}}]},"40":{"loc":{"start":{"line":414,"column":18},"end":{"line":414,"column":null}},"type":"binary-expr","locations":[{"start":{"line":414,"column":18},"end":{"line":414,"column":33}},{"start":{"line":414,"column":37},"end":{"line":414,"column":null}}]},"41":{"loc":{"start":{"line":415,"column":18},"end":{"line":415,"column":null}},"type":"binary-expr","locations":[{"start":{"line":415,"column":18},"end":{"line":415,"column":33}},{"start":{"line":415,"column":37},"end":{"line":415,"column":null}}]},"42":{"loc":{"start":{"line":416,"column":19},"end":{"line":416,"column":null}},"type":"binary-expr","locations":[{"start":{"line":416,"column":19},"end":{"line":416,"column":35}},{"start":{"line":416,"column":39},"end":{"line":416,"column":null}}]}},"s":{"0":102,"1":3,"2":102,"3":102,"4":102,"5":102,"6":102,"7":8,"8":8,"9":2,"10":6,"11":6,"12":6,"13":6,"14":6,"15":6,"16":6,"17":5,"18":5,"19":1,"20":5,"21":1,"22":5,"23":5,"24":2,"25":3,"26":3,"27":3,"28":2,"29":3,"30":2,"31":3,"32":3,"33":5,"34":5,"35":1,"36":4,"37":4,"38":2,"39":2,"40":2,"41":2,"42":2,"43":5,"44":5,"45":5,"46":4,"47":4,"48":4,"49":4,"50":6,"51":6,"52":6,"53":5,"54":5,"55":5,"56":5,"57":6,"58":6,"59":6,"60":5,"61":5,"62":5,"63":5,"64":5,"65":4,"66":4,"67":4,"68":4,"69":9,"70":9,"71":2,"72":7,"73":7,"74":7,"75":7,"76":7,"77":7,"78":102,"79":2,"80":2,"81":2,"82":2,"83":102,"84":6,"85":6,"86":5,"87":5,"88":5,"89":5,"90":5,"91":5,"92":102,"93":5,"94":5,"95":4,"96":2,"97":4,"98":3,"99":4,"100":4,"101":4,"102":102,"103":4,"104":4,"105":2,"106":2,"107":2,"108":2,"109":2,"110":2,"111":102,"112":7,"113":7,"114":6,"115":6,"116":6,"117":102,"118":0,"119":0,"120":0,"121":0,"122":0,"123":0,"124":0,"125":0,"126":15,"127":1,"128":55,"129":13,"130":13,"131":1,"132":54,"133":2,"134":5,"135":4,"136":6,"137":6,"138":5,"139":2,"140":0,"141":0,"142":0,"143":0,"144":0,"145":0,"146":0,"147":0,"148":0,"149":48,"150":48,"151":48,"152":1,"153":6,"154":6,"155":6,"156":6,"157":4,"158":2,"159":2,"160":2,"161":9},"f":{"0":102,"1":8,"2":5,"3":2,"4":2,"5":5,"6":5,"7":6,"8":6,"9":4,"10":9,"11":102,"12":2,"13":6,"14":5,"15":4,"16":7,"17":0,"18":15,"19":1,"20":55,"21":13,"22":54,"23":2,"24":5,"25":4,"26":6,"27":5,"28":2,"29":0,"30":0,"31":48,"32":6,"33":2,"34":9},"b":{"0":[2,6],"1":[6,1],"2":[6,1],"3":[1,4],"4":[1,4],"5":[2,3],"6":[0,3],"7":[3,0],"8":[1,4],"9":[2,2],"10":[4,1],"11":[5,1],"12":[5,1],"13":[2,7],"14":[7,1],"15":[2,1],"16":[2,1],"17":[5,1],"18":[5,1],"19":[4,1],"20":[2,2],"21":[3,1],"22":[2,2],"23":[6,1],"24":[6,2],"25":[0,0],"26":[0,0],"27":[0,0],"28":[4,3,2],"29":[5,3,2],"30":[3,2],"31":[2,1],"32":[0,0],"33":[0,0],"34":[4,2],"35":[9,1],"36":[9,1],"37":[9,4],"38":[9,5],"39":[9,5],"40":[9,8],"41":[9,8],"42":[9,5]}}
,"/home/rmholston/dev/tektos-ultima-v1/frontend/src/lib/theme-store.ts": {"path":"/home/rmholston/dev/tektos-ultima-v1/frontend/src/lib/theme-store.ts","statementMap":{"0":{"start":{"line":19,"column":13},"end":{"line":19,"column":52}},"1":{"start":{"line":71,"column":13},"end":{"line":71,"column":26}},"2":{"start":{"line":19,"column":52},"end":{"line":38,"column":null}},"3":{"start":{"line":46,"column":4},"end":{"line":46,"column":null}},"4":{"start":{"line":46,"column":59},"end":{"line":46,"column":null}},"5":{"start":{"line":47,"column":4},"end":{"line":47,"column":null}},"6":{"start":{"line":48,"column":18},"end":{"line":48,"column":null}},"7":{"start":{"line":49,"column":4},"end":{"line":50,"column":null}},"8":{"start":{"line":49,"column":34},"end":{"line":49,"column":61}},"9":{"start":{"line":49,"column":61},"end":{"line":49,"column":80}},"10":{"start":{"line":50,"column":9},"end":{"line":50,"column":null}},"11":{"start":{"line":54,"column":65},"end":{"line":54,"column":null}},"12":{"start":{"line":55,"column":4},"end":{"line":56,"column":null}},"13":{"start":{"line":55,"column":27},"end":{"line":55,"column":null}},"14":{"start":{"line":56,"column":9},"end":{"line":56,"column":null}},"15":{"start":{"line":60,"column":4},"end":{"line":60,"column":23}},"16":{"start":{"line":60,"column":23},"end":{"line":60,"column":50}},"17":{"start":{"line":60,"column":50},"end":{"line":60,"column":null}},"18":{"start":{"line":62,"column":4},"end":{"line":62,"column":null}},"19":{"start":{"line":63,"column":4},"end":{"line":63,"column":null}},"20":{"start":{"line":63,"column":46},"end":{"line":63,"column":null}},"21":{"start":{"line":66,"column":21},"end":{"line":66,"column":40}},"22":{"start":{"line":66,"column":40},"end":{"line":66,"column":66}},"23":{"start":{"line":67,"column":63},"end":{"line":67,"column":82}},"24":{"start":{"line":67,"column":82},"end":{"line":67,"column":112}},"25":{"start":{"line":67,"column":112},"end":{"line":67,"column":163}},"26":{"start":{"line":67,"column":127},"end":{"line":67,"column":160}},"27":{"start":{"line":68,"column":26},"end":{"line":68,"column":56}},"28":{"start":{"line":41,"column":10},"end":{"line":41,"column":null}},"29":{"start":{"line":42,"column":10},"end":{"line":42,"column":null}},"30":{"start":{"line":43,"column":10},"end":{"line":43,"column":null}},"31":{"start":{"line":71,"column":26},"end":{"line":71,"column":null}}},"fnMap":{"0":{"name":"(anonymous_3)","decl":{"start":{"line":45,"column":10},"end":{"line":45,"column":29}},"loc":{"start":{"line":45,"column":29},"end":{"line":51,"column":null}}},"1":{"name":"(anonymous_4)","decl":{"start":{"line":53,"column":10},"end":{"line":53,"column":16}},"loc":{"start":{"line":53,"column":40},"end":{"line":57,"column":null}}},"2":{"name":"(anonymous_5)","decl":{"start":{"line":59,"column":2},"end":{"line":59,"column":6}},"loc":{"start":{"line":59,"column":30},"end":{"line":64,"column":null}}},"3":{"name":"(anonymous_6)","decl":{"start":{"line":63,"column":39},"end":{"line":63,"column":40}},"loc":{"start":{"line":63,"column":46},"end":{"line":63,"column":null}}},"4":{"name":"(anonymous_7)","decl":{"start":{"line":66,"column":2},"end":{"line":66,"column":19}},"loc":{"start":{"line":66,"column":19},"end":{"line":66,"column":null}}},"5":{"name":"(anonymous_8)","decl":{"start":{"line":67,"column":2},"end":{"line":67,"column":11}},"loc":{"start":{"line":67,"column":61},"end":{"line":67,"column":null}}},"6":{"name":"(anonymous_9)","decl":{"start":{"line":67,"column":119},"end":{"line":67,"column":127}},"loc":{"start":{"line":67,"column":119},"end":{"line":67,"column":163}}},"7":{"name":"(anonymous_10)","decl":{"start":{"line":68,"column":2},"end":{"line":68,"column":24}},"loc":{"start":{"line":68,"column":24},"end":{"line":68,"column":null}}}},"branchMap":{"0":{"loc":{"start":{"line":46,"column":4},"end":{"line":46,"column":null}},"type":"if","locations":[{"start":{"line":46,"column":4},"end":{"line":46,"column":null}},{"start":{},"end":{}}]},"1":{"loc":{"start":{"line":46,"column":8},"end":{"line":46,"column":59}},"type":"binary-expr","locations":[{"start":{"line":46,"column":8},"end":{"line":46,"column":24}},{"start":{"line":46,"column":28},"end":{"line":46,"column":59}}]},"2":{"loc":{"start":{"line":49,"column":4},"end":{"line":50,"column":null}},"type":"if","locations":[{"start":{"line":49,"column":4},"end":{"line":50,"column":null}},{"start":{"line":50,"column":9},"end":{"line":50,"column":null}}]},"3":{"loc":{"start":{"line":49,"column":8},"end":{"line":49,"column":30}},"type":"binary-expr","locations":[{"start":{"line":49,"column":8},"end":{"line":49,"column":17}},{"start":{"line":49,"column":17},"end":{"line":49,"column":30}}]},"4":{"loc":{"start":{"line":55,"column":4},"end":{"line":56,"column":null}},"type":"if","locations":[{"start":{"line":55,"column":4},"end":{"line":56,"column":null}},{"start":{"line":56,"column":9},"end":{"line":56,"column":null}}]}},"s":{"0":14,"1":28,"2":4,"3":25,"4":21,"5":4,"6":4,"7":4,"8":2,"9":2,"10":2,"11":18,"12":18,"13":4,"14":14,"15":14,"16":14,"17":14,"18":14,"19":14,"20":14,"21":6,"22":6,"23":5,"24":5,"25":5,"26":4,"27":2,"28":4,"29":4,"30":4,"31":4},"f":{"0":25,"1":18,"2":14,"3":14,"4":6,"5":5,"6":4,"7":2},"b":{"0":[21,4],"1":[25,4],"2":[2,2],"3":[4,3],"4":[4,14]}}
}
