TN:
SF:src/components/composer/Composer.tsx
FN:40,Composer
FN:63,(anonymous_5)
FN:68,(anonymous_6)
FN:83,(anonymous_7)
FN:125,(anonymous_8)
FN:132,(anonymous_9)
FN:143,(anonymous_10)
FN:148,(anonymous_11)
FN:149,(anonymous_12)
FN:151,(anonymous_13)
FN:154,(anonymous_14)
FN:160,(anonymous_15)
FN:167,(anonymous_16)
FN:171,(anonymous_17)
FN:185,(anonymous_18)
FN:190,(anonymous_19)
FN:196,(anonymous_20)
FN:205,(anonymous_21)
FN:251,(anonymous_22)
FN:252,(anonymous_23)
FNF:20
FNH:20
FNDA:202,Composer
FNDA:63,(anonymous_5)
FNDA:60,(anonymous_6)
FNDA:71,(anonymous_7)
FNDA:1,(anonymous_8)
FNDA:176,(anonymous_9)
FNDA:46,(anonymous_10)
FNDA:6,(anonymous_11)
FNDA:6,(anonymous_12)
FNDA:7,(anonymous_13)
FNDA:36,(anonymous_14)
FNDA:69,(anonymous_15)
FNDA:1,(anonymous_16)
FNDA:1,(anonymous_17)
FNDA:167,(anonymous_18)
FNDA:85,(anonymous_19)
FNDA:85,(anonymous_20)
FNDA:254,(anonymous_21)
FNDA:7,(anonymous_22)
FNDA:1,(anonymous_23)
DA:15,1
DA:21,1
DA:22,1
DA:40,46
DA:51,202
DA:52,202
DA:53,202
DA:54,202
DA:55,202
DA:56,202
DA:57,202
DA:60,202
DA:61,202
DA:63,202
DA:64,63
DA:65,63
DA:68,60
DA:69,60
DA:71,60
DA:73,60
DA:75,60
DA:76,60
DA:77,60
DA:78,60
DA:79,60
DA:82,202
DA:85,71
DA:86,3
DA:87,3
DA:88,3
DA:89,3
DA:91,3
DA:94,68
DA:95,1
DA:107,1
DA:109,67
DA:110,62
DA:111,62
DA:113,67
DA:114,1
DA:115,1
DA:118,67
DA:119,1
DA:120,1
DA:123,67
DA:124,1
DA:125,1
DA:132,202
DA:133,176
DA:134,176
DA:135,176
DA:143,202
DA:144,46
DA:145,39
DA:146,39
DA:148,7
DA:149,6
DA:151,7
DA:154,202
DA:155,36
DA:156,36
DA:157,36
DA:160,202
DA:161,69
DA:162,69
DA:163,69
DA:164,69
DA:167,202
DA:168,1
DA:171,202
DA:172,1
DA:173,1
DA:174,1
DA:176,1
DA:180,202
DA:181,202
DA:182,202
DA:183,202
DA:185,202
DA:186,167
DA:187,159
DA:190,202
DA:191,85
DA:192,4
DA:193,2
DA:196,202
DA:197,85
DA:198,4
DA:199,2
DA:202,202
DA:205,202
DA:206,254
DA:207,250
DA:208,232
DA:251,7
DA:252,1
LF:96
LH:96
BRDA:45,0,0,0
BRDA:65,1,0,3
BRDA:65,1,1,60
BRDA:65,2,0,63
BRDA:65,2,1,60
BRDA:65,2,2,60
BRDA:85,3,0,3
BRDA:85,3,1,68
BRDA:85,4,0,71
BRDA:85,4,1,3
BRDA:87,5,0,3
BRDA:87,5,1,0
BRDA:94,6,0,1
BRDA:94,6,1,67
BRDA:109,7,0,62
BRDA:109,7,1,5
BRDA:109,8,0,67
BRDA:109,8,1,63
BRDA:113,9,0,1
BRDA:113,9,1,66
BRDA:113,10,0,67
BRDA:113,10,1,63
BRDA:113,10,2,4
BRDA:118,11,0,1
BRDA:118,11,1,66
BRDA:118,12,0,67
BRDA:118,12,1,63
BRDA:118,12,2,4
BRDA:118,12,3,2
BRDA:123,13,0,1
BRDA:123,13,1,66
BRDA:123,14,0,67
BRDA:123,14,1,63
BRDA:123,14,2,4
BRDA:123,14,3,1
BRDA:133,15,0,176
BRDA:133,15,1,0
BRDA:144,16,0,39
BRDA:144,16,1,7
BRDA:172,17,0,1
BRDA:172,17,1,0
BRDA:173,18,0,1
BRDA:173,18,1,0
BRDA:173,19,0,1
BRDA:173,19,1,1
BRDA:181,20,0,85
BRDA:181,20,1,117
BRDA:182,21,0,85
BRDA:182,21,1,117
BRDA:183,22,0,85
BRDA:183,22,1,117
BRDA:186,23,0,8
BRDA:186,23,1,159
BRDA:191,24,0,81
BRDA:191,24,1,4
BRDA:192,25,0,2
BRDA:192,25,1,2
BRDA:197,26,0,81
BRDA:197,26,1,4
BRDA:198,27,0,2
BRDA:198,27,1,2
BRDA:202,28,0,202
BRDA:202,28,1,200
BRDA:202,28,2,114
BRDA:202,28,3,95
BRDA:202,28,4,13
BRDA:206,29,0,4
BRDA:206,29,1,250
BRDA:207,30,0,18
BRDA:207,30,1,232
BRDA:215,31,0,202
BRDA:225,32,0,120
BRDA:225,32,1,82
BRDA:235,33,0,202
BRDA:235,33,1,115
BRDA:254,34,0,202
BRDA:254,34,1,200
BRDA:254,34,2,9
BRDA:259,35,0,52
BRDA:259,35,1,150
BRDA:259,36,0,202
BRDA:259,36,1,115
BRDA:266,37,0,202
BRDA:269,38,0,201
BRDA:269,38,1,199
BRDA:280,39,0,202
BRDA:280,39,1,200
BRDA:280,39,2,200
BRDA:288,40,0,202
BRDA:288,40,1,200
BRDA:303,41,0,202
BRDA:312,42,0,202
BRDA:314,43,0,91
BRDA:320,44,0,91
BRDA:326,45,0,91
BRDA:327,46,0,91
BRDA:338,47,0,9
BRDA:350,48,0,193
BRDA:350,48,1,191
BRDA:364,49,0,202
BRDA:370,50,0,197
BRDA:370,50,1,3
BRDA:371,51,0,2
BRDA:371,51,1,1
BRDA:371,52,0,3
BRDA:371,52,1,2
BRDA:375,53,0,1
BRDA:375,53,1,199
BRDA:380,54,0,200
BRDA:389,55,0,200
BRDA:394,56,0,200
BRDA:408,57,0,202
BRDA:408,57,1,111
BRF:113
BRH:108
end_of_record
TN:
SF:src/components/composer/ModelPicker.tsx
FN:145,ModelPicker
FN:152,(anonymous_7)
FN:156,(anonymous_8)
FN:163,(anonymous_9)
FN:170,(anonymous_10)
FN:171,(anonymous_11)
FN:183,(anonymous_12)
FN:187,(anonymous_13)
FN:200,(anonymous_14)
FN:242,(anonymous_15)
FN:250,(anonymous_16)
FN:255,(anonymous_17)
FN:258,(anonymous_18)
FN:283,(anonymous_19)
FNF:14
FNH:14
FNDA:236,ModelPicker
FNDA:1942,(anonymous_7)
FNDA:2360,(anonymous_8)
FNDA:2319,(anonymous_9)
FNDA:89,(anonymous_10)
FNDA:6,(anonymous_11)
FNDA:89,(anonymous_12)
FNDA:5,(anonymous_13)
FNDA:19,(anonymous_14)
FNDA:5,(anonymous_15)
FNDA:102,(anonymous_16)
FNDA:199,(anonymous_17)
FNDA:5,(anonymous_18)
FNDA:557,(anonymous_19)
DA:11,2
DA:27,13
DA:117,2
DA:126,2
DA:145,223
DA:146,236
DA:147,236
DA:148,236
DA:149,236
DA:152,1942
DA:155,236
DA:157,2360
DA:163,236
DA:164,2319
DA:165,2319
DA:166,2319
DA:170,236
DA:171,89
DA:172,6
DA:178,1
DA:179,1
DA:182,89
DA:183,89
DA:186,236
DA:188,5
DA:189,5
DA:190,5
DA:201,19
DA:242,5
DA:251,102
DA:256,199
DA:258,5
DA:284,557
LF:33
LH:33
BRDA:145,0,0,234
BRDA:152,1,0,236
BRDA:152,1,1,183
BRDA:157,2,0,2360
BRDA:157,2,1,47
BRDA:157,2,2,41
BRDA:164,3,0,1162
BRDA:164,3,1,1157
BRDA:172,4,0,1
BRDA:172,4,1,5
BRDA:173,5,0,6
BRDA:173,5,1,6
BRDA:173,5,2,1
BRDA:173,5,3,1
BRDA:182,6,0,19
BRDA:182,6,1,70
BRDA:201,7,0,19
BRDA:201,7,1,0
BRDA:208,8,0,24
BRDA:208,8,1,212
BRDA:212,9,0,2
BRDA:212,9,1,234
BRDA:224,10,0,24
BRDA:224,10,1,212
BRDA:235,11,0,236
BRDA:261,12,0,19
BRDA:261,12,1,180
BRDA:269,13,0,199
BRDA:291,14,0,199
BRF:29
BRH:28
end_of_record
TN:
SF:src/lib/protocol.ts
FN:31,(anonymous_3)
FN:41,(anonymous_4)
FN:42,(anonymous_5)
FN:45,(anonymous_6)
FN:50,(anonymous_7)
FN:54,(anonymous_8)
FN:64,(anonymous_9)
FN:65,(anonymous_10)
FN:66,(anonymous_11)
FN:68,(anonymous_12)
FN:72,(anonymous_13)
FN:73,(anonymous_14)
FN:74,(anonymous_15)
FN:80,(anonymous_16)
FN:81,(anonymous_17)
FN:82,(anonymous_18)
FN:83,(anonymous_19)
FN:85,(anonymous_20)
FN:91,(anonymous_21)
FN:96,(anonymous_22)
FN:97,(anonymous_23)
FN:98,(anonymous_24)
FN:99,(anonymous_25)
FN:101,(anonymous_26)
FN:105,(anonymous_27)
FN:107,(anonymous_28)
FN:110,(anonymous_29)
FN:112,(anonymous_30)
FN:115,(anonymous_31)
FN:119,(anonymous_32)
FN:122,(anonymous_33)
FN:125,(anonymous_34)
FN:138,(anonymous_35)
FNF:33
FNH:31
FNDA:51,(anonymous_3)
FNDA:5,(anonymous_4)
FNDA:6,(anonymous_5)
FNDA:6,(anonymous_6)
FNDA:3,(anonymous_7)
FNDA:23,(anonymous_8)
FNDA:11,(anonymous_9)
FNDA:5,(anonymous_10)
FNDA:3,(anonymous_11)
FNDA:1,(anonymous_12)
FNDA:3,(anonymous_13)
FNDA:1,(anonymous_14)
FNDA:5,(anonymous_15)
FNDA:3,(anonymous_16)
FNDA:1,(anonymous_17)
FNDA:29,(anonymous_18)
FNDA:2,(anonymous_19)
FNDA:9,(anonymous_20)
FNDA:4,(anonymous_21)
FNDA:8,(anonymous_22)
FNDA:2,(anonymous_23)
FNDA:5,(anonymous_24)
FNDA:2,(anonymous_25)
FNDA:4,(anonymous_26)
FNDA:3,(anonymous_27)
FNDA:1,(anonymous_28)
FNDA:44,(anonymous_29)
FNDA:4,(anonymous_30)
FNDA:3,(anonymous_31)
FNDA:0,(anonymous_32)
FNDA:11,(anonymous_33)
FNDA:0,(anonymous_34)
FNDA:7,(anonymous_35)
DA:15,51
DA:16,51
DA:17,51
DA:18,51
DA:19,51
DA:20,51
DA:21,51
DA:22,51
DA:23,51
DA:24,51
DA:25,51
DA:26,51
DA:27,51
DA:28,51
DA:29,51
DA:32,51
DA:33,51
DA:34,51
DA:35,1
DA:38,50
DA:42,6
DA:46,6
DA:51,3
DA:56,23
DA:57,1
DA:59,23
DA:60,22
DA:61,22
DA:62,22
DA:63,22
DA:64,21
DA:65,21
DA:66,21
DA:67,3
DA:68,21
DA:69,1
DA:72,3
DA:73,1
DA:75,5
DA:76,5
DA:77,5
DA:78,5
DA:80,3
DA:82,29
DA:83,2
DA:86,9
DA:87,9
DA:88,9
DA:92,4
DA:93,4
DA:96,8
DA:97,2
DA:98,5
DA:99,2
DA:102,4
DA:103,4
DA:104,4
DA:105,4
DA:106,4
DA:107,4
DA:111,44
DA:112,44
DA:116,3
DA:117,3
DA:118,3
DA:119,3
DA:123,11
DA:124,11
DA:125,11
DA:138,7
DA:141,564
LF:71
LH:71
BRDA:32,0,0,1
BRDA:32,0,1,50
BRDA:33,1,0,1
BRDA:33,1,1,50
BRDA:34,2,0,1
BRDA:34,2,1,50
BRDA:46,3,0,3
BRDA:46,3,1,3
BRDA:46,4,0,6
BRDA:46,4,1,5
BRDA:56,5,0,1
BRDA:56,5,1,22
BRDA:56,6,0,23
BRDA:56,6,1,1
BRDA:59,7,0,1
BRDA:59,7,1,22
BRDA:66,8,0,3
BRDA:66,8,1,0
BRDA:72,9,0,2
BRDA:72,9,1,1
BRDA:76,10,0,1
BRDA:76,10,1,4
BRDA:77,11,0,1
BRDA:77,11,1,4
BRDA:80,12,0,1
BRDA:80,12,1,2
BRDA:86,13,0,2
BRDA:86,13,1,7
BRDA:87,14,0,8
BRDA:87,14,1,1
BRDA:92,15,0,0
BRDA:92,15,1,4
BRDA:97,16,0,1
BRDA:97,16,1,1
BRDA:99,17,0,1
BRDA:99,17,1,1
BRDA:105,18,0,3
BRDA:105,18,1,1
BRDA:107,19,0,1
BRDA:107,19,1,3
BRDA:112,20,0,4
BRDA:112,20,1,3
BRDA:138,21,0,3
BRDA:138,21,1,4
BRF:44
BRH:42
end_of_record
TN:
SF:src/lib/session-store.ts
FN:51,(anonymous_1)
FN:61,(anonymous_2)
FN:100,(anonymous_3)
FN:115,(anonymous_4)
FN:116,(anonymous_5)
FN:122,(anonymous_6)
FN:135,(anonymous_7)
FN:151,(anonymous_8)
FN:167,(anonymous_9)
FN:180,(anonymous_10)
FN:187,(anonymous_11)
FN:226,(anonymous_12)
FN:227,(anonymous_13)
FN:245,(anonymous_14)
FN:257,(anonymous_15)
FN:268,(anonymous_16)
FN:280,(anonymous_17)
FN:294,(anonymous_18)
FN:298,(anonymous_19)
FN:302,(anonymous_20)
FN:303,(anonymous_21)
FN:312,(anonymous_22)
FN:314,(anonymous_23)
FN:318,(anonymous_24)
FN:319,(anonymous_25)
FN:322,(anonymous_26)
FN:325,(anonymous_27)
FN:332,(anonymous_28)
FN:342,(anonymous_29)
FN:351,(anonymous_30)
FN:357,(anonymous_31)
FN:368,(anonymous_32)
FNF:32
FNH:32
FNDA:102,(anonymous_1)
FNDA:8,(anonymous_2)
FNDA:5,(anonymous_3)
FNDA:2,(anonymous_4)
FNDA:2,(anonymous_5)
FNDA:5,(anonymous_6)
FNDA:5,(anonymous_7)
FNDA:6,(anonymous_8)
FNDA:6,(anonymous_9)
FNDA:4,(anonymous_10)
FNDA:9,(anonymous_11)
FNDA:102,(anonymous_12)
FNDA:2,(anonymous_13)
FNDA:6,(anonymous_14)
FNDA:5,(anonymous_15)
FNDA:4,(anonymous_16)
FNDA:7,(anonymous_17)
FNDA:15,(anonymous_18)
FNDA:1,(anonymous_19)
FNDA:55,(anonymous_20)
FNDA:13,(anonymous_21)
FNDA:54,(anonymous_22)
FNDA:2,(anonymous_23)
FNDA:5,(anonymous_24)
FNDA:4,(anonymous_25)
FNDA:6,(anonymous_26)
FNDA:5,(anonymous_27)
FNDA:2,(anonymous_28)
FNDA:48,(anonymous_29)
FNDA:108,(anonymous_30)
FNDA:3,(anonymous_31)
FNDA:9,(anonymous_32)
DA:10,3
DA:46,102
DA:47,102
DA:48,102
DA:52,102
DA:53,102
DA:54,102
DA:62,8
DA:71,8
DA:72,2
DA:75,6
DA:76,6
DA:90,6
DA:91,6
DA:92,6
DA:95,6
DA:97,6
DA:101,5
DA:102,5
DA:103,1
DA:105,5
DA:106,1
DA:109,5
DA:110,5
DA:111,2
DA:114,3
DA:115,3
DA:116,3
DA:117,3
DA:119,3
DA:123,5
DA:124,5
DA:126,4
DA:127,4
DA:129,2
DA:130,2
DA:131,2
DA:132,2
DA:136,5
DA:142,5
DA:143,5
DA:144,4
DA:145,4
DA:146,4
DA:147,4
DA:152,6
DA:158,6
DA:159,6
DA:160,5
DA:161,5
DA:162,5
DA:163,5
DA:168,6
DA:170,6
DA:171,6
DA:172,5
DA:173,5
DA:174,5
DA:175,5
DA:176,5
DA:181,4
DA:182,4
DA:183,4
DA:184,4
DA:188,9
DA:196,9
DA:197,2
DA:200,7
DA:201,7
DA:215,7
DA:216,7
DA:217,7
DA:219,7
DA:227,102
DA:228,2
DA:240,2
DA:241,2
DA:242,2
DA:245,102
DA:246,6
DA:247,6
DA:248,5
DA:249,5
DA:250,5
DA:251,5
DA:252,5
DA:253,5
DA:257,102
DA:258,5
DA:259,5
DA:260,4
DA:261,4
DA:262,4
DA:263,4
DA:264,4
DA:268,102
DA:269,4
DA:270,4
DA:271,2
DA:272,2
DA:273,2
DA:274,2
DA:275,2
DA:276,2
DA:280,102
DA:281,7
DA:282,7
DA:283,6
DA:284,6
DA:285,6
DA:295,15
DA:299,1
DA:303,55
DA:304,13
DA:313,54
DA:314,2
DA:319,5
DA:323,6
DA:324,6
DA:326,5
DA:333,2
DA:340,102
DA:343,48
DA:344,48
DA:345,48
DA:347,1
DA:352,108
DA:353,108
DA:354,108
DA:355,108
DA:356,5
DA:357,3
DA:360,2
DA:369,9
LF:134
LH:134
BRDA:71,0,0,2
BRDA:71,0,1,6
BRDA:78,1,0,6
BRDA:78,1,1,1
BRDA:79,2,0,6
BRDA:79,2,1,1
BRDA:102,3,0,1
BRDA:102,3,1,4
BRDA:105,4,0,1
BRDA:105,4,1,4
BRDA:110,5,0,2
BRDA:110,5,1,3
BRDA:124,6,0,1
BRDA:124,6,1,4
BRDA:127,7,0,2
BRDA:127,7,1,2
BRDA:143,8,0,4
BRDA:143,8,1,1
BRDA:159,9,0,5
BRDA:159,9,1,1
BRDA:171,10,0,5
BRDA:171,10,1,1
BRDA:196,11,0,2
BRDA:196,11,1,7
BRDA:204,12,0,7
BRDA:204,12,1,1
BRDA:230,13,0,2
BRDA:230,13,1,1
BRDA:231,14,0,2
BRDA:231,14,1,1
BRDA:247,15,0,5
BRDA:247,15,1,1
BRDA:250,16,0,5
BRDA:250,16,1,1
BRDA:259,17,0,4
BRDA:259,17,1,1
BRDA:260,18,0,2
BRDA:260,18,1,2
BRDA:261,19,0,3
BRDA:261,19,1,1
BRDA:270,20,0,2
BRDA:270,20,1,2
BRDA:282,21,0,6
BRDA:282,21,1,1
BRDA:283,22,0,6
BRDA:283,22,1,2
BRDA:319,23,0,4
BRDA:319,23,1,3
BRDA:319,23,2,2
BRDA:326,24,0,5
BRDA:326,24,1,3
BRDA:326,24,2,2
BRDA:327,25,0,3
BRDA:327,25,1,2
BRDA:333,26,0,2
BRDA:333,26,1,1
BRDA:355,27,0,5
BRDA:355,27,1,103
BRDA:371,28,0,9
BRDA:371,28,1,1
BRDA:372,29,0,9
BRDA:372,29,1,1
BRDA:375,30,0,9
BRDA:375,30,1,4
BRDA:376,31,0,9
BRDA:376,31,1,5
BRDA:377,32,0,9
BRDA:377,32,1,5
BRDA:380,33,0,9
BRDA:380,33,1,8
BRDA:381,34,0,9
BRDA:381,34,1,8
BRDA:382,35,0,9
BRDA:382,35,1,5
BRF:74
BRH:74
end_of_record
TN:
SF:src/lib/theme-store.ts
FN:45,(anonymous_3)
FN:53,(anonymous_4)
FN:59,(anonymous_5)
FN:63,(anonymous_6)
FN:66,(anonymous_7)
FN:67,(anonymous_8)
FN:67,(anonymous_9)
FN:68,(anonymous_10)
FNF:8
FNH:8
FNDA:25,(anonymous_3)
FNDA:18,(anonymous_4)
FNDA:14,(anonymous_5)
FNDA:14,(anonymous_6)
FNDA:6,(anonymous_7)
FNDA:5,(anonymous_8)
FNDA:4,(anonymous_9)
FNDA:2,(anonymous_10)
DA:19,14
DA:41,4
DA:42,4
DA:43,4
DA:46,25
DA:47,4
DA:48,4
DA:49,4
DA:50,2
DA:54,18
DA:55,18
DA:56,14
DA:60,14
DA:62,14
DA:63,14
DA:66,6
DA:67,5
DA:68,2
DA:71,28
LF:19
LH:19
BRDA:46,0,0,21
BRDA:46,0,1,4
BRDA:46,1,0,25
BRDA:46,1,1,4
BRDA:49,2,0,2
BRDA:49,2,1,2
BRDA:49,3,0,4
BRDA:49,3,1,3
BRDA:55,4,0,4
BRDA:55,4,1,14
BRF:10
BRH:10
end_of_record
