TN:
SF:src/components/composer/Composer.tsx
FN:33,Composer
FN:50,(anonymous_5)
FN:62,(anonymous_6)
FN:83,(anonymous_7)
FN:94,(anonymous_8)
FN:99,(anonymous_9)
FN:100,(anonymous_10)
FN:102,(anonymous_11)
FN:106,(anonymous_12)
FN:112,(anonymous_13)
FN:119,(anonymous_14)
FN:123,(anonymous_15)
FN:133,(anonymous_16)
FN:138,(anonymous_17)
FN:144,(anonymous_18)
FN:199,(anonymous_19)
FN:200,(anonymous_20)
FNF:17
FNH:15
FNDA:100,Composer
FNDA:5,(anonymous_5)
FNDA:6,(anonymous_6)
FNDA:77,(anonymous_7)
FNDA:56,(anonymous_8)
FNDA:0,(anonymous_9)
FNDA:0,(anonymous_10)
FNDA:9,(anonymous_11)
FNDA:9,(anonymous_12)
FNDA:18,(anonymous_13)
FNDA:1,(anonymous_14)
FNDA:1,(anonymous_15)
FNDA:68,(anonymous_16)
FNDA:34,(anonymous_17)
FNDA:34,(anonymous_18)
FNDA:5,(anonymous_19)
FNDA:1,(anonymous_20)
DA:12,1
DA:17,1
DA:33,56
DA:42,100
DA:43,100
DA:44,100
DA:45,100
DA:46,100
DA:47,100
DA:48,100
DA:50,100
DA:51,5
DA:52,5
DA:54,3
DA:55,3
DA:56,3
DA:57,3
DA:58,3
DA:61,100
DA:64,6
DA:65,3
DA:66,3
DA:69,6
DA:70,1
DA:71,1
DA:74,6
DA:75,1
DA:76,1
DA:83,100
DA:84,77
DA:85,77
DA:86,77
DA:94,100
DA:95,56
DA:96,47
DA:97,47
DA:99,9
DA:100,0
DA:102,9
DA:106,100
DA:107,9
DA:108,9
DA:109,9
DA:112,100
DA:113,18
DA:114,18
DA:115,18
DA:116,18
DA:119,100
DA:120,1
DA:123,100
DA:124,1
DA:125,1
DA:126,1
DA:129,1
DA:133,100
DA:134,68
DA:135,68
DA:138,100
DA:139,34
DA:140,0
DA:141,0
DA:144,100
DA:145,34
DA:146,0
DA:147,0
DA:151,100
DA:152,100
DA:153,100
DA:154,100
DA:157,100
DA:199,5
DA:200,1
LF:73
LH:68
BRDA:52,0,0,2
BRDA:52,0,1,3
BRDA:52,1,0,5
BRDA:52,1,1,3
BRDA:52,1,2,3
BRDA:64,2,0,3
BRDA:64,2,1,3
BRDA:64,3,0,6
BRDA:64,3,1,4
BRDA:69,4,0,1
BRDA:69,4,1,5
BRDA:69,5,0,6
BRDA:69,5,1,4
BRDA:69,5,2,2
BRDA:74,6,0,1
BRDA:74,6,1,5
BRDA:74,7,0,6
BRDA:74,7,1,4
BRDA:74,7,2,2
BRDA:74,7,3,1
BRDA:84,8,0,77
BRDA:84,8,1,0
BRDA:95,9,0,47
BRDA:95,9,1,9
BRDA:124,10,0,1
BRDA:124,10,1,0
BRDA:125,11,0,1
BRDA:125,11,1,0
BRDA:125,12,0,1
BRDA:125,12,1,1
BRDA:134,13,0,0
BRDA:134,13,1,68
BRDA:139,14,0,34
BRDA:139,14,1,0
BRDA:140,15,0,0
BRDA:140,15,1,0
BRDA:145,16,0,34
BRDA:145,16,1,0
BRDA:146,17,0,0
BRDA:146,17,1,0
BRDA:152,18,0,34
BRDA:152,18,1,66
BRDA:153,19,0,34
BRDA:153,19,1,66
BRDA:154,20,0,34
BRDA:154,20,1,66
BRDA:157,21,0,100
BRDA:157,21,1,96
BRDA:157,21,2,60
BRDA:157,21,3,45
BRDA:157,21,4,11
BRDA:163,22,0,100
BRDA:171,23,0,7
BRDA:171,23,1,93
BRDA:182,24,0,100
BRDA:182,24,1,64
BRDA:202,25,0,9
BRDA:202,25,1,91
BRDA:206,26,0,100
BRDA:206,26,1,96
BRDA:206,26,2,9
BRDA:211,27,0,57
BRDA:211,27,1,43
BRDA:211,28,0,100
BRDA:211,28,1,64
BRDA:218,29,0,100
BRDA:221,30,0,99
BRDA:221,30,1,95
BRDA:232,31,0,100
BRDA:232,31,1,4
BRDA:239,32,0,100
BRDA:239,32,1,96
BRDA:256,33,0,100
BRDA:258,34,0,43
BRDA:264,35,0,43
BRDA:270,36,0,43
BRDA:271,37,0,43
BRDA:282,38,0,9
BRDA:294,39,0,91
BRDA:294,39,1,87
BRDA:309,40,0,100
BRDA:309,40,1,57
BRF:82
BRH:72
end_of_record
TN:
SF:src/lib/protocol.ts
FN:30,(anonymous_3)
FN:37,(anonymous_4)
FN:38,(anonymous_5)
FN:41,(anonymous_6)
FN:50,(anonymous_7)
FN:51,(anonymous_8)
FN:52,(anonymous_9)
FN:53,(anonymous_10)
FN:57,(anonymous_11)
FN:58,(anonymous_12)
FN:59,(anonymous_13)
FN:60,(anonymous_14)
FN:61,(anonymous_15)
FN:62,(anonymous_16)
FN:63,(anonymous_17)
FN:65,(anonymous_18)
FN:71,(anonymous_19)
FN:76,(anonymous_20)
FN:77,(anonymous_21)
FN:78,(anonymous_22)
FN:79,(anonymous_23)
FN:81,(anonymous_24)
FN:85,(anonymous_25)
FN:87,(anonymous_26)
FN:90,(anonymous_27)
FN:92,(anonymous_28)
FN:95,(anonymous_29)
FN:99,(anonymous_30)
FN:102,(anonymous_31)
FN:104,(anonymous_32)
FN:110,(anonymous_33)
FNF:31
FNH:17
FNDA:61,(anonymous_3)
FNDA:0,(anonymous_4)
FNDA:0,(anonymous_5)
FNDA:8,(anonymous_6)
FNDA:0,(anonymous_7)
FNDA:0,(anonymous_8)
FNDA:0,(anonymous_9)
FNDA:0,(anonymous_10)
FNDA:2,(anonymous_11)
FNDA:1,(anonymous_12)
FNDA:4,(anonymous_13)
FNDA:2,(anonymous_14)
FNDA:1,(anonymous_15)
FNDA:10,(anonymous_16)
FNDA:2,(anonymous_17)
FNDA:189,(anonymous_18)
FNDA:1,(anonymous_19)
FNDA:2,(anonymous_20)
FNDA:1,(anonymous_21)
FNDA:2,(anonymous_22)
FNDA:1,(anonymous_23)
FNDA:0,(anonymous_24)
FNDA:0,(anonymous_25)
FNDA:0,(anonymous_26)
FNDA:10,(anonymous_27)
FNDA:0,(anonymous_28)
FNDA:0,(anonymous_29)
FNDA:0,(anonymous_30)
FNDA:0,(anonymous_31)
FNDA:0,(anonymous_32)
FNDA:2,(anonymous_33)
DA:15,61
DA:16,61
DA:17,61
DA:18,61
DA:19,61
DA:20,61
DA:21,61
DA:22,61
DA:23,61
DA:24,61
DA:25,61
DA:26,61
DA:27,61
DA:28,61
DA:31,61
DA:32,61
DA:33,61
DA:34,60
DA:38,0
DA:42,8
DA:43,0
DA:44,0
DA:46,8
DA:47,8
DA:48,8
DA:49,8
DA:50,8
DA:51,8
DA:52,8
DA:53,8
DA:54,0
DA:57,2
DA:58,1
DA:59,4
DA:60,2
DA:61,1
DA:62,10
DA:63,2
DA:66,189
DA:67,189
DA:68,189
DA:72,1
DA:73,1
DA:76,2
DA:77,1
DA:78,2
DA:79,1
DA:82,0
DA:83,0
DA:84,0
DA:85,0
DA:86,0
DA:87,0
DA:91,10
DA:92,10
DA:96,0
DA:97,0
DA:98,0
DA:99,0
DA:103,0
DA:104,0
DA:105,0
DA:106,0
DA:110,2
DA:113,204
LF:65
LH:47
BRDA:31,0,0,1
BRDA:31,0,1,60
BRDA:32,1,0,1
BRDA:32,1,1,60
BRDA:33,2,0,1
BRDA:33,2,1,60
BRDA:34,3,0,0
BRDA:34,3,1,60
BRDA:34,4,0,60
BRDA:34,4,1,60
BRDA:42,5,0,0
BRDA:42,5,1,8
BRDA:42,6,0,8
BRDA:42,6,1,8
BRDA:42,6,2,0
BRDA:43,7,0,0
BRDA:43,7,1,0
BRDA:52,8,0,0
BRDA:52,8,1,0
BRDA:52,9,0,0
BRDA:52,9,1,0
BRDA:52,10,0,0
BRDA:52,10,1,0
BRDA:57,11,0,2
BRDA:57,11,1,0
BRDA:60,12,0,1
BRDA:60,12,1,1
BRDA:61,13,0,1
BRDA:61,13,1,0
BRDA:66,14,0,1
BRDA:66,14,1,188
BRDA:67,15,0,184
BRDA:67,15,1,5
BRDA:72,16,0,0
BRDA:72,16,1,1
BRDA:77,17,0,1
BRDA:77,17,1,0
BRDA:79,18,0,1
BRDA:79,18,1,0
BRDA:85,19,0,0
BRDA:85,19,1,0
BRDA:87,20,0,0
BRDA:87,20,1,0
BRDA:92,21,0,0
BRDA:92,21,1,0
BRDA:105,22,0,0
BRDA:105,22,1,0
BRDA:110,23,0,0
BRDA:110,23,1,2
BRF:49
BRH:24
end_of_record
TN:
SF:src/lib/session-store.ts
FN:51,(anonymous_1)
FN:61,(anonymous_2)
FN:100,(anonymous_3)
FN:115,(anonymous_4)
FN:116,(anonymous_5)
FN:122,(anonymous_6)
FN:135,(anonymous_7)
FN:151,(anonymous_8)
FN:167,(anonymous_9)
FN:180,(anonymous_10)
FN:187,(anonymous_11)
FN:226,(anonymous_12)
FN:227,(anonymous_13)
FN:245,(anonymous_14)
FN:257,(anonymous_15)
FN:268,(anonymous_16)
FN:280,(anonymous_17)
FN:294,(anonymous_18)
FN:298,(anonymous_19)
FN:302,(anonymous_20)
FN:303,(anonymous_21)
FN:312,(anonymous_22)
FN:314,(anonymous_23)
FN:318,(anonymous_24)
FN:319,(anonymous_25)
FN:322,(anonymous_26)
FN:325,(anonymous_27)
FN:332,(anonymous_28)
FN:342,(anonymous_29)
FN:351,(anonymous_30)
FN:357,(anonymous_31)
FN:368,(anonymous_32)
FNF:32
FNH:21
FNDA:37,(anonymous_1)
FNDA:1,(anonymous_2)
FNDA:1,(anonymous_3)
FNDA:0,(anonymous_4)
FNDA:0,(anonymous_5)
FNDA:1,(anonymous_6)
FNDA:0,(anonymous_7)
FNDA:0,(anonymous_8)
FNDA:0,(anonymous_9)
FNDA:0,(anonymous_10)
FNDA:1,(anonymous_11)
FNDA:37,(anonymous_12)
FNDA:0,(anonymous_13)
FNDA:0,(anonymous_14)
FNDA:0,(anonymous_15)
FNDA:0,(anonymous_16)
FNDA:0,(anonymous_17)
FNDA:3,(anonymous_18)
FNDA:1,(anonymous_19)
FNDA:1,(anonymous_20)
FNDA:1,(anonymous_21)
FNDA:14,(anonymous_22)
FNDA:2,(anonymous_23)
FNDA:5,(anonymous_24)
FNDA:4,(anonymous_25)
FNDA:6,(anonymous_26)
FNDA:5,(anonymous_27)
FNDA:2,(anonymous_28)
FNDA:2,(anonymous_29)
FNDA:38,(anonymous_30)
FNDA:2,(anonymous_31)
FNDA:4,(anonymous_32)
DA:10,1
DA:46,37
DA:47,37
DA:48,37
DA:52,37
DA:53,37
DA:54,37
DA:62,1
DA:71,1
DA:72,1
DA:75,0
DA:76,0
DA:90,0
DA:91,0
DA:92,0
DA:95,0
DA:97,0
DA:101,1
DA:102,1
DA:103,0
DA:105,1
DA:106,0
DA:109,1
DA:110,1
DA:111,1
DA:114,0
DA:115,0
DA:116,0
DA:117,0
DA:119,0
DA:123,1
DA:124,1
DA:126,1
DA:127,1
DA:129,0
DA:130,0
DA:131,0
DA:132,0
DA:136,0
DA:142,0
DA:143,0
DA:144,0
DA:145,0
DA:146,0
DA:147,0
DA:152,0
DA:158,0
DA:159,0
DA:160,0
DA:161,0
DA:162,0
DA:163,0
DA:168,0
DA:170,0
DA:171,0
DA:172,0
DA:173,0
DA:174,0
DA:175,0
DA:176,0
DA:181,0
DA:182,0
DA:183,0
DA:184,0
DA:188,1
DA:196,1
DA:197,1
DA:200,0
DA:201,0
DA:215,0
DA:216,0
DA:217,0
DA:219,0
DA:227,37
DA:228,0
DA:240,0
DA:241,0
DA:242,0
DA:245,37
DA:246,0
DA:247,0
DA:248,0
DA:249,0
DA:250,0
DA:251,0
DA:252,0
DA:253,0
DA:257,37
DA:258,0
DA:259,0
DA:260,0
DA:261,0
DA:262,0
DA:263,0
DA:264,0
DA:268,37
DA:269,0
DA:270,0
DA:271,0
DA:272,0
DA:273,0
DA:274,0
DA:275,0
DA:276,0
DA:280,37
DA:281,0
DA:282,0
DA:283,0
DA:284,0
DA:285,0
DA:295,3
DA:299,1
DA:303,1
DA:304,1
DA:313,14
DA:314,2
DA:319,5
DA:323,6
DA:324,6
DA:326,5
DA:333,2
DA:340,37
DA:343,2
DA:344,2
DA:345,2
DA:347,0
DA:352,38
DA:353,38
DA:354,38
DA:355,38
DA:356,2
DA:357,2
DA:360,0
DA:369,4
LF:134
LH:50
BRDA:71,0,0,1
BRDA:71,0,1,0
BRDA:78,1,0,0
BRDA:78,1,1,0
BRDA:79,2,0,0
BRDA:79,2,1,0
BRDA:102,3,0,0
BRDA:102,3,1,1
BRDA:105,4,0,0
BRDA:105,4,1,1
BRDA:110,5,0,1
BRDA:110,5,1,0
BRDA:124,6,0,0
BRDA:124,6,1,1
BRDA:127,7,0,1
BRDA:127,7,1,0
BRDA:143,8,0,0
BRDA:143,8,1,0
BRDA:159,9,0,0
BRDA:159,9,1,0
BRDA:171,10,0,0
BRDA:171,10,1,0
BRDA:196,11,0,1
BRDA:196,11,1,0
BRDA:204,12,0,0
BRDA:204,12,1,0
BRDA:230,13,0,0
BRDA:230,13,1,0
BRDA:231,14,0,0
BRDA:231,14,1,0
BRDA:247,15,0,0
BRDA:247,15,1,0
BRDA:250,16,0,0
BRDA:250,16,1,0
BRDA:259,17,0,0
BRDA:259,17,1,0
BRDA:260,18,0,0
BRDA:260,18,1,0
BRDA:261,19,0,0
BRDA:261,19,1,0
BRDA:270,20,0,0
BRDA:270,20,1,0
BRDA:282,21,0,0
BRDA:282,21,1,0
BRDA:283,22,0,0
BRDA:283,22,1,0
BRDA:319,23,0,4
BRDA:319,23,1,3
BRDA:319,23,2,2
BRDA:326,24,0,5
BRDA:326,24,1,3
BRDA:326,24,2,2
BRDA:327,25,0,3
BRDA:327,25,1,2
BRDA:333,26,0,2
BRDA:333,26,1,1
BRDA:343,27,0,0
BRDA:343,27,1,2
BRDA:352,28,0,0
BRDA:352,28,1,38
BRDA:355,29,0,2
BRDA:355,29,1,36
BRDA:371,30,0,4
BRDA:371,30,1,1
BRDA:372,31,0,4
BRDA:372,31,1,1
BRDA:375,32,0,4
BRDA:375,32,1,3
BRDA:376,33,0,4
BRDA:376,33,1,3
BRDA:377,34,0,4
BRDA:377,34,1,3
BRDA:380,35,0,4
BRDA:380,35,1,3
BRDA:381,36,0,4
BRDA:381,36,1,3
BRDA:382,37,0,4
BRDA:382,37,1,3
BRF:78
BRH:37
end_of_record
TN:
SF:src/lib/theme-store.ts
FN:45,(anonymous_3)
FN:53,(anonymous_4)
FN:59,(anonymous_5)
FN:62,(anonymous_6)
FN:65,(anonymous_7)
FN:66,(anonymous_8)
FN:66,(anonymous_9)
FN:67,(anonymous_10)
FNF:8
FNH:8
FNDA:25,(anonymous_3)
FNDA:18,(anonymous_4)
FNDA:14,(anonymous_5)
FNDA:14,(anonymous_6)
FNDA:6,(anonymous_7)
FNDA:5,(anonymous_8)
FNDA:4,(anonymous_9)
FNDA:2,(anonymous_10)
DA:19,14
DA:41,4
DA:42,4
DA:43,4
DA:46,25
DA:47,4
DA:48,4
DA:49,4
DA:50,2
DA:54,18
DA:55,18
DA:56,14
DA:60,14
DA:61,14
DA:62,14
DA:65,6
DA:66,5
DA:67,2
DA:70,28
LF:19
LH:19
BRDA:46,0,0,21
BRDA:46,0,1,4
BRDA:46,1,0,25
BRDA:46,1,1,4
BRDA:49,2,0,2
BRDA:49,2,1,2
BRDA:49,3,0,4
BRDA:49,3,1,3
BRDA:54,4,0,0
BRDA:54,4,1,18
BRDA:55,5,0,4
BRDA:55,5,1,14
BRDA:61,6,0,14
BRDA:61,6,1,0
BRF:14
BRH:12
end_of_record
